CRITICAL - 2023-12-08 07:33:42 --> Declaration of App\Controllers\MainController::delete() must be compatible with CodeIgniter\RESTful\ResourceController::delete($id = null)
in APPPATH\Controllers\MainController.php on line 37.
 1 [internal function]: CodeIgniter\Debug\Exceptions->shutdownHandler()
CRITICAL - 2023-12-08 07:33:43 --> Declaration of App\Controllers\MainController::delete() must be compatible with CodeIgniter\RESTful\ResourceController::delete($id = null)
in APPPATH\Controllers\MainController.php on line 37.
 1 [internal function]: CodeIgniter\Debug\Exceptions->shutdownHandler()
CRITICAL - 2023-12-08 07:33:43 --> Declaration of App\Controllers\MainController::delete() must be compatible with CodeIgniter\RESTful\ResourceController::delete($id = null)
in APPPATH\Controllers\MainController.php on line 37.
 1 [internal function]: CodeIgniter\Debug\Exceptions->shutdownHandler()
CRITICAL - 2023-12-08 07:33:43 --> Declaration of App\Controllers\MainController::delete() must be compatible with CodeIgniter\RESTful\ResourceController::delete($id = null)
in APPPATH\Controllers\MainController.php on line 37.
 1 [internal function]: CodeIgniter\Debug\Exceptions->shutdownHandler()
CRITICAL - 2023-12-08 07:34:03 --> Declaration of App\Controllers\MainController::delete() must be compatible with CodeIgniter\RESTful\ResourceController::delete($id = null)
in APPPATH\Controllers\MainController.php on line 37.
 1 [internal function]: CodeIgniter\Debug\Exceptions->shutdownHandler()
CRITICAL - 2023-12-08 07:34:03 --> Declaration of App\Controllers\MainController::delete() must be compatible with CodeIgniter\RESTful\ResourceController::delete($id = null)
in APPPATH\Controllers\MainController.php on line 37.
 1 [internal function]: CodeIgniter\Debug\Exceptions->shutdownHandler()
CRITICAL - 2023-12-08 07:34:03 --> Declaration of App\Controllers\MainController::delete() must be compatible with CodeIgniter\RESTful\ResourceController::delete($id = null)
in APPPATH\Controllers\MainController.php on line 37.
 1 [internal function]: CodeIgniter\Debug\Exceptions->shutdownHandler()
CRITICAL - 2023-12-08 07:34:03 --> Declaration of App\Controllers\MainController::delete() must be compatible with CodeIgniter\RESTful\ResourceController::delete($id = null)
in APPPATH\Controllers\MainController.php on line 37.
 1 [internal function]: CodeIgniter\Debug\Exceptions->shutdownHandler()
CRITICAL - 2023-12-08 07:34:11 --> Declaration of App\Controllers\MainController::delete() must be compatible with CodeIgniter\RESTful\ResourceController::delete($id = null)
in APPPATH\Controllers\MainController.php on line 37.
 1 [internal function]: CodeIgniter\Debug\Exceptions->shutdownHandler()
CRITICAL - 2023-12-08 07:34:11 --> Declaration of App\Controllers\MainController::delete() must be compatible with CodeIgniter\RESTful\ResourceController::delete($id = null)
in APPPATH\Controllers\MainController.php on line 37.
 1 [internal function]: CodeIgniter\Debug\Exceptions->shutdownHandler()
CRITICAL - 2023-12-08 07:34:11 --> Declaration of App\Controllers\MainController::delete() must be compatible with CodeIgniter\RESTful\ResourceController::delete($id = null)
in APPPATH\Controllers\MainController.php on line 37.
 1 [internal function]: CodeIgniter\Debug\Exceptions->shutdownHandler()
CRITICAL - 2023-12-08 07:34:11 --> Declaration of App\Controllers\MainController::delete() must be compatible with CodeIgniter\RESTful\ResourceController::delete($id = null)
in APPPATH\Controllers\MainController.php on line 37.
 1 [internal function]: CodeIgniter\Debug\Exceptions->shutdownHandler()
CRITICAL - 2023-12-08 07:36:59 --> Declaration of App\Controllers\MainController::delete() must be compatible with CodeIgniter\RESTful\ResourceController::delete($id = null)
in APPPATH\Controllers\MainController.php on line 37.
 1 [internal function]: CodeIgniter\Debug\Exceptions->shutdownHandler()
CRITICAL - 2023-12-08 07:36:59 --> Declaration of App\Controllers\MainController::delete() must be compatible with CodeIgniter\RESTful\ResourceController::delete($id = null)
in APPPATH\Controllers\MainController.php on line 37.
 1 [internal function]: CodeIgniter\Debug\Exceptions->shutdownHandler()
CRITICAL - 2023-12-08 07:36:59 --> Declaration of App\Controllers\MainController::delete() must be compatible with CodeIgniter\RESTful\ResourceController::delete($id = null)
in APPPATH\Controllers\MainController.php on line 37.
 1 [internal function]: CodeIgniter\Debug\Exceptions->shutdownHandler()
CRITICAL - 2023-12-08 07:36:59 --> Declaration of App\Controllers\MainController::delete() must be compatible with CodeIgniter\RESTful\ResourceController::delete($id = null)
in APPPATH\Controllers\MainController.php on line 37.
 1 [internal function]: CodeIgniter\Debug\Exceptions->shutdownHandler()
CRITICAL - 2023-12-08 07:37:02 --> Declaration of App\Controllers\MainController::delete() must be compatible with CodeIgniter\RESTful\ResourceController::delete($id = null)
in APPPATH\Controllers\MainController.php on line 37.
 1 [internal function]: CodeIgniter\Debug\Exceptions->shutdownHandler()
CRITICAL - 2023-12-08 07:37:02 --> Declaration of App\Controllers\MainController::delete() must be compatible with CodeIgniter\RESTful\ResourceController::delete($id = null)
in APPPATH\Controllers\MainController.php on line 37.
 1 [internal function]: CodeIgniter\Debug\Exceptions->shutdownHandler()
CRITICAL - 2023-12-08 07:37:02 --> Declaration of App\Controllers\MainController::delete() must be compatible with CodeIgniter\RESTful\ResourceController::delete($id = null)
in APPPATH\Controllers\MainController.php on line 37.
 1 [internal function]: CodeIgniter\Debug\Exceptions->shutdownHandler()
CRITICAL - 2023-12-08 07:37:02 --> Declaration of App\Controllers\MainController::delete() must be compatible with CodeIgniter\RESTful\ResourceController::delete($id = null)
in APPPATH\Controllers\MainController.php on line 37.
 1 [internal function]: CodeIgniter\Debug\Exceptions->shutdownHandler()
CRITICAL - 2023-12-08 07:38:16 --> Declaration of App\Controllers\MainController::delete() must be compatible with CodeIgniter\RESTful\ResourceController::delete($id = null)
in APPPATH\Controllers\MainController.php on line 37.
 1 [internal function]: CodeIgniter\Debug\Exceptions->shutdownHandler()
CRITICAL - 2023-12-08 07:38:16 --> Declaration of App\Controllers\MainController::delete() must be compatible with CodeIgniter\RESTful\ResourceController::delete($id = null)
in APPPATH\Controllers\MainController.php on line 37.
 1 [internal function]: CodeIgniter\Debug\Exceptions->shutdownHandler()
CRITICAL - 2023-12-08 07:38:16 --> Declaration of App\Controllers\MainController::delete() must be compatible with CodeIgniter\RESTful\ResourceController::delete($id = null)
in APPPATH\Controllers\MainController.php on line 37.
 1 [internal function]: CodeIgniter\Debug\Exceptions->shutdownHandler()
CRITICAL - 2023-12-08 07:38:16 --> Declaration of App\Controllers\MainController::delete() must be compatible with CodeIgniter\RESTful\ResourceController::delete($id = null)
in APPPATH\Controllers\MainController.php on line 37.
 1 [internal function]: CodeIgniter\Debug\Exceptions->shutdownHandler()
CRITICAL - 2023-12-08 07:50:24 --> Declaration of App\Controllers\MainController::delete() must be compatible with CodeIgniter\RESTful\ResourceController::delete($id = null)
in APPPATH\Controllers\MainController.php on line 37.
 1 [internal function]: CodeIgniter\Debug\Exceptions->shutdownHandler()
CRITICAL - 2023-12-08 07:50:24 --> Declaration of App\Controllers\MainController::delete() must be compatible with CodeIgniter\RESTful\ResourceController::delete($id = null)
in APPPATH\Controllers\MainController.php on line 37.
 1 [internal function]: CodeIgniter\Debug\Exceptions->shutdownHandler()
CRITICAL - 2023-12-08 07:50:24 --> Declaration of App\Controllers\MainController::delete() must be compatible with CodeIgniter\RESTful\ResourceController::delete($id = null)
in APPPATH\Controllers\MainController.php on line 37.
 1 [internal function]: CodeIgniter\Debug\Exceptions->shutdownHandler()
CRITICAL - 2023-12-08 07:50:24 --> Declaration of App\Controllers\MainController::delete() must be compatible with CodeIgniter\RESTful\ResourceController::delete($id = null)
in APPPATH\Controllers\MainController.php on line 37.
 1 [internal function]: CodeIgniter\Debug\Exceptions->shutdownHandler()
CRITICAL - 2023-12-08 07:51:00 --> Declaration of App\Controllers\MainController::delete() must be compatible with CodeIgniter\RESTful\ResourceController::delete($id = null)
in APPPATH\Controllers\MainController.php on line 37.
 1 [internal function]: CodeIgniter\Debug\Exceptions->shutdownHandler()
CRITICAL - 2023-12-08 07:51:00 --> Declaration of App\Controllers\MainController::delete() must be compatible with CodeIgniter\RESTful\ResourceController::delete($id = null)
in APPPATH\Controllers\MainController.php on line 37.
 1 [internal function]: CodeIgniter\Debug\Exceptions->shutdownHandler()
CRITICAL - 2023-12-08 07:51:00 --> Declaration of App\Controllers\MainController::delete() must be compatible with CodeIgniter\RESTful\ResourceController::delete($id = null)
in APPPATH\Controllers\MainController.php on line 37.
 1 [internal function]: CodeIgniter\Debug\Exceptions->shutdownHandler()
CRITICAL - 2023-12-08 07:51:00 --> Declaration of App\Controllers\MainController::delete() must be compatible with CodeIgniter\RESTful\ResourceController::delete($id = null)
in APPPATH\Controllers\MainController.php on line 37.
 1 [internal function]: CodeIgniter\Debug\Exceptions->shutdownHandler()
CRITICAL - 2023-12-08 07:54:00 --> Declaration of App\Controllers\MainController::delete($feed_id) must be compatible with CodeIgniter\RESTful\ResourceController::delete($id = null)
in APPPATH\Controllers\MainController.php on line 37.
 1 [internal function]: CodeIgniter\Debug\Exceptions->shutdownHandler()
CRITICAL - 2023-12-08 07:54:00 --> Declaration of App\Controllers\MainController::delete($feed_id) must be compatible with CodeIgniter\RESTful\ResourceController::delete($id = null)
in APPPATH\Controllers\MainController.php on line 37.
 1 [internal function]: CodeIgniter\Debug\Exceptions->shutdownHandler()
CRITICAL - 2023-12-08 07:54:00 --> Declaration of App\Controllers\MainController::delete($feed_id) must be compatible with CodeIgniter\RESTful\ResourceController::delete($id = null)
in APPPATH\Controllers\MainController.php on line 37.
 1 [internal function]: CodeIgniter\Debug\Exceptions->shutdownHandler()
CRITICAL - 2023-12-08 07:54:00 --> Declaration of App\Controllers\MainController::delete($feed_id) must be compatible with CodeIgniter\RESTful\ResourceController::delete($id = null)
in APPPATH\Controllers\MainController.php on line 37.
 1 [internal function]: CodeIgniter\Debug\Exceptions->shutdownHandler()
CRITICAL - 2023-12-08 13:54:19 --> There is no data to update.
in SYSTEMPATH\BaseModel.php on line 930.
 1 SYSTEMPATH\BaseModel.php(930): CodeIgniter\Database\Exceptions\DataException::forEmptyDataset('update')
 2 SYSTEMPATH\Model.php(776): CodeIgniter\BaseModel->update([...], [])
 3 APPPATH\Controllers\MainController.php(173): CodeIgniter\Model->update('71', [...])
 4 SYSTEMPATH\CodeIgniter.php(942): App\Controllers\MainController->updateBookingStatus('71')
 5 SYSTEMPATH\CodeIgniter.php(502): CodeIgniter\CodeIgniter->runController(Object(App\Controllers\MainController))
 6 SYSTEMPATH\CodeIgniter.php(361): CodeIgniter\CodeIgniter->handleRequest(null, Object(Config\Cache), false)
 7 FCPATH\index.php(86): CodeIgniter\CodeIgniter->run()
 8 SYSTEMPATH\Commands\Server\rewrite.php(47): require_once('C:\\laragon\\www\\BALMES-CARINGAL-MANALO-FINALPROJECT\\backend\\public\\index.php')
CRITICAL - 2023-12-08 13:55:35 --> There is no data to update.
in SYSTEMPATH\BaseModel.php on line 930.
 1 SYSTEMPATH\BaseModel.php(930): CodeIgniter\Database\Exceptions\DataException::forEmptyDataset('update')
 2 SYSTEMPATH\Model.php(776): CodeIgniter\BaseModel->update([...], [])
 3 APPPATH\Controllers\MainController.php(182): CodeIgniter\Model->update('71', [...])
 4 SYSTEMPATH\CodeIgniter.php(942): App\Controllers\MainController->updateBookingStatus('71')
 5 SYSTEMPATH\CodeIgniter.php(502): CodeIgniter\CodeIgniter->runController(Object(App\Controllers\MainController))
 6 SYSTEMPATH\CodeIgniter.php(361): CodeIgniter\CodeIgniter->handleRequest(null, Object(Config\Cache), false)
 7 FCPATH\index.php(86): CodeIgniter\CodeIgniter->run()
 8 SYSTEMPATH\Commands\Server\rewrite.php(47): require_once('C:\\laragon\\www\\BALMES-CARINGAL-MANALO-FINALPROJECT\\backend\\public\\index.php')
CRITICAL - 2023-12-08 14:22:58 --> Cannot redeclare App\Controllers\MainController::updateBookingStatus()
in APPPATH\Controllers\MainController.php on line 252.
 1 [internal function]: CodeIgniter\Debug\Exceptions->shutdownHandler()
CRITICAL - 2023-12-08 14:22:58 --> Cannot redeclare App\Controllers\MainController::updateBookingStatus()
in APPPATH\Controllers\MainController.php on line 252.
 1 [internal function]: CodeIgniter\Debug\Exceptions->shutdownHandler()
CRITICAL - 2023-12-08 14:22:58 --> Cannot redeclare App\Controllers\MainController::updateBookingStatus()
in APPPATH\Controllers\MainController.php on line 252.
 1 [internal function]: CodeIgniter\Debug\Exceptions->shutdownHandler()
