ERROR - 2023-11-22 09:21:51 --> mysqli_sql_exception: Table 'crud.pool' doesn't exist in C:\Users\PC\laragon\www\BALMES-CARINGAL-MANALO-FINALPROJECT\backend\system\Database\MySQLi\Connection.php:306
Stack trace:
#0 C:\Users\PC\laragon\www\BALMES-CARINGAL-MANALO-FINALPROJECT\backend\system\Database\MySQLi\Connection.php(306): mysqli->query('SELECT *\nFROM `...', 0)
#1 C:\Users\PC\laragon\www\BALMES-CARINGAL-MANALO-FINALPROJECT\backend\system\Database\BaseConnection.php(693): CodeIgniter\Database\MySQLi\Connection->execute('SELECT *\nFROM `...')
#2 C:\Users\PC\laragon\www\BALMES-CARINGAL-MANALO-FINALPROJECT\backend\system\Database\BaseConnection.php(607): CodeIgniter\Database\BaseConnection->simpleQuery('SELECT *\nFROM `...')
#3 C:\Users\PC\laragon\www\BALMES-CARINGAL-MANALO-FINALPROJECT\backend\system\Database\BaseBuilder.php(1615): CodeIgniter\Database\BaseConnection->query('SELECT *\nFROM `...', Array, false)
#4 C:\Users\PC\laragon\www\BALMES-CARINGAL-MANALO-FINALPROJECT\backend\system\Model.php(237): CodeIgniter\Database\BaseBuilder->get()
#5 C:\Users\PC\laragon\www\BALMES-CARINGAL-MANALO-FINALPROJECT\backend\system\BaseModel.php(624): CodeIgniter\Model->doFindAll(0, 0)
#6 C:\Users\PC\laragon\www\BALMES-CARINGAL-MANALO-FINALPROJECT\backend\app\Controllers\MainController.php(37): CodeIgniter\BaseModel->findAll()
#7 C:\Users\PC\laragon\www\BALMES-CARINGAL-MANALO-FINALPROJECT\backend\system\CodeIgniter.php(942): App\Controllers\MainController->getPool()
#8 C:\Users\PC\laragon\www\BALMES-CARINGAL-MANALO-FINALPROJECT\backend\system\CodeIgniter.php(502): CodeIgniter\CodeIgniter->runController(Object(App\Controllers\MainController))
#9 C:\Users\PC\laragon\www\BALMES-CARINGAL-MANALO-FINALPROJECT\backend\system\CodeIgniter.php(361): CodeIgniter\CodeIgniter->handleRequest(NULL, Object(Config\Cache), false)
#10 C:\Users\PC\laragon\www\BALMES-CARINGAL-MANALO-FINALPROJECT\backend\public\index.php(85): CodeIgniter\CodeIgniter->run()
#11 C:\Users\PC\laragon\www\BALMES-CARINGAL-MANALO-FINALPROJECT\backend\system\Commands\Server\rewrite.php(47): require_once('C:\\Users\\PC\\lar...')
#12 {main}
CRITICAL - 2023-11-22 09:21:51 --> Table 'crud.pool' doesn't exist
in SYSTEMPATH\Database\BaseConnection.php on line 647.
 1 SYSTEMPATH\Database\BaseBuilder.php(1615): CodeIgniter\Database\BaseConnection->query('SELECT *
FROM `pool`', [], false)
 2 SYSTEMPATH\Model.php(237): CodeIgniter\Database\BaseBuilder->get()
 3 SYSTEMPATH\BaseModel.php(624): CodeIgniter\Model->doFindAll(0, 0)
 4 APPPATH\Controllers\MainController.php(37): CodeIgniter\BaseModel->findAll()
 5 SYSTEMPATH\CodeIgniter.php(942): App\Controllers\MainController->getPool()
 6 SYSTEMPATH\CodeIgniter.php(502): CodeIgniter\CodeIgniter->runController(Object(App\Controllers\MainController))
 7 SYSTEMPATH\CodeIgniter.php(361): CodeIgniter\CodeIgniter->handleRequest(null, Object(Config\Cache), false)
 8 FCPATH\index.php(85): CodeIgniter\CodeIgniter->run()
 9 SYSTEMPATH\Commands\Server\rewrite.php(47): require_once('C:\\Users\\PC\\laragon\\www\\BALMES-CARINGAL-MANALO-FINALPROJECT\\backend\\public\\index.php')
ERROR - 2023-11-22 09:42:57 --> mysqli_sql_exception: Table 'crud.pool' doesn't exist in C:\Users\PC\laragon\www\BALMES-CARINGAL-MANALO-FINALPROJECT\backend\system\Database\MySQLi\Connection.php:306
Stack trace:
#0 C:\Users\PC\laragon\www\BALMES-CARINGAL-MANALO-FINALPROJECT\backend\system\Database\MySQLi\Connection.php(306): mysqli->query('SELECT *\nFROM `...', 0)
#1 C:\Users\PC\laragon\www\BALMES-CARINGAL-MANALO-FINALPROJECT\backend\system\Database\BaseConnection.php(693): CodeIgniter\Database\MySQLi\Connection->execute('SELECT *\nFROM `...')
#2 C:\Users\PC\laragon\www\BALMES-CARINGAL-MANALO-FINALPROJECT\backend\system\Database\BaseConnection.php(607): CodeIgniter\Database\BaseConnection->simpleQuery('SELECT *\nFROM `...')
#3 C:\Users\PC\laragon\www\BALMES-CARINGAL-MANALO-FINALPROJECT\backend\system\Database\BaseBuilder.php(1615): CodeIgniter\Database\BaseConnection->query('SELECT *\nFROM `...', Array, false)
#4 C:\Users\PC\laragon\www\BALMES-CARINGAL-MANALO-FINALPROJECT\backend\system\Model.php(237): CodeIgniter\Database\BaseBuilder->get()
#5 C:\Users\PC\laragon\www\BALMES-CARINGAL-MANALO-FINALPROJECT\backend\system\BaseModel.php(624): CodeIgniter\Model->doFindAll(0, 0)
#6 C:\Users\PC\laragon\www\BALMES-CARINGAL-MANALO-FINALPROJECT\backend\app\Controllers\MainController.php(37): CodeIgniter\BaseModel->findAll()
#7 C:\Users\PC\laragon\www\BALMES-CARINGAL-MANALO-FINALPROJECT\backend\system\CodeIgniter.php(942): App\Controllers\MainController->getPool()
#8 C:\Users\PC\laragon\www\BALMES-CARINGAL-MANALO-FINALPROJECT\backend\system\CodeIgniter.php(502): CodeIgniter\CodeIgniter->runController(Object(App\Controllers\MainController))
#9 C:\Users\PC\laragon\www\BALMES-CARINGAL-MANALO-FINALPROJECT\backend\system\CodeIgniter.php(361): CodeIgniter\CodeIgniter->handleRequest(NULL, Object(Config\Cache), false)
#10 C:\Users\PC\laragon\www\BALMES-CARINGAL-MANALO-FINALPROJECT\backend\public\index.php(85): CodeIgniter\CodeIgniter->run()
#11 C:\Users\PC\laragon\www\BALMES-CARINGAL-MANALO-FINALPROJECT\backend\system\Commands\Server\rewrite.php(47): require_once('C:\\Users\\PC\\lar...')
#12 {main}
CRITICAL - 2023-11-22 09:42:57 --> Table 'crud.pool' doesn't exist
in SYSTEMPATH\Database\BaseConnection.php on line 647.
 1 SYSTEMPATH\Database\BaseBuilder.php(1615): CodeIgniter\Database\BaseConnection->query('SELECT *
FROM `pool`', [], false)
 2 SYSTEMPATH\Model.php(237): CodeIgniter\Database\BaseBuilder->get()
 3 SYSTEMPATH\BaseModel.php(624): CodeIgniter\Model->doFindAll(0, 0)
 4 APPPATH\Controllers\MainController.php(37): CodeIgniter\BaseModel->findAll()
 5 SYSTEMPATH\CodeIgniter.php(942): App\Controllers\MainController->getPool()
 6 SYSTEMPATH\CodeIgniter.php(502): CodeIgniter\CodeIgniter->runController(Object(App\Controllers\MainController))
 7 SYSTEMPATH\CodeIgniter.php(361): CodeIgniter\CodeIgniter->handleRequest(null, Object(Config\Cache), false)
 8 FCPATH\index.php(85): CodeIgniter\CodeIgniter->run()
 9 SYSTEMPATH\Commands\Server\rewrite.php(47): require_once('C:\\Users\\PC\\laragon\\www\\BALMES-CARINGAL-MANALO-FINALPROJECT\\backend\\public\\index.php')
ERROR - 2023-11-22 09:43:06 --> mysqli_sql_exception: Table 'crud.pool' doesn't exist in C:\Users\PC\laragon\www\BALMES-CARINGAL-MANALO-FINALPROJECT\backend\system\Database\MySQLi\Connection.php:306
Stack trace:
#0 C:\Users\PC\laragon\www\BALMES-CARINGAL-MANALO-FINALPROJECT\backend\system\Database\MySQLi\Connection.php(306): mysqli->query('SELECT *\nFROM `...', 0)
#1 C:\Users\PC\laragon\www\BALMES-CARINGAL-MANALO-FINALPROJECT\backend\system\Database\BaseConnection.php(693): CodeIgniter\Database\MySQLi\Connection->execute('SELECT *\nFROM `...')
#2 C:\Users\PC\laragon\www\BALMES-CARINGAL-MANALO-FINALPROJECT\backend\system\Database\BaseConnection.php(607): CodeIgniter\Database\BaseConnection->simpleQuery('SELECT *\nFROM `...')
#3 C:\Users\PC\laragon\www\BALMES-CARINGAL-MANALO-FINALPROJECT\backend\system\Database\BaseBuilder.php(1615): CodeIgniter\Database\BaseConnection->query('SELECT *\nFROM `...', Array, false)
#4 C:\Users\PC\laragon\www\BALMES-CARINGAL-MANALO-FINALPROJECT\backend\system\Model.php(237): CodeIgniter\Database\BaseBuilder->get()
#5 C:\Users\PC\laragon\www\BALMES-CARINGAL-MANALO-FINALPROJECT\backend\system\BaseModel.php(624): CodeIgniter\Model->doFindAll(0, 0)
#6 C:\Users\PC\laragon\www\BALMES-CARINGAL-MANALO-FINALPROJECT\backend\app\Controllers\MainController.php(37): CodeIgniter\BaseModel->findAll()
#7 C:\Users\PC\laragon\www\BALMES-CARINGAL-MANALO-FINALPROJECT\backend\system\CodeIgniter.php(942): App\Controllers\MainController->getPool()
#8 C:\Users\PC\laragon\www\BALMES-CARINGAL-MANALO-FINALPROJECT\backend\system\CodeIgniter.php(502): CodeIgniter\CodeIgniter->runController(Object(App\Controllers\MainController))
#9 C:\Users\PC\laragon\www\BALMES-CARINGAL-MANALO-FINALPROJECT\backend\system\CodeIgniter.php(361): CodeIgniter\CodeIgniter->handleRequest(NULL, Object(Config\Cache), false)
#10 C:\Users\PC\laragon\www\BALMES-CARINGAL-MANALO-FINALPROJECT\backend\public\index.php(85): CodeIgniter\CodeIgniter->run()
#11 C:\Users\PC\laragon\www\BALMES-CARINGAL-MANALO-FINALPROJECT\backend\system\Commands\Server\rewrite.php(47): require_once('C:\\Users\\PC\\lar...')
#12 {main}
CRITICAL - 2023-11-22 09:43:06 --> Table 'crud.pool' doesn't exist
in SYSTEMPATH\Database\BaseConnection.php on line 647.
 1 SYSTEMPATH\Database\BaseBuilder.php(1615): CodeIgniter\Database\BaseConnection->query('SELECT *
FROM `pool`', [], false)
 2 SYSTEMPATH\Model.php(237): CodeIgniter\Database\BaseBuilder->get()
 3 SYSTEMPATH\BaseModel.php(624): CodeIgniter\Model->doFindAll(0, 0)
 4 APPPATH\Controllers\MainController.php(37): CodeIgniter\BaseModel->findAll()
 5 SYSTEMPATH\CodeIgniter.php(942): App\Controllers\MainController->getPool()
 6 SYSTEMPATH\CodeIgniter.php(502): CodeIgniter\CodeIgniter->runController(Object(App\Controllers\MainController))
 7 SYSTEMPATH\CodeIgniter.php(361): CodeIgniter\CodeIgniter->handleRequest(null, Object(Config\Cache), false)
 8 FCPATH\index.php(85): CodeIgniter\CodeIgniter->run()
 9 SYSTEMPATH\Commands\Server\rewrite.php(47): require_once('C:\\Users\\PC\\laragon\\www\\BALMES-CARINGAL-MANALO-FINALPROJECT\\backend\\public\\index.php')
ERROR - 2023-11-22 09:50:22 --> mysqli_sql_exception: Table 'crud.pool' doesn't exist in C:\Users\PC\laragon\www\BALMES-CARINGAL-MANALO-FINALPROJECT\backend\system\Database\MySQLi\Connection.php:306
Stack trace:
#0 C:\Users\PC\laragon\www\BALMES-CARINGAL-MANALO-FINALPROJECT\backend\system\Database\MySQLi\Connection.php(306): mysqli->query('SELECT *\nFROM `...', 0)
#1 C:\Users\PC\laragon\www\BALMES-CARINGAL-MANALO-FINALPROJECT\backend\system\Database\BaseConnection.php(693): CodeIgniter\Database\MySQLi\Connection->execute('SELECT *\nFROM `...')
#2 C:\Users\PC\laragon\www\BALMES-CARINGAL-MANALO-FINALPROJECT\backend\system\Database\BaseConnection.php(607): CodeIgniter\Database\BaseConnection->simpleQuery('SELECT *\nFROM `...')
#3 C:\Users\PC\laragon\www\BALMES-CARINGAL-MANALO-FINALPROJECT\backend\system\Database\BaseBuilder.php(1615): CodeIgniter\Database\BaseConnection->query('SELECT *\nFROM `...', Array, false)
#4 C:\Users\PC\laragon\www\BALMES-CARINGAL-MANALO-FINALPROJECT\backend\system\Model.php(237): CodeIgniter\Database\BaseBuilder->get()
#5 C:\Users\PC\laragon\www\BALMES-CARINGAL-MANALO-FINALPROJECT\backend\system\BaseModel.php(624): CodeIgniter\Model->doFindAll(0, 0)
#6 C:\Users\PC\laragon\www\BALMES-CARINGAL-MANALO-FINALPROJECT\backend\app\Controllers\MainController.php(37): CodeIgniter\BaseModel->findAll()
#7 C:\Users\PC\laragon\www\BALMES-CARINGAL-MANALO-FINALPROJECT\backend\system\CodeIgniter.php(942): App\Controllers\MainController->getPool()
#8 C:\Users\PC\laragon\www\BALMES-CARINGAL-MANALO-FINALPROJECT\backend\system\CodeIgniter.php(502): CodeIgniter\CodeIgniter->runController(Object(App\Controllers\MainController))
#9 C:\Users\PC\laragon\www\BALMES-CARINGAL-MANALO-FINALPROJECT\backend\system\CodeIgniter.php(361): CodeIgniter\CodeIgniter->handleRequest(NULL, Object(Config\Cache), false)
#10 C:\Users\PC\laragon\www\BALMES-CARINGAL-MANALO-FINALPROJECT\backend\public\index.php(85): CodeIgniter\CodeIgniter->run()
#11 C:\Users\PC\laragon\www\BALMES-CARINGAL-MANALO-FINALPROJECT\backend\system\Commands\Server\rewrite.php(47): require_once('C:\\Users\\PC\\lar...')
#12 {main}
CRITICAL - 2023-11-22 09:50:22 --> Table 'crud.pool' doesn't exist
in SYSTEMPATH\Database\BaseConnection.php on line 647.
 1 SYSTEMPATH\Database\BaseBuilder.php(1615): CodeIgniter\Database\BaseConnection->query('SELECT *
FROM `pool`', [], false)
 2 SYSTEMPATH\Model.php(237): CodeIgniter\Database\BaseBuilder->get()
 3 SYSTEMPATH\BaseModel.php(624): CodeIgniter\Model->doFindAll(0, 0)
 4 APPPATH\Controllers\MainController.php(37): CodeIgniter\BaseModel->findAll()
 5 SYSTEMPATH\CodeIgniter.php(942): App\Controllers\MainController->getPool()
 6 SYSTEMPATH\CodeIgniter.php(502): CodeIgniter\CodeIgniter->runController(Object(App\Controllers\MainController))
 7 SYSTEMPATH\CodeIgniter.php(361): CodeIgniter\CodeIgniter->handleRequest(null, Object(Config\Cache), false)
 8 FCPATH\index.php(85): CodeIgniter\CodeIgniter->run()
 9 SYSTEMPATH\Commands\Server\rewrite.php(47): require_once('C:\\Users\\PC\\laragon\\www\\BALMES-CARINGAL-MANALO-FINALPROJECT\\backend\\public\\index.php')
ERROR - 2023-11-22 09:50:56 --> mysqli_sql_exception: Table 'crud.pool' doesn't exist in C:\Users\PC\laragon\www\BALMES-CARINGAL-MANALO-FINALPROJECT\backend\system\Database\MySQLi\Connection.php:306
Stack trace:
#0 C:\Users\PC\laragon\www\BALMES-CARINGAL-MANALO-FINALPROJECT\backend\system\Database\MySQLi\Connection.php(306): mysqli->query('SELECT *\nFROM `...', 0)
#1 C:\Users\PC\laragon\www\BALMES-CARINGAL-MANALO-FINALPROJECT\backend\system\Database\BaseConnection.php(693): CodeIgniter\Database\MySQLi\Connection->execute('SELECT *\nFROM `...')
#2 C:\Users\PC\laragon\www\BALMES-CARINGAL-MANALO-FINALPROJECT\backend\system\Database\BaseConnection.php(607): CodeIgniter\Database\BaseConnection->simpleQuery('SELECT *\nFROM `...')
#3 C:\Users\PC\laragon\www\BALMES-CARINGAL-MANALO-FINALPROJECT\backend\system\Database\BaseBuilder.php(1615): CodeIgniter\Database\BaseConnection->query('SELECT *\nFROM `...', Array, false)
#4 C:\Users\PC\laragon\www\BALMES-CARINGAL-MANALO-FINALPROJECT\backend\system\Model.php(237): CodeIgniter\Database\BaseBuilder->get()
#5 C:\Users\PC\laragon\www\BALMES-CARINGAL-MANALO-FINALPROJECT\backend\system\BaseModel.php(624): CodeIgniter\Model->doFindAll(0, 0)
#6 C:\Users\PC\laragon\www\BALMES-CARINGAL-MANALO-FINALPROJECT\backend\app\Controllers\MainController.php(37): CodeIgniter\BaseModel->findAll()
#7 C:\Users\PC\laragon\www\BALMES-CARINGAL-MANALO-FINALPROJECT\backend\system\CodeIgniter.php(942): App\Controllers\MainController->getPool()
#8 C:\Users\PC\laragon\www\BALMES-CARINGAL-MANALO-FINALPROJECT\backend\system\CodeIgniter.php(502): CodeIgniter\CodeIgniter->runController(Object(App\Controllers\MainController))
#9 C:\Users\PC\laragon\www\BALMES-CARINGAL-MANALO-FINALPROJECT\backend\system\CodeIgniter.php(361): CodeIgniter\CodeIgniter->handleRequest(NULL, Object(Config\Cache), false)
#10 C:\Users\PC\laragon\www\BALMES-CARINGAL-MANALO-FINALPROJECT\backend\public\index.php(85): CodeIgniter\CodeIgniter->run()
#11 C:\Users\PC\laragon\www\BALMES-CARINGAL-MANALO-FINALPROJECT\backend\system\Commands\Server\rewrite.php(47): require_once('C:\\Users\\PC\\lar...')
#12 {main}
CRITICAL - 2023-11-22 09:50:56 --> Table 'crud.pool' doesn't exist
in SYSTEMPATH\Database\BaseConnection.php on line 647.
 1 SYSTEMPATH\Database\BaseBuilder.php(1615): CodeIgniter\Database\BaseConnection->query('SELECT *
FROM `pool`', [], false)
 2 SYSTEMPATH\Model.php(237): CodeIgniter\Database\BaseBuilder->get()
 3 SYSTEMPATH\BaseModel.php(624): CodeIgniter\Model->doFindAll(0, 0)
 4 APPPATH\Controllers\MainController.php(37): CodeIgniter\BaseModel->findAll()
 5 SYSTEMPATH\CodeIgniter.php(942): App\Controllers\MainController->getPool()
 6 SYSTEMPATH\CodeIgniter.php(502): CodeIgniter\CodeIgniter->runController(Object(App\Controllers\MainController))
 7 SYSTEMPATH\CodeIgniter.php(361): CodeIgniter\CodeIgniter->handleRequest(null, Object(Config\Cache), false)
 8 FCPATH\index.php(85): CodeIgniter\CodeIgniter->run()
 9 SYSTEMPATH\Commands\Server\rewrite.php(47): require_once('C:\\Users\\PC\\laragon\\www\\BALMES-CARINGAL-MANALO-FINALPROJECT\\backend\\public\\index.php')
ERROR - 2023-11-22 09:51:04 --> mysqli_sql_exception: Table 'crud.pool' doesn't exist in C:\Users\PC\laragon\www\BALMES-CARINGAL-MANALO-FINALPROJECT\backend\system\Database\MySQLi\Connection.php:306
Stack trace:
#0 C:\Users\PC\laragon\www\BALMES-CARINGAL-MANALO-FINALPROJECT\backend\system\Database\MySQLi\Connection.php(306): mysqli->query('SELECT *\nFROM `...', 0)
#1 C:\Users\PC\laragon\www\BALMES-CARINGAL-MANALO-FINALPROJECT\backend\system\Database\BaseConnection.php(693): CodeIgniter\Database\MySQLi\Connection->execute('SELECT *\nFROM `...')
#2 C:\Users\PC\laragon\www\BALMES-CARINGAL-MANALO-FINALPROJECT\backend\system\Database\BaseConnection.php(607): CodeIgniter\Database\BaseConnection->simpleQuery('SELECT *\nFROM `...')
#3 C:\Users\PC\laragon\www\BALMES-CARINGAL-MANALO-FINALPROJECT\backend\system\Database\BaseBuilder.php(1615): CodeIgniter\Database\BaseConnection->query('SELECT *\nFROM `...', Array, false)
#4 C:\Users\PC\laragon\www\BALMES-CARINGAL-MANALO-FINALPROJECT\backend\system\Model.php(237): CodeIgniter\Database\BaseBuilder->get()
#5 C:\Users\PC\laragon\www\BALMES-CARINGAL-MANALO-FINALPROJECT\backend\system\BaseModel.php(624): CodeIgniter\Model->doFindAll(0, 0)
#6 C:\Users\PC\laragon\www\BALMES-CARINGAL-MANALO-FINALPROJECT\backend\app\Controllers\MainController.php(37): CodeIgniter\BaseModel->findAll()
#7 C:\Users\PC\laragon\www\BALMES-CARINGAL-MANALO-FINALPROJECT\backend\system\CodeIgniter.php(942): App\Controllers\MainController->getPool()
#8 C:\Users\PC\laragon\www\BALMES-CARINGAL-MANALO-FINALPROJECT\backend\system\CodeIgniter.php(502): CodeIgniter\CodeIgniter->runController(Object(App\Controllers\MainController))
#9 C:\Users\PC\laragon\www\BALMES-CARINGAL-MANALO-FINALPROJECT\backend\system\CodeIgniter.php(361): CodeIgniter\CodeIgniter->handleRequest(NULL, Object(Config\Cache), false)
#10 C:\Users\PC\laragon\www\BALMES-CARINGAL-MANALO-FINALPROJECT\backend\public\index.php(85): CodeIgniter\CodeIgniter->run()
#11 C:\Users\PC\laragon\www\BALMES-CARINGAL-MANALO-FINALPROJECT\backend\system\Commands\Server\rewrite.php(47): require_once('C:\\Users\\PC\\lar...')
#12 {main}
CRITICAL - 2023-11-22 09:51:04 --> Table 'crud.pool' doesn't exist
in SYSTEMPATH\Database\BaseConnection.php on line 647.
 1 SYSTEMPATH\Database\BaseBuilder.php(1615): CodeIgniter\Database\BaseConnection->query('SELECT *
FROM `pool`', [], false)
 2 SYSTEMPATH\Model.php(237): CodeIgniter\Database\BaseBuilder->get()
 3 SYSTEMPATH\BaseModel.php(624): CodeIgniter\Model->doFindAll(0, 0)
 4 APPPATH\Controllers\MainController.php(37): CodeIgniter\BaseModel->findAll()
 5 SYSTEMPATH\CodeIgniter.php(942): App\Controllers\MainController->getPool()
 6 SYSTEMPATH\CodeIgniter.php(502): CodeIgniter\CodeIgniter->runController(Object(App\Controllers\MainController))
 7 SYSTEMPATH\CodeIgniter.php(361): CodeIgniter\CodeIgniter->handleRequest(null, Object(Config\Cache), false)
 8 FCPATH\index.php(85): CodeIgniter\CodeIgniter->run()
 9 SYSTEMPATH\Commands\Server\rewrite.php(47): require_once('C:\\Users\\PC\\laragon\\www\\BALMES-CARINGAL-MANALO-FINALPROJECT\\backend\\public\\index.php')
ERROR - 2023-11-22 09:51:15 --> mysqli_sql_exception: Table 'crud.pool' doesn't exist in C:\Users\PC\laragon\www\BALMES-CARINGAL-MANALO-FINALPROJECT\backend\system\Database\MySQLi\Connection.php:306
Stack trace:
#0 C:\Users\PC\laragon\www\BALMES-CARINGAL-MANALO-FINALPROJECT\backend\system\Database\MySQLi\Connection.php(306): mysqli->query('SELECT *\nFROM `...', 0)
#1 C:\Users\PC\laragon\www\BALMES-CARINGAL-MANALO-FINALPROJECT\backend\system\Database\BaseConnection.php(693): CodeIgniter\Database\MySQLi\Connection->execute('SELECT *\nFROM `...')
#2 C:\Users\PC\laragon\www\BALMES-CARINGAL-MANALO-FINALPROJECT\backend\system\Database\BaseConnection.php(607): CodeIgniter\Database\BaseConnection->simpleQuery('SELECT *\nFROM `...')
#3 C:\Users\PC\laragon\www\BALMES-CARINGAL-MANALO-FINALPROJECT\backend\system\Database\BaseBuilder.php(1615): CodeIgniter\Database\BaseConnection->query('SELECT *\nFROM `...', Array, false)
#4 C:\Users\PC\laragon\www\BALMES-CARINGAL-MANALO-FINALPROJECT\backend\system\Model.php(237): CodeIgniter\Database\BaseBuilder->get()
#5 C:\Users\PC\laragon\www\BALMES-CARINGAL-MANALO-FINALPROJECT\backend\system\BaseModel.php(624): CodeIgniter\Model->doFindAll(0, 0)
#6 C:\Users\PC\laragon\www\BALMES-CARINGAL-MANALO-FINALPROJECT\backend\app\Controllers\MainController.php(37): CodeIgniter\BaseModel->findAll()
#7 C:\Users\PC\laragon\www\BALMES-CARINGAL-MANALO-FINALPROJECT\backend\system\CodeIgniter.php(942): App\Controllers\MainController->getPool()
#8 C:\Users\PC\laragon\www\BALMES-CARINGAL-MANALO-FINALPROJECT\backend\system\CodeIgniter.php(502): CodeIgniter\CodeIgniter->runController(Object(App\Controllers\MainController))
#9 C:\Users\PC\laragon\www\BALMES-CARINGAL-MANALO-FINALPROJECT\backend\system\CodeIgniter.php(361): CodeIgniter\CodeIgniter->handleRequest(NULL, Object(Config\Cache), false)
#10 C:\Users\PC\laragon\www\BALMES-CARINGAL-MANALO-FINALPROJECT\backend\public\index.php(85): CodeIgniter\CodeIgniter->run()
#11 C:\Users\PC\laragon\www\BALMES-CARINGAL-MANALO-FINALPROJECT\backend\system\Commands\Server\rewrite.php(47): require_once('C:\\Users\\PC\\lar...')
#12 {main}
CRITICAL - 2023-11-22 09:51:15 --> Table 'crud.pool' doesn't exist
in SYSTEMPATH\Database\BaseConnection.php on line 647.
 1 SYSTEMPATH\Database\BaseBuilder.php(1615): CodeIgniter\Database\BaseConnection->query('SELECT *
FROM `pool`', [], false)
 2 SYSTEMPATH\Model.php(237): CodeIgniter\Database\BaseBuilder->get()
 3 SYSTEMPATH\BaseModel.php(624): CodeIgniter\Model->doFindAll(0, 0)
 4 APPPATH\Controllers\MainController.php(37): CodeIgniter\BaseModel->findAll()
 5 SYSTEMPATH\CodeIgniter.php(942): App\Controllers\MainController->getPool()
 6 SYSTEMPATH\CodeIgniter.php(502): CodeIgniter\CodeIgniter->runController(Object(App\Controllers\MainController))
 7 SYSTEMPATH\CodeIgniter.php(361): CodeIgniter\CodeIgniter->handleRequest(null, Object(Config\Cache), false)
 8 FCPATH\index.php(85): CodeIgniter\CodeIgniter->run()
 9 SYSTEMPATH\Commands\Server\rewrite.php(47): require_once('C:\\Users\\PC\\laragon\\www\\BALMES-CARINGAL-MANALO-FINALPROJECT\\backend\\public\\index.php')
ERROR - 2023-11-22 09:51:23 --> mysqli_sql_exception: Table 'crud.pool' doesn't exist in C:\Users\PC\laragon\www\BALMES-CARINGAL-MANALO-FINALPROJECT\backend\system\Database\MySQLi\Connection.php:306
Stack trace:
#0 C:\Users\PC\laragon\www\BALMES-CARINGAL-MANALO-FINALPROJECT\backend\system\Database\MySQLi\Connection.php(306): mysqli->query('SELECT *\nFROM `...', 0)
#1 C:\Users\PC\laragon\www\BALMES-CARINGAL-MANALO-FINALPROJECT\backend\system\Database\BaseConnection.php(693): CodeIgniter\Database\MySQLi\Connection->execute('SELECT *\nFROM `...')
#2 C:\Users\PC\laragon\www\BALMES-CARINGAL-MANALO-FINALPROJECT\backend\system\Database\BaseConnection.php(607): CodeIgniter\Database\BaseConnection->simpleQuery('SELECT *\nFROM `...')
#3 C:\Users\PC\laragon\www\BALMES-CARINGAL-MANALO-FINALPROJECT\backend\system\Database\BaseBuilder.php(1615): CodeIgniter\Database\BaseConnection->query('SELECT *\nFROM `...', Array, false)
#4 C:\Users\PC\laragon\www\BALMES-CARINGAL-MANALO-FINALPROJECT\backend\system\Model.php(237): CodeIgniter\Database\BaseBuilder->get()
#5 C:\Users\PC\laragon\www\BALMES-CARINGAL-MANALO-FINALPROJECT\backend\system\BaseModel.php(624): CodeIgniter\Model->doFindAll(0, 0)
#6 C:\Users\PC\laragon\www\BALMES-CARINGAL-MANALO-FINALPROJECT\backend\app\Controllers\MainController.php(37): CodeIgniter\BaseModel->findAll()
#7 C:\Users\PC\laragon\www\BALMES-CARINGAL-MANALO-FINALPROJECT\backend\system\CodeIgniter.php(942): App\Controllers\MainController->getPool()
#8 C:\Users\PC\laragon\www\BALMES-CARINGAL-MANALO-FINALPROJECT\backend\system\CodeIgniter.php(502): CodeIgniter\CodeIgniter->runController(Object(App\Controllers\MainController))
#9 C:\Users\PC\laragon\www\BALMES-CARINGAL-MANALO-FINALPROJECT\backend\system\CodeIgniter.php(361): CodeIgniter\CodeIgniter->handleRequest(NULL, Object(Config\Cache), false)
#10 C:\Users\PC\laragon\www\BALMES-CARINGAL-MANALO-FINALPROJECT\backend\public\index.php(85): CodeIgniter\CodeIgniter->run()
#11 C:\Users\PC\laragon\www\BALMES-CARINGAL-MANALO-FINALPROJECT\backend\system\Commands\Server\rewrite.php(47): require_once('C:\\Users\\PC\\lar...')
#12 {main}
CRITICAL - 2023-11-22 09:51:23 --> Table 'crud.pool' doesn't exist
in SYSTEMPATH\Database\BaseConnection.php on line 647.
 1 SYSTEMPATH\Database\BaseBuilder.php(1615): CodeIgniter\Database\BaseConnection->query('SELECT *
FROM `pool`', [], false)
 2 SYSTEMPATH\Model.php(237): CodeIgniter\Database\BaseBuilder->get()
 3 SYSTEMPATH\BaseModel.php(624): CodeIgniter\Model->doFindAll(0, 0)
 4 APPPATH\Controllers\MainController.php(37): CodeIgniter\BaseModel->findAll()
 5 SYSTEMPATH\CodeIgniter.php(942): App\Controllers\MainController->getPool()
 6 SYSTEMPATH\CodeIgniter.php(502): CodeIgniter\CodeIgniter->runController(Object(App\Controllers\MainController))
 7 SYSTEMPATH\CodeIgniter.php(361): CodeIgniter\CodeIgniter->handleRequest(null, Object(Config\Cache), false)
 8 FCPATH\index.php(85): CodeIgniter\CodeIgniter->run()
 9 SYSTEMPATH\Commands\Server\rewrite.php(47): require_once('C:\\Users\\PC\\laragon\\www\\BALMES-CARINGAL-MANALO-FINALPROJECT\\backend\\public\\index.php')
ERROR - 2023-11-22 09:55:20 --> mysqli_sql_exception: Table 'crud.pool' doesn't exist in C:\Users\PC\laragon\www\BALMES-CARINGAL-MANALO-FINALPROJECT\backend\system\Database\MySQLi\Connection.php:306
Stack trace:
#0 C:\Users\PC\laragon\www\BALMES-CARINGAL-MANALO-FINALPROJECT\backend\system\Database\MySQLi\Connection.php(306): mysqli->query('SELECT *\nFROM `...', 0)
#1 C:\Users\PC\laragon\www\BALMES-CARINGAL-MANALO-FINALPROJECT\backend\system\Database\BaseConnection.php(693): CodeIgniter\Database\MySQLi\Connection->execute('SELECT *\nFROM `...')
#2 C:\Users\PC\laragon\www\BALMES-CARINGAL-MANALO-FINALPROJECT\backend\system\Database\BaseConnection.php(607): CodeIgniter\Database\BaseConnection->simpleQuery('SELECT *\nFROM `...')
#3 C:\Users\PC\laragon\www\BALMES-CARINGAL-MANALO-FINALPROJECT\backend\system\Database\BaseBuilder.php(1615): CodeIgniter\Database\BaseConnection->query('SELECT *\nFROM `...', Array, false)
#4 C:\Users\PC\laragon\www\BALMES-CARINGAL-MANALO-FINALPROJECT\backend\system\Model.php(237): CodeIgniter\Database\BaseBuilder->get()
#5 C:\Users\PC\laragon\www\BALMES-CARINGAL-MANALO-FINALPROJECT\backend\system\BaseModel.php(624): CodeIgniter\Model->doFindAll(0, 0)
#6 C:\Users\PC\laragon\www\BALMES-CARINGAL-MANALO-FINALPROJECT\backend\app\Controllers\MainController.php(37): CodeIgniter\BaseModel->findAll()
#7 C:\Users\PC\laragon\www\BALMES-CARINGAL-MANALO-FINALPROJECT\backend\system\CodeIgniter.php(942): App\Controllers\MainController->getPool()
#8 C:\Users\PC\laragon\www\BALMES-CARINGAL-MANALO-FINALPROJECT\backend\system\CodeIgniter.php(502): CodeIgniter\CodeIgniter->runController(Object(App\Controllers\MainController))
#9 C:\Users\PC\laragon\www\BALMES-CARINGAL-MANALO-FINALPROJECT\backend\system\CodeIgniter.php(361): CodeIgniter\CodeIgniter->handleRequest(NULL, Object(Config\Cache), false)
#10 C:\Users\PC\laragon\www\BALMES-CARINGAL-MANALO-FINALPROJECT\backend\public\index.php(85): CodeIgniter\CodeIgniter->run()
#11 C:\Users\PC\laragon\www\BALMES-CARINGAL-MANALO-FINALPROJECT\backend\system\Commands\Server\rewrite.php(47): require_once('C:\\Users\\PC\\lar...')
#12 {main}
CRITICAL - 2023-11-22 09:55:20 --> Table 'crud.pool' doesn't exist
in SYSTEMPATH\Database\BaseConnection.php on line 647.
 1 SYSTEMPATH\Database\BaseBuilder.php(1615): CodeIgniter\Database\BaseConnection->query('SELECT *
FROM `pool`', [], false)
 2 SYSTEMPATH\Model.php(237): CodeIgniter\Database\BaseBuilder->get()
 3 SYSTEMPATH\BaseModel.php(624): CodeIgniter\Model->doFindAll(0, 0)
 4 APPPATH\Controllers\MainController.php(37): CodeIgniter\BaseModel->findAll()
 5 SYSTEMPATH\CodeIgniter.php(942): App\Controllers\MainController->getPool()
 6 SYSTEMPATH\CodeIgniter.php(502): CodeIgniter\CodeIgniter->runController(Object(App\Controllers\MainController))
 7 SYSTEMPATH\CodeIgniter.php(361): CodeIgniter\CodeIgniter->handleRequest(null, Object(Config\Cache), false)
 8 FCPATH\index.php(85): CodeIgniter\CodeIgniter->run()
 9 SYSTEMPATH\Commands\Server\rewrite.php(47): require_once('C:\\Users\\PC\\laragon\\www\\BALMES-CARINGAL-MANALO-FINALPROJECT\\backend\\public\\index.php')
ERROR - 2023-11-22 09:56:25 --> mysqli_sql_exception: Table 'crud.pool' doesn't exist in C:\Users\PC\laragon\www\BALMES-CARINGAL-MANALO-FINALPROJECT\backend\system\Database\MySQLi\Connection.php:306
Stack trace:
#0 C:\Users\PC\laragon\www\BALMES-CARINGAL-MANALO-FINALPROJECT\backend\system\Database\MySQLi\Connection.php(306): mysqli->query('SELECT *\nFROM `...', 0)
#1 C:\Users\PC\laragon\www\BALMES-CARINGAL-MANALO-FINALPROJECT\backend\system\Database\BaseConnection.php(693): CodeIgniter\Database\MySQLi\Connection->execute('SELECT *\nFROM `...')
#2 C:\Users\PC\laragon\www\BALMES-CARINGAL-MANALO-FINALPROJECT\backend\system\Database\BaseConnection.php(607): CodeIgniter\Database\BaseConnection->simpleQuery('SELECT *\nFROM `...')
#3 C:\Users\PC\laragon\www\BALMES-CARINGAL-MANALO-FINALPROJECT\backend\system\Database\BaseBuilder.php(1615): CodeIgniter\Database\BaseConnection->query('SELECT *\nFROM `...', Array, false)
#4 C:\Users\PC\laragon\www\BALMES-CARINGAL-MANALO-FINALPROJECT\backend\system\Model.php(237): CodeIgniter\Database\BaseBuilder->get()
#5 C:\Users\PC\laragon\www\BALMES-CARINGAL-MANALO-FINALPROJECT\backend\system\BaseModel.php(624): CodeIgniter\Model->doFindAll(0, 0)
#6 C:\Users\PC\laragon\www\BALMES-CARINGAL-MANALO-FINALPROJECT\backend\app\Controllers\MainController.php(37): CodeIgniter\BaseModel->findAll()
#7 C:\Users\PC\laragon\www\BALMES-CARINGAL-MANALO-FINALPROJECT\backend\system\CodeIgniter.php(942): App\Controllers\MainController->getPool()
#8 C:\Users\PC\laragon\www\BALMES-CARINGAL-MANALO-FINALPROJECT\backend\system\CodeIgniter.php(502): CodeIgniter\CodeIgniter->runController(Object(App\Controllers\MainController))
#9 C:\Users\PC\laragon\www\BALMES-CARINGAL-MANALO-FINALPROJECT\backend\system\CodeIgniter.php(361): CodeIgniter\CodeIgniter->handleRequest(NULL, Object(Config\Cache), false)
#10 C:\Users\PC\laragon\www\BALMES-CARINGAL-MANALO-FINALPROJECT\backend\public\index.php(85): CodeIgniter\CodeIgniter->run()
#11 C:\Users\PC\laragon\www\BALMES-CARINGAL-MANALO-FINALPROJECT\backend\system\Commands\Server\rewrite.php(47): require_once('C:\\Users\\PC\\lar...')
#12 {main}
CRITICAL - 2023-11-22 09:56:25 --> Table 'crud.pool' doesn't exist
in SYSTEMPATH\Database\BaseConnection.php on line 647.
 1 SYSTEMPATH\Database\BaseBuilder.php(1615): CodeIgniter\Database\BaseConnection->query('SELECT *
FROM `pool`', [], false)
 2 SYSTEMPATH\Model.php(237): CodeIgniter\Database\BaseBuilder->get()
 3 SYSTEMPATH\BaseModel.php(624): CodeIgniter\Model->doFindAll(0, 0)
 4 APPPATH\Controllers\MainController.php(37): CodeIgniter\BaseModel->findAll()
 5 SYSTEMPATH\CodeIgniter.php(942): App\Controllers\MainController->getPool()
 6 SYSTEMPATH\CodeIgniter.php(502): CodeIgniter\CodeIgniter->runController(Object(App\Controllers\MainController))
 7 SYSTEMPATH\CodeIgniter.php(361): CodeIgniter\CodeIgniter->handleRequest(null, Object(Config\Cache), false)
 8 FCPATH\index.php(85): CodeIgniter\CodeIgniter->run()
 9 SYSTEMPATH\Commands\Server\rewrite.php(47): require_once('C:\\Users\\PC\\laragon\\www\\BALMES-CARINGAL-MANALO-FINALPROJECT\\backend\\public\\index.php')
ERROR - 2023-11-22 09:57:24 --> mysqli_sql_exception: Table 'crud.pool' doesn't exist in C:\Users\PC\laragon\www\BALMES-CARINGAL-MANALO-FINALPROJECT\backend\system\Database\MySQLi\Connection.php:306
Stack trace:
#0 C:\Users\PC\laragon\www\BALMES-CARINGAL-MANALO-FINALPROJECT\backend\system\Database\MySQLi\Connection.php(306): mysqli->query('SELECT *\nFROM `...', 0)
#1 C:\Users\PC\laragon\www\BALMES-CARINGAL-MANALO-FINALPROJECT\backend\system\Database\BaseConnection.php(693): CodeIgniter\Database\MySQLi\Connection->execute('SELECT *\nFROM `...')
#2 C:\Users\PC\laragon\www\BALMES-CARINGAL-MANALO-FINALPROJECT\backend\system\Database\BaseConnection.php(607): CodeIgniter\Database\BaseConnection->simpleQuery('SELECT *\nFROM `...')
#3 C:\Users\PC\laragon\www\BALMES-CARINGAL-MANALO-FINALPROJECT\backend\system\Database\BaseBuilder.php(1615): CodeIgniter\Database\BaseConnection->query('SELECT *\nFROM `...', Array, false)
#4 C:\Users\PC\laragon\www\BALMES-CARINGAL-MANALO-FINALPROJECT\backend\system\Model.php(237): CodeIgniter\Database\BaseBuilder->get()
#5 C:\Users\PC\laragon\www\BALMES-CARINGAL-MANALO-FINALPROJECT\backend\system\BaseModel.php(624): CodeIgniter\Model->doFindAll(0, 0)
#6 C:\Users\PC\laragon\www\BALMES-CARINGAL-MANALO-FINALPROJECT\backend\app\Controllers\MainController.php(37): CodeIgniter\BaseModel->findAll()
#7 C:\Users\PC\laragon\www\BALMES-CARINGAL-MANALO-FINALPROJECT\backend\system\CodeIgniter.php(942): App\Controllers\MainController->getPool()
#8 C:\Users\PC\laragon\www\BALMES-CARINGAL-MANALO-FINALPROJECT\backend\system\CodeIgniter.php(502): CodeIgniter\CodeIgniter->runController(Object(App\Controllers\MainController))
#9 C:\Users\PC\laragon\www\BALMES-CARINGAL-MANALO-FINALPROJECT\backend\system\CodeIgniter.php(361): CodeIgniter\CodeIgniter->handleRequest(NULL, Object(Config\Cache), false)
#10 C:\Users\PC\laragon\www\BALMES-CARINGAL-MANALO-FINALPROJECT\backend\public\index.php(85): CodeIgniter\CodeIgniter->run()
#11 C:\Users\PC\laragon\www\BALMES-CARINGAL-MANALO-FINALPROJECT\backend\system\Commands\Server\rewrite.php(47): require_once('C:\\Users\\PC\\lar...')
#12 {main}
CRITICAL - 2023-11-22 09:57:24 --> Table 'crud.pool' doesn't exist
in SYSTEMPATH\Database\BaseConnection.php on line 647.
 1 SYSTEMPATH\Database\BaseBuilder.php(1615): CodeIgniter\Database\BaseConnection->query('SELECT *
FROM `pool`', [], false)
 2 SYSTEMPATH\Model.php(237): CodeIgniter\Database\BaseBuilder->get()
 3 SYSTEMPATH\BaseModel.php(624): CodeIgniter\Model->doFindAll(0, 0)
 4 APPPATH\Controllers\MainController.php(37): CodeIgniter\BaseModel->findAll()
 5 SYSTEMPATH\CodeIgniter.php(942): App\Controllers\MainController->getPool()
 6 SYSTEMPATH\CodeIgniter.php(502): CodeIgniter\CodeIgniter->runController(Object(App\Controllers\MainController))
 7 SYSTEMPATH\CodeIgniter.php(361): CodeIgniter\CodeIgniter->handleRequest(null, Object(Config\Cache), false)
 8 FCPATH\index.php(85): CodeIgniter\CodeIgniter->run()
 9 SYSTEMPATH\Commands\Server\rewrite.php(47): require_once('C:\\Users\\PC\\laragon\\www\\BALMES-CARINGAL-MANALO-FINALPROJECT\\backend\\public\\index.php')
ERROR - 2023-11-22 09:59:34 --> mysqli_sql_exception: Table 'crud.pool' doesn't exist in C:\Users\PC\laragon\www\BALMES-CARINGAL-MANALO-FINALPROJECT\backend\system\Database\MySQLi\Connection.php:306
Stack trace:
#0 C:\Users\PC\laragon\www\BALMES-CARINGAL-MANALO-FINALPROJECT\backend\system\Database\MySQLi\Connection.php(306): mysqli->query('SELECT *\nFROM `...', 0)
#1 C:\Users\PC\laragon\www\BALMES-CARINGAL-MANALO-FINALPROJECT\backend\system\Database\BaseConnection.php(693): CodeIgniter\Database\MySQLi\Connection->execute('SELECT *\nFROM `...')
#2 C:\Users\PC\laragon\www\BALMES-CARINGAL-MANALO-FINALPROJECT\backend\system\Database\BaseConnection.php(607): CodeIgniter\Database\BaseConnection->simpleQuery('SELECT *\nFROM `...')
#3 C:\Users\PC\laragon\www\BALMES-CARINGAL-MANALO-FINALPROJECT\backend\system\Database\BaseBuilder.php(1615): CodeIgniter\Database\BaseConnection->query('SELECT *\nFROM `...', Array, false)
#4 C:\Users\PC\laragon\www\BALMES-CARINGAL-MANALO-FINALPROJECT\backend\system\Model.php(237): CodeIgniter\Database\BaseBuilder->get()
#5 C:\Users\PC\laragon\www\BALMES-CARINGAL-MANALO-FINALPROJECT\backend\system\BaseModel.php(624): CodeIgniter\Model->doFindAll(0, 0)
#6 C:\Users\PC\laragon\www\BALMES-CARINGAL-MANALO-FINALPROJECT\backend\app\Controllers\MainController.php(37): CodeIgniter\BaseModel->findAll()
#7 C:\Users\PC\laragon\www\BALMES-CARINGAL-MANALO-FINALPROJECT\backend\system\CodeIgniter.php(942): App\Controllers\MainController->getPool()
#8 C:\Users\PC\laragon\www\BALMES-CARINGAL-MANALO-FINALPROJECT\backend\system\CodeIgniter.php(502): CodeIgniter\CodeIgniter->runController(Object(App\Controllers\MainController))
#9 C:\Users\PC\laragon\www\BALMES-CARINGAL-MANALO-FINALPROJECT\backend\system\CodeIgniter.php(361): CodeIgniter\CodeIgniter->handleRequest(NULL, Object(Config\Cache), false)
#10 C:\Users\PC\laragon\www\BALMES-CARINGAL-MANALO-FINALPROJECT\backend\public\index.php(85): CodeIgniter\CodeIgniter->run()
#11 C:\Users\PC\laragon\www\BALMES-CARINGAL-MANALO-FINALPROJECT\backend\system\Commands\Server\rewrite.php(47): require_once('C:\\Users\\PC\\lar...')
#12 {main}
CRITICAL - 2023-11-22 09:59:34 --> Table 'crud.pool' doesn't exist
in SYSTEMPATH\Database\BaseConnection.php on line 647.
 1 SYSTEMPATH\Database\BaseBuilder.php(1615): CodeIgniter\Database\BaseConnection->query('SELECT *
FROM `pool`', [], false)
 2 SYSTEMPATH\Model.php(237): CodeIgniter\Database\BaseBuilder->get()
 3 SYSTEMPATH\BaseModel.php(624): CodeIgniter\Model->doFindAll(0, 0)
 4 APPPATH\Controllers\MainController.php(37): CodeIgniter\BaseModel->findAll()
 5 SYSTEMPATH\CodeIgniter.php(942): App\Controllers\MainController->getPool()
 6 SYSTEMPATH\CodeIgniter.php(502): CodeIgniter\CodeIgniter->runController(Object(App\Controllers\MainController))
 7 SYSTEMPATH\CodeIgniter.php(361): CodeIgniter\CodeIgniter->handleRequest(null, Object(Config\Cache), false)
 8 FCPATH\index.php(85): CodeIgniter\CodeIgniter->run()
 9 SYSTEMPATH\Commands\Server\rewrite.php(47): require_once('C:\\Users\\PC\\laragon\\www\\BALMES-CARINGAL-MANALO-FINALPROJECT\\backend\\public\\index.php')
ERROR - 2023-11-22 10:03:19 --> mysqli_sql_exception: Table 'crud.pool' doesn't exist in C:\Users\PC\laragon\www\BALMES-CARINGAL-MANALO-FINALPROJECT\backend\system\Database\MySQLi\Connection.php:306
Stack trace:
#0 C:\Users\PC\laragon\www\BALMES-CARINGAL-MANALO-FINALPROJECT\backend\system\Database\MySQLi\Connection.php(306): mysqli->query('SELECT *\nFROM `...', 0)
#1 C:\Users\PC\laragon\www\BALMES-CARINGAL-MANALO-FINALPROJECT\backend\system\Database\BaseConnection.php(693): CodeIgniter\Database\MySQLi\Connection->execute('SELECT *\nFROM `...')
#2 C:\Users\PC\laragon\www\BALMES-CARINGAL-MANALO-FINALPROJECT\backend\system\Database\BaseConnection.php(607): CodeIgniter\Database\BaseConnection->simpleQuery('SELECT *\nFROM `...')
#3 C:\Users\PC\laragon\www\BALMES-CARINGAL-MANALO-FINALPROJECT\backend\system\Database\BaseBuilder.php(1615): CodeIgniter\Database\BaseConnection->query('SELECT *\nFROM `...', Array, false)
#4 C:\Users\PC\laragon\www\BALMES-CARINGAL-MANALO-FINALPROJECT\backend\system\Model.php(237): CodeIgniter\Database\BaseBuilder->get()
#5 C:\Users\PC\laragon\www\BALMES-CARINGAL-MANALO-FINALPROJECT\backend\system\BaseModel.php(624): CodeIgniter\Model->doFindAll(0, 0)
#6 C:\Users\PC\laragon\www\BALMES-CARINGAL-MANALO-FINALPROJECT\backend\app\Controllers\MainController.php(37): CodeIgniter\BaseModel->findAll()
#7 C:\Users\PC\laragon\www\BALMES-CARINGAL-MANALO-FINALPROJECT\backend\system\CodeIgniter.php(942): App\Controllers\MainController->getPool()
#8 C:\Users\PC\laragon\www\BALMES-CARINGAL-MANALO-FINALPROJECT\backend\system\CodeIgniter.php(502): CodeIgniter\CodeIgniter->runController(Object(App\Controllers\MainController))
#9 C:\Users\PC\laragon\www\BALMES-CARINGAL-MANALO-FINALPROJECT\backend\system\CodeIgniter.php(361): CodeIgniter\CodeIgniter->handleRequest(NULL, Object(Config\Cache), false)
#10 C:\Users\PC\laragon\www\BALMES-CARINGAL-MANALO-FINALPROJECT\backend\public\index.php(85): CodeIgniter\CodeIgniter->run()
#11 C:\Users\PC\laragon\www\BALMES-CARINGAL-MANALO-FINALPROJECT\backend\system\Commands\Server\rewrite.php(47): require_once('C:\\Users\\PC\\lar...')
#12 {main}
CRITICAL - 2023-11-22 10:03:19 --> Table 'crud.pool' doesn't exist
in SYSTEMPATH\Database\BaseConnection.php on line 647.
 1 SYSTEMPATH\Database\BaseBuilder.php(1615): CodeIgniter\Database\BaseConnection->query('SELECT *
FROM `pool`', [], false)
 2 SYSTEMPATH\Model.php(237): CodeIgniter\Database\BaseBuilder->get()
 3 SYSTEMPATH\BaseModel.php(624): CodeIgniter\Model->doFindAll(0, 0)
 4 APPPATH\Controllers\MainController.php(37): CodeIgniter\BaseModel->findAll()
 5 SYSTEMPATH\CodeIgniter.php(942): App\Controllers\MainController->getPool()
 6 SYSTEMPATH\CodeIgniter.php(502): CodeIgniter\CodeIgniter->runController(Object(App\Controllers\MainController))
 7 SYSTEMPATH\CodeIgniter.php(361): CodeIgniter\CodeIgniter->handleRequest(null, Object(Config\Cache), false)
 8 FCPATH\index.php(85): CodeIgniter\CodeIgniter->run()
 9 SYSTEMPATH\Commands\Server\rewrite.php(47): require_once('C:\\Users\\PC\\laragon\\www\\BALMES-CARINGAL-MANALO-FINALPROJECT\\backend\\public\\index.php')
CRITICAL - 2023-11-22 11:41:57 --> Object of class stdClass could not be converted to string
in SYSTEMPATH\Database\Query.php on line 333.
 1 SYSTEMPATH\Database\Query.php(333): strtr('SELECT *
FROM `cart`
WHERE `id` = :id:
AND `shop_id` = :shop_id:
 LIMIT 1', [...])
 2 SYSTEMPATH\Database\Query.php(308): CodeIgniter\Database\Query->matchNamedBinds('SELECT *
FROM `cart`
WHERE `id` = :id:
AND `shop_id` = :shop_id:
 LIMIT 1', [...])
 3 SYSTEMPATH\Database\Query.php(159): CodeIgniter\Database\Query->compileBinds()
 4 SYSTEMPATH\Database\BaseConnection.php(607): CodeIgniter\Database\Query->getQuery()
 5 SYSTEMPATH\Database\BaseBuilder.php(1615): CodeIgniter\Database\BaseConnection->query('SELECT *
FROM `cart`
WHERE `id` = :id:
AND `shop_id` = :shop_id:
 LIMIT 1', [...], false)
 6 SYSTEMPATH\Model.php(264): CodeIgniter\Database\BaseBuilder->get()
 7 SYSTEMPATH\BaseModel.php(662): CodeIgniter\Model->doFirst()
 8 APPPATH\Controllers\MainController.php(189): CodeIgniter\BaseModel->first()
 9 SYSTEMPATH\CodeIgniter.php(942): App\Controllers\MainController->Cart()
10 SYSTEMPATH\CodeIgniter.php(502): CodeIgniter\CodeIgniter->runController(Object(App\Controllers\MainController))
11 SYSTEMPATH\CodeIgniter.php(361): CodeIgniter\CodeIgniter->handleRequest(null, Object(Config\Cache), false)
12 FCPATH\index.php(85): CodeIgniter\CodeIgniter->run()
13 SYSTEMPATH\Commands\Server\rewrite.php(47): require_once('C:\\laragon\\www\\BALMES-CARINGAL-MANALO-FINALPROJECT\\backend\\public\\index.php')
CRITICAL - 2023-11-22 11:42:10 --> Object of class stdClass could not be converted to string
in SYSTEMPATH\Database\Query.php on line 333.
 1 SYSTEMPATH\Database\Query.php(333): strtr('SELECT *
FROM `cart`
WHERE `id` = :id:
AND `shop_id` = :shop_id:
 LIMIT 1', [...])
 2 SYSTEMPATH\Database\Query.php(308): CodeIgniter\Database\Query->matchNamedBinds('SELECT *
FROM `cart`
WHERE `id` = :id:
AND `shop_id` = :shop_id:
 LIMIT 1', [...])
 3 SYSTEMPATH\Database\Query.php(159): CodeIgniter\Database\Query->compileBinds()
 4 SYSTEMPATH\Database\BaseConnection.php(607): CodeIgniter\Database\Query->getQuery()
 5 SYSTEMPATH\Database\BaseBuilder.php(1615): CodeIgniter\Database\BaseConnection->query('SELECT *
FROM `cart`
WHERE `id` = :id:
AND `shop_id` = :shop_id:
 LIMIT 1', [...], false)
 6 SYSTEMPATH\Model.php(264): CodeIgniter\Database\BaseBuilder->get()
 7 SYSTEMPATH\BaseModel.php(662): CodeIgniter\Model->doFirst()
 8 APPPATH\Controllers\MainController.php(189): CodeIgniter\BaseModel->first()
 9 SYSTEMPATH\CodeIgniter.php(942): App\Controllers\MainController->Cart()
10 SYSTEMPATH\CodeIgniter.php(502): CodeIgniter\CodeIgniter->runController(Object(App\Controllers\MainController))
11 SYSTEMPATH\CodeIgniter.php(361): CodeIgniter\CodeIgniter->handleRequest(null, Object(Config\Cache), false)
12 FCPATH\index.php(85): CodeIgniter\CodeIgniter->run()
13 SYSTEMPATH\Commands\Server\rewrite.php(47): require_once('C:\\laragon\\www\\BALMES-CARINGAL-MANALO-FINALPROJECT\\backend\\public\\index.php')
CRITICAL - 2023-11-22 11:42:11 --> Object of class stdClass could not be converted to string
in SYSTEMPATH\Database\Query.php on line 333.
 1 SYSTEMPATH\Database\Query.php(333): strtr('SELECT *
FROM `cart`
WHERE `id` = :id:
AND `shop_id` = :shop_id:
 LIMIT 1', [...])
 2 SYSTEMPATH\Database\Query.php(308): CodeIgniter\Database\Query->matchNamedBinds('SELECT *
FROM `cart`
WHERE `id` = :id:
AND `shop_id` = :shop_id:
 LIMIT 1', [...])
 3 SYSTEMPATH\Database\Query.php(159): CodeIgniter\Database\Query->compileBinds()
 4 SYSTEMPATH\Database\BaseConnection.php(607): CodeIgniter\Database\Query->getQuery()
 5 SYSTEMPATH\Database\BaseBuilder.php(1615): CodeIgniter\Database\BaseConnection->query('SELECT *
FROM `cart`
WHERE `id` = :id:
AND `shop_id` = :shop_id:
 LIMIT 1', [...], false)
 6 SYSTEMPATH\Model.php(264): CodeIgniter\Database\BaseBuilder->get()
 7 SYSTEMPATH\BaseModel.php(662): CodeIgniter\Model->doFirst()
 8 APPPATH\Controllers\MainController.php(189): CodeIgniter\BaseModel->first()
 9 SYSTEMPATH\CodeIgniter.php(942): App\Controllers\MainController->Cart()
10 SYSTEMPATH\CodeIgniter.php(502): CodeIgniter\CodeIgniter->runController(Object(App\Controllers\MainController))
11 SYSTEMPATH\CodeIgniter.php(361): CodeIgniter\CodeIgniter->handleRequest(null, Object(Config\Cache), false)
12 FCPATH\index.php(85): CodeIgniter\CodeIgniter->run()
13 SYSTEMPATH\Commands\Server\rewrite.php(47): require_once('C:\\laragon\\www\\BALMES-CARINGAL-MANALO-FINALPROJECT\\backend\\public\\index.php')
CRITICAL - 2023-11-22 11:42:11 --> Object of class stdClass could not be converted to string
in SYSTEMPATH\Database\Query.php on line 333.
 1 SYSTEMPATH\Database\Query.php(333): strtr('SELECT *
FROM `cart`
WHERE `id` = :id:
AND `shop_id` = :shop_id:
 LIMIT 1', [...])
 2 SYSTEMPATH\Database\Query.php(308): CodeIgniter\Database\Query->matchNamedBinds('SELECT *
FROM `cart`
WHERE `id` = :id:
AND `shop_id` = :shop_id:
 LIMIT 1', [...])
 3 SYSTEMPATH\Database\Query.php(159): CodeIgniter\Database\Query->compileBinds()
 4 SYSTEMPATH\Database\BaseConnection.php(607): CodeIgniter\Database\Query->getQuery()
 5 SYSTEMPATH\Database\BaseBuilder.php(1615): CodeIgniter\Database\BaseConnection->query('SELECT *
FROM `cart`
WHERE `id` = :id:
AND `shop_id` = :shop_id:
 LIMIT 1', [...], false)
 6 SYSTEMPATH\Model.php(264): CodeIgniter\Database\BaseBuilder->get()
 7 SYSTEMPATH\BaseModel.php(662): CodeIgniter\Model->doFirst()
 8 APPPATH\Controllers\MainController.php(189): CodeIgniter\BaseModel->first()
 9 SYSTEMPATH\CodeIgniter.php(942): App\Controllers\MainController->Cart()
10 SYSTEMPATH\CodeIgniter.php(502): CodeIgniter\CodeIgniter->runController(Object(App\Controllers\MainController))
11 SYSTEMPATH\CodeIgniter.php(361): CodeIgniter\CodeIgniter->handleRequest(null, Object(Config\Cache), false)
12 FCPATH\index.php(85): CodeIgniter\CodeIgniter->run()
13 SYSTEMPATH\Commands\Server\rewrite.php(47): require_once('C:\\laragon\\www\\BALMES-CARINGAL-MANALO-FINALPROJECT\\backend\\public\\index.php')
CRITICAL - 2023-11-22 11:42:12 --> Object of class stdClass could not be converted to string
in SYSTEMPATH\Database\Query.php on line 333.
 1 SYSTEMPATH\Database\Query.php(333): strtr('SELECT *
FROM `cart`
WHERE `id` = :id:
AND `shop_id` = :shop_id:
 LIMIT 1', [...])
 2 SYSTEMPATH\Database\Query.php(308): CodeIgniter\Database\Query->matchNamedBinds('SELECT *
FROM `cart`
WHERE `id` = :id:
AND `shop_id` = :shop_id:
 LIMIT 1', [...])
 3 SYSTEMPATH\Database\Query.php(159): CodeIgniter\Database\Query->compileBinds()
 4 SYSTEMPATH\Database\BaseConnection.php(607): CodeIgniter\Database\Query->getQuery()
 5 SYSTEMPATH\Database\BaseBuilder.php(1615): CodeIgniter\Database\BaseConnection->query('SELECT *
FROM `cart`
WHERE `id` = :id:
AND `shop_id` = :shop_id:
 LIMIT 1', [...], false)
 6 SYSTEMPATH\Model.php(264): CodeIgniter\Database\BaseBuilder->get()
 7 SYSTEMPATH\BaseModel.php(662): CodeIgniter\Model->doFirst()
 8 APPPATH\Controllers\MainController.php(189): CodeIgniter\BaseModel->first()
 9 SYSTEMPATH\CodeIgniter.php(942): App\Controllers\MainController->Cart()
10 SYSTEMPATH\CodeIgniter.php(502): CodeIgniter\CodeIgniter->runController(Object(App\Controllers\MainController))
11 SYSTEMPATH\CodeIgniter.php(361): CodeIgniter\CodeIgniter->handleRequest(null, Object(Config\Cache), false)
12 FCPATH\index.php(85): CodeIgniter\CodeIgniter->run()
13 SYSTEMPATH\Commands\Server\rewrite.php(47): require_once('C:\\laragon\\www\\BALMES-CARINGAL-MANALO-FINALPROJECT\\backend\\public\\index.php')
