CRITICAL - 2023-12-14 03:42:58 --> Undefined array key "bed_capacity"
in APPPATH\Controllers\MainController.php on line 271.
 1 APPPATH\Controllers\MainController.php(271): CodeIgniter\Debug\Exceptions->errorHandler(2, 'Undefined array key "bed_capacity"', 'C:\\laragon\\www\\BALMES-CARINGAL-MANALO-FINALPROJECT\\backend\\app\\Controllers\\MainController.php', 271)
 2 SYSTEMPATH\CodeIgniter.php(942): App\Controllers\MainController->booking()
 3 SYSTEMPATH\CodeIgniter.php(502): CodeIgniter\CodeIgniter->runController(Object(App\Controllers\MainController))
 4 SYSTEMPATH\CodeIgniter.php(361): CodeIgniter\CodeIgniter->handleRequest(null, Object(Config\Cache), false)
 5 FCPATH\index.php(86): CodeIgniter\CodeIgniter->run()
 6 SYSTEMPATH\Commands\Server\rewrite.php(47): require_once('C:\\laragon\\www\\BALMES-CARINGAL-MANALO-FINALPROJECT\\backend\\public\\index.php')
CRITICAL - 2023-12-14 03:43:22 --> Undefined array key "bed_capacity"
in APPPATH\Controllers\MainController.php on line 271.
 1 APPPATH\Controllers\MainController.php(271): CodeIgniter\Debug\Exceptions->errorHandler(2, 'Undefined array key "bed_capacity"', 'C:\\laragon\\www\\BALMES-CARINGAL-MANALO-FINALPROJECT\\backend\\app\\Controllers\\MainController.php', 271)
 2 SYSTEMPATH\CodeIgniter.php(942): App\Controllers\MainController->booking()
 3 SYSTEMPATH\CodeIgniter.php(502): CodeIgniter\CodeIgniter->runController(Object(App\Controllers\MainController))
 4 SYSTEMPATH\CodeIgniter.php(361): CodeIgniter\CodeIgniter->handleRequest(null, Object(Config\Cache), false)
 5 FCPATH\index.php(86): CodeIgniter\CodeIgniter->run()
 6 SYSTEMPATH\Commands\Server\rewrite.php(47): require_once('C:\\laragon\\www\\BALMES-CARINGAL-MANALO-FINALPROJECT\\backend\\public\\index.php')
CRITICAL - 2023-12-14 04:13:45 --> preg_match(): Compilation failed: unmatched closing parenthesis at offset 18
in SYSTEMPATH\Router\Router.php on line 424.
 1 [internal function]: CodeIgniter\Debug\Exceptions->errorHandler(2, 'preg_match(): Compilation failed: unmatched closing parenthesis at offset 18', 'C:\\laragon\\www\\BALMES-CARINGAL-MANALO-FINALPROJECT\\backend\\system\\Router\\Router.php', 424)
 2 SYSTEMPATH\Router\Router.php(424): preg_match('#^checked-out-items)$#u', 'getCheckedOutItems', [])
 3 SYSTEMPATH\Router\Router.php(186): CodeIgniter\Router\Router->checkRoutes('getCheckedOutItems')
 4 SYSTEMPATH\CodeIgniter.php(823): CodeIgniter\Router\Router->handle('getCheckedOutItems')
 5 SYSTEMPATH\CodeIgniter.php(450): CodeIgniter\CodeIgniter->tryToRouteIt(Object(CodeIgniter\Router\RouteCollection))
 6 SYSTEMPATH\CodeIgniter.php(361): CodeIgniter\CodeIgniter->handleRequest(null, Object(Config\Cache), false)
 7 FCPATH\index.php(86): CodeIgniter\CodeIgniter->run()
 8 SYSTEMPATH\Commands\Server\rewrite.php(47): require_once('C:\\laragon\\www\\BALMES-CARINGAL-MANALO-FINALPROJECT\\backend\\public\\index.php')
ERROR - 2023-12-14 10:28:19 --> Error connecting to the database: mysqli_sql_exception: No connection could be made because the target machine actively refused it in C:\laragon\www\BALMES-CARINGAL-MANALO-FINALPROJECT\backend\system\Database\MySQLi\Connection.php:185
Stack trace:
#0 C:\laragon\www\BALMES-CARINGAL-MANALO-FINALPROJECT\backend\system\Database\MySQLi\Connection.php(185): mysqli->real_connect('localhost', 'root', '', 'crud', 3306, '', 0)
#1 C:\laragon\www\BALMES-CARINGAL-MANALO-FINALPROJECT\backend\system\Database\BaseConnection.php(392): CodeIgniter\Database\MySQLi\Connection->connect(false)
#2 C:\laragon\www\BALMES-CARINGAL-MANALO-FINALPROJECT\backend\system\Database\BaseConnection.php(575): CodeIgniter\Database\BaseConnection->initialize()
#3 C:\laragon\www\BALMES-CARINGAL-MANALO-FINALPROJECT\backend\system\Database\BaseBuilder.php(1615): CodeIgniter\Database\BaseConnection->query('SELECT *\nFROM `...', Array, false)
#4 C:\laragon\www\BALMES-CARINGAL-MANALO-FINALPROJECT\backend\system\Model.php(264): CodeIgniter\Database\BaseBuilder->get()
#5 C:\laragon\www\BALMES-CARINGAL-MANALO-FINALPROJECT\backend\system\BaseModel.php(662): CodeIgniter\Model->doFirst()
#6 C:\laragon\www\BALMES-CARINGAL-MANALO-FINALPROJECT\backend\app\Controllers\MainController.php(371): CodeIgniter\BaseModel->first()
#7 C:\laragon\www\BALMES-CARINGAL-MANALO-FINALPROJECT\backend\system\CodeIgniter.php(942): App\Controllers\MainController->login()
#8 C:\laragon\www\BALMES-CARINGAL-MANALO-FINALPROJECT\backend\system\CodeIgniter.php(502): CodeIgniter\CodeIgniter->runController(Object(App\Controllers\MainController))
#9 C:\laragon\www\BALMES-CARINGAL-MANALO-FINALPROJECT\backend\system\CodeIgniter.php(361): CodeIgniter\CodeIgniter->handleRequest(NULL, Object(Config\Cache), false)
#10 C:\laragon\www\BALMES-CARINGAL-MANALO-FINALPROJECT\backend\public\index.php(86): CodeIgniter\CodeIgniter->run()
#11 C:\laragon\www\BALMES-CARINGAL-MANALO-FINALPROJECT\backend\system\Commands\Server\rewrite.php(47): require_once('C:\\laragon\\www\\...')
#12 {main}

Next CodeIgniter\Database\Exceptions\DatabaseException: No connection could be made because the target machine actively refused it in C:\laragon\www\BALMES-CARINGAL-MANALO-FINALPROJECT\backend\system\Database\MySQLi\Connection.php:229
Stack trace:
#0 C:\laragon\www\BALMES-CARINGAL-MANALO-FINALPROJECT\backend\system\Database\BaseConnection.php(392): CodeIgniter\Database\MySQLi\Connection->connect(false)
#1 C:\laragon\www\BALMES-CARINGAL-MANALO-FINALPROJECT\backend\system\Database\BaseConnection.php(575): CodeIgniter\Database\BaseConnection->initialize()
#2 C:\laragon\www\BALMES-CARINGAL-MANALO-FINALPROJECT\backend\system\Database\BaseBuilder.php(1615): CodeIgniter\Database\BaseConnection->query('SELECT *\nFROM `...', Array, false)
#3 C:\laragon\www\BALMES-CARINGAL-MANALO-FINALPROJECT\backend\system\Model.php(264): CodeIgniter\Database\BaseBuilder->get()
#4 C:\laragon\www\BALMES-CARINGAL-MANALO-FINALPROJECT\backend\system\BaseModel.php(662): CodeIgniter\Model->doFirst()
#5 C:\laragon\www\BALMES-CARINGAL-MANALO-FINALPROJECT\backend\app\Controllers\MainController.php(371): CodeIgniter\BaseModel->first()
#6 C:\laragon\www\BALMES-CARINGAL-MANALO-FINALPROJECT\backend\system\CodeIgniter.php(942): App\Controllers\MainController->login()
#7 C:\laragon\www\BALMES-CARINGAL-MANALO-FINALPROJECT\backend\system\CodeIgniter.php(502): CodeIgniter\CodeIgniter->runController(Object(App\Controllers\MainController))
#8 C:\laragon\www\BALMES-CARINGAL-MANALO-FINALPROJECT\backend\system\CodeIgniter.php(361): CodeIgniter\CodeIgniter->handleRequest(NULL, Object(Config\Cache), false)
#9 C:\laragon\www\BALMES-CARINGAL-MANALO-FINALPROJECT\backend\public\index.php(86): CodeIgniter\CodeIgniter->run()
#10 C:\laragon\www\BALMES-CARINGAL-MANALO-FINALPROJECT\backend\system\Commands\Server\rewrite.php(47): require_once('C:\\laragon\\www\\...')
#11 {main}
CRITICAL - 2023-12-14 10:28:19 --> Unable to connect to the database.
Main connection [MySQLi]: No connection could be made because the target machine actively refused it
in SYSTEMPATH\Database\BaseConnection.php on line 428.
 1 SYSTEMPATH\Database\BaseConnection.php(575): CodeIgniter\Database\BaseConnection->initialize()
 2 SYSTEMPATH\Database\BaseBuilder.php(1615): CodeIgniter\Database\BaseConnection->query('SELECT *
FROM `user`
WHERE `email` = :email:
 LIMIT 1', [...], false)
 3 SYSTEMPATH\Model.php(264): CodeIgniter\Database\BaseBuilder->get()
 4 SYSTEMPATH\BaseModel.php(662): CodeIgniter\Model->doFirst()
 5 APPPATH\Controllers\MainController.php(371): CodeIgniter\BaseModel->first()
 6 SYSTEMPATH\CodeIgniter.php(942): App\Controllers\MainController->login()
 7 SYSTEMPATH\CodeIgniter.php(502): CodeIgniter\CodeIgniter->runController(Object(App\Controllers\MainController))
 8 SYSTEMPATH\CodeIgniter.php(361): CodeIgniter\CodeIgniter->handleRequest(null, Object(Config\Cache), false)
 9 FCPATH\index.php(86): CodeIgniter\CodeIgniter->run()
10 SYSTEMPATH\Commands\Server\rewrite.php(47): require_once('C:\\laragon\\www\\BALMES-CARINGAL-MANALO-FINALPROJECT\\backend\\public\\index.php')
ERROR - 2023-12-14 10:28:23 --> Error connecting to the database: mysqli_sql_exception: No connection could be made because the target machine actively refused it in C:\laragon\www\BALMES-CARINGAL-MANALO-FINALPROJECT\backend\system\Database\MySQLi\Connection.php:185
Stack trace:
#0 C:\laragon\www\BALMES-CARINGAL-MANALO-FINALPROJECT\backend\system\Database\MySQLi\Connection.php(185): mysqli->real_connect('localhost', 'root', '', 'crud', 3306, '', 0)
#1 C:\laragon\www\BALMES-CARINGAL-MANALO-FINALPROJECT\backend\system\Database\BaseConnection.php(392): CodeIgniter\Database\MySQLi\Connection->connect(false)
#2 C:\laragon\www\BALMES-CARINGAL-MANALO-FINALPROJECT\backend\system\Database\BaseConnection.php(575): CodeIgniter\Database\BaseConnection->initialize()
#3 C:\laragon\www\BALMES-CARINGAL-MANALO-FINALPROJECT\backend\system\Database\BaseBuilder.php(1615): CodeIgniter\Database\BaseConnection->query('SELECT *\nFROM `...', Array, false)
#4 C:\laragon\www\BALMES-CARINGAL-MANALO-FINALPROJECT\backend\system\Model.php(264): CodeIgniter\Database\BaseBuilder->get()
#5 C:\laragon\www\BALMES-CARINGAL-MANALO-FINALPROJECT\backend\system\BaseModel.php(662): CodeIgniter\Model->doFirst()
#6 C:\laragon\www\BALMES-CARINGAL-MANALO-FINALPROJECT\backend\app\Controllers\MainController.php(371): CodeIgniter\BaseModel->first()
#7 C:\laragon\www\BALMES-CARINGAL-MANALO-FINALPROJECT\backend\system\CodeIgniter.php(942): App\Controllers\MainController->login()
#8 C:\laragon\www\BALMES-CARINGAL-MANALO-FINALPROJECT\backend\system\CodeIgniter.php(502): CodeIgniter\CodeIgniter->runController(Object(App\Controllers\MainController))
#9 C:\laragon\www\BALMES-CARINGAL-MANALO-FINALPROJECT\backend\system\CodeIgniter.php(361): CodeIgniter\CodeIgniter->handleRequest(NULL, Object(Config\Cache), false)
#10 C:\laragon\www\BALMES-CARINGAL-MANALO-FINALPROJECT\backend\public\index.php(86): CodeIgniter\CodeIgniter->run()
#11 C:\laragon\www\BALMES-CARINGAL-MANALO-FINALPROJECT\backend\system\Commands\Server\rewrite.php(47): require_once('C:\\laragon\\www\\...')
#12 {main}

Next CodeIgniter\Database\Exceptions\DatabaseException: No connection could be made because the target machine actively refused it in C:\laragon\www\BALMES-CARINGAL-MANALO-FINALPROJECT\backend\system\Database\MySQLi\Connection.php:229
Stack trace:
#0 C:\laragon\www\BALMES-CARINGAL-MANALO-FINALPROJECT\backend\system\Database\BaseConnection.php(392): CodeIgniter\Database\MySQLi\Connection->connect(false)
#1 C:\laragon\www\BALMES-CARINGAL-MANALO-FINALPROJECT\backend\system\Database\BaseConnection.php(575): CodeIgniter\Database\BaseConnection->initialize()
#2 C:\laragon\www\BALMES-CARINGAL-MANALO-FINALPROJECT\backend\system\Database\BaseBuilder.php(1615): CodeIgniter\Database\BaseConnection->query('SELECT *\nFROM `...', Array, false)
#3 C:\laragon\www\BALMES-CARINGAL-MANALO-FINALPROJECT\backend\system\Model.php(264): CodeIgniter\Database\BaseBuilder->get()
#4 C:\laragon\www\BALMES-CARINGAL-MANALO-FINALPROJECT\backend\system\BaseModel.php(662): CodeIgniter\Model->doFirst()
#5 C:\laragon\www\BALMES-CARINGAL-MANALO-FINALPROJECT\backend\app\Controllers\MainController.php(371): CodeIgniter\BaseModel->first()
#6 C:\laragon\www\BALMES-CARINGAL-MANALO-FINALPROJECT\backend\system\CodeIgniter.php(942): App\Controllers\MainController->login()
#7 C:\laragon\www\BALMES-CARINGAL-MANALO-FINALPROJECT\backend\system\CodeIgniter.php(502): CodeIgniter\CodeIgniter->runController(Object(App\Controllers\MainController))
#8 C:\laragon\www\BALMES-CARINGAL-MANALO-FINALPROJECT\backend\system\CodeIgniter.php(361): CodeIgniter\CodeIgniter->handleRequest(NULL, Object(Config\Cache), false)
#9 C:\laragon\www\BALMES-CARINGAL-MANALO-FINALPROJECT\backend\public\index.php(86): CodeIgniter\CodeIgniter->run()
#10 C:\laragon\www\BALMES-CARINGAL-MANALO-FINALPROJECT\backend\system\Commands\Server\rewrite.php(47): require_once('C:\\laragon\\www\\...')
#11 {main}
CRITICAL - 2023-12-14 10:28:23 --> Unable to connect to the database.
Main connection [MySQLi]: No connection could be made because the target machine actively refused it
in SYSTEMPATH\Database\BaseConnection.php on line 428.
 1 SYSTEMPATH\Database\BaseConnection.php(575): CodeIgniter\Database\BaseConnection->initialize()
 2 SYSTEMPATH\Database\BaseBuilder.php(1615): CodeIgniter\Database\BaseConnection->query('SELECT *
FROM `user`
WHERE `email` = :email:
 LIMIT 1', [...], false)
 3 SYSTEMPATH\Model.php(264): CodeIgniter\Database\BaseBuilder->get()
 4 SYSTEMPATH\BaseModel.php(662): CodeIgniter\Model->doFirst()
 5 APPPATH\Controllers\MainController.php(371): CodeIgniter\BaseModel->first()
 6 SYSTEMPATH\CodeIgniter.php(942): App\Controllers\MainController->login()
 7 SYSTEMPATH\CodeIgniter.php(502): CodeIgniter\CodeIgniter->runController(Object(App\Controllers\MainController))
 8 SYSTEMPATH\CodeIgniter.php(361): CodeIgniter\CodeIgniter->handleRequest(null, Object(Config\Cache), false)
 9 FCPATH\index.php(86): CodeIgniter\CodeIgniter->run()
10 SYSTEMPATH\Commands\Server\rewrite.php(47): require_once('C:\\laragon\\www\\BALMES-CARINGAL-MANALO-FINALPROJECT\\backend\\public\\index.php')
