ERROR - 2023-12-18 01:53:53 --> mysqli_sql_exception: Table 'crud.pool' doesn't exist in C:\laragon\www\BALMES-CARINGAL-MANALO-FINALPROJECT\backend\system\Database\MySQLi\Connection.php:306
Stack trace:
#0 C:\laragon\www\BALMES-CARINGAL-MANALO-FINALPROJECT\backend\system\Database\MySQLi\Connection.php(306): mysqli->query('SELECT *\nFROM `...', 0)
#1 C:\laragon\www\BALMES-CARINGAL-MANALO-FINALPROJECT\backend\system\Database\BaseConnection.php(693): CodeIgniter\Database\MySQLi\Connection->execute('SELECT *\nFROM `...')
#2 C:\laragon\www\BALMES-CARINGAL-MANALO-FINALPROJECT\backend\system\Database\BaseConnection.php(607): CodeIgniter\Database\BaseConnection->simpleQuery('SELECT *\nFROM `...')
#3 C:\laragon\www\BALMES-CARINGAL-MANALO-FINALPROJECT\backend\system\Database\BaseBuilder.php(1615): CodeIgniter\Database\BaseConnection->query('SELECT *\nFROM `...', Array, false)
#4 C:\laragon\www\BALMES-CARINGAL-MANALO-FINALPROJECT\backend\system\Model.php(237): CodeIgniter\Database\BaseBuilder->get()
#5 C:\laragon\www\BALMES-CARINGAL-MANALO-FINALPROJECT\backend\system\BaseModel.php(624): CodeIgniter\Model->doFindAll(0, 0)
#6 C:\laragon\www\BALMES-CARINGAL-MANALO-FINALPROJECT\backend\app\Controllers\MainController.php(153): CodeIgniter\BaseModel->findAll()
#7 C:\laragon\www\BALMES-CARINGAL-MANALO-FINALPROJECT\backend\system\CodeIgniter.php(942): App\Controllers\MainController->getPool()
#8 C:\laragon\www\BALMES-CARINGAL-MANALO-FINALPROJECT\backend\system\CodeIgniter.php(502): CodeIgniter\CodeIgniter->runController(Object(App\Controllers\MainController))
#9 C:\laragon\www\BALMES-CARINGAL-MANALO-FINALPROJECT\backend\system\CodeIgniter.php(361): CodeIgniter\CodeIgniter->handleRequest(NULL, Object(Config\Cache), false)
#10 C:\laragon\www\BALMES-CARINGAL-MANALO-FINALPROJECT\backend\public\index.php(86): CodeIgniter\CodeIgniter->run()
#11 C:\laragon\www\BALMES-CARINGAL-MANALO-FINALPROJECT\backend\system\Commands\Server\rewrite.php(47): require_once('C:\\laragon\\www\\...')
#12 {main}
CRITICAL - 2023-12-18 01:53:53 --> Table 'crud.pool' doesn't exist
in SYSTEMPATH\Database\BaseConnection.php on line 647.
 1 SYSTEMPATH\Database\BaseBuilder.php(1615): CodeIgniter\Database\BaseConnection->query('SELECT *
FROM `pool`', [], false)
 2 SYSTEMPATH\Model.php(237): CodeIgniter\Database\BaseBuilder->get()
 3 SYSTEMPATH\BaseModel.php(624): CodeIgniter\Model->doFindAll(0, 0)
 4 APPPATH\Controllers\MainController.php(153): CodeIgniter\BaseModel->findAll()
 5 SYSTEMPATH\CodeIgniter.php(942): App\Controllers\MainController->getPool()
 6 SYSTEMPATH\CodeIgniter.php(502): CodeIgniter\CodeIgniter->runController(Object(App\Controllers\MainController))
 7 SYSTEMPATH\CodeIgniter.php(361): CodeIgniter\CodeIgniter->handleRequest(null, Object(Config\Cache), false)
 8 FCPATH\index.php(86): CodeIgniter\CodeIgniter->run()
 9 SYSTEMPATH\Commands\Server\rewrite.php(47): require_once('C:\\laragon\\www\\BALMES-CARINGAL-MANALO-FINALPROJECT\\backend\\public\\index.php')
ERROR - 2023-12-18 01:54:00 --> mysqli_sql_exception: Table 'crud.pool' doesn't exist in C:\laragon\www\BALMES-CARINGAL-MANALO-FINALPROJECT\backend\system\Database\MySQLi\Connection.php:306
Stack trace:
#0 C:\laragon\www\BALMES-CARINGAL-MANALO-FINALPROJECT\backend\system\Database\MySQLi\Connection.php(306): mysqli->query('SELECT *\nFROM `...', 0)
#1 C:\laragon\www\BALMES-CARINGAL-MANALO-FINALPROJECT\backend\system\Database\BaseConnection.php(693): CodeIgniter\Database\MySQLi\Connection->execute('SELECT *\nFROM `...')
#2 C:\laragon\www\BALMES-CARINGAL-MANALO-FINALPROJECT\backend\system\Database\BaseConnection.php(607): CodeIgniter\Database\BaseConnection->simpleQuery('SELECT *\nFROM `...')
#3 C:\laragon\www\BALMES-CARINGAL-MANALO-FINALPROJECT\backend\system\Database\BaseBuilder.php(1615): CodeIgniter\Database\BaseConnection->query('SELECT *\nFROM `...', Array, false)
#4 C:\laragon\www\BALMES-CARINGAL-MANALO-FINALPROJECT\backend\system\Model.php(237): CodeIgniter\Database\BaseBuilder->get()
#5 C:\laragon\www\BALMES-CARINGAL-MANALO-FINALPROJECT\backend\system\BaseModel.php(624): CodeIgniter\Model->doFindAll(0, 0)
#6 C:\laragon\www\BALMES-CARINGAL-MANALO-FINALPROJECT\backend\app\Controllers\MainController.php(153): CodeIgniter\BaseModel->findAll()
#7 C:\laragon\www\BALMES-CARINGAL-MANALO-FINALPROJECT\backend\system\CodeIgniter.php(942): App\Controllers\MainController->getPool()
#8 C:\laragon\www\BALMES-CARINGAL-MANALO-FINALPROJECT\backend\system\CodeIgniter.php(502): CodeIgniter\CodeIgniter->runController(Object(App\Controllers\MainController))
#9 C:\laragon\www\BALMES-CARINGAL-MANALO-FINALPROJECT\backend\system\CodeIgniter.php(361): CodeIgniter\CodeIgniter->handleRequest(NULL, Object(Config\Cache), false)
#10 C:\laragon\www\BALMES-CARINGAL-MANALO-FINALPROJECT\backend\public\index.php(86): CodeIgniter\CodeIgniter->run()
#11 C:\laragon\www\BALMES-CARINGAL-MANALO-FINALPROJECT\backend\system\Commands\Server\rewrite.php(47): require_once('C:\\laragon\\www\\...')
#12 {main}
CRITICAL - 2023-12-18 01:54:00 --> Table 'crud.pool' doesn't exist
in SYSTEMPATH\Database\BaseConnection.php on line 647.
 1 SYSTEMPATH\Database\BaseBuilder.php(1615): CodeIgniter\Database\BaseConnection->query('SELECT *
FROM `pool`', [], false)
 2 SYSTEMPATH\Model.php(237): CodeIgniter\Database\BaseBuilder->get()
 3 SYSTEMPATH\BaseModel.php(624): CodeIgniter\Model->doFindAll(0, 0)
 4 APPPATH\Controllers\MainController.php(153): CodeIgniter\BaseModel->findAll()
 5 SYSTEMPATH\CodeIgniter.php(942): App\Controllers\MainController->getPool()
 6 SYSTEMPATH\CodeIgniter.php(502): CodeIgniter\CodeIgniter->runController(Object(App\Controllers\MainController))
 7 SYSTEMPATH\CodeIgniter.php(361): CodeIgniter\CodeIgniter->handleRequest(null, Object(Config\Cache), false)
 8 FCPATH\index.php(86): CodeIgniter\CodeIgniter->run()
 9 SYSTEMPATH\Commands\Server\rewrite.php(47): require_once('C:\\laragon\\www\\BALMES-CARINGAL-MANALO-FINALPROJECT\\backend\\public\\index.php')
ERROR - 2023-12-18 01:54:13 --> mysqli_sql_exception: Table 'crud.pool' doesn't exist in C:\laragon\www\BALMES-CARINGAL-MANALO-FINALPROJECT\backend\system\Database\MySQLi\Connection.php:306
Stack trace:
#0 C:\laragon\www\BALMES-CARINGAL-MANALO-FINALPROJECT\backend\system\Database\MySQLi\Connection.php(306): mysqli->query('SELECT *\nFROM `...', 0)
#1 C:\laragon\www\BALMES-CARINGAL-MANALO-FINALPROJECT\backend\system\Database\BaseConnection.php(693): CodeIgniter\Database\MySQLi\Connection->execute('SELECT *\nFROM `...')
#2 C:\laragon\www\BALMES-CARINGAL-MANALO-FINALPROJECT\backend\system\Database\BaseConnection.php(607): CodeIgniter\Database\BaseConnection->simpleQuery('SELECT *\nFROM `...')
#3 C:\laragon\www\BALMES-CARINGAL-MANALO-FINALPROJECT\backend\system\Database\BaseBuilder.php(1615): CodeIgniter\Database\BaseConnection->query('SELECT *\nFROM `...', Array, false)
#4 C:\laragon\www\BALMES-CARINGAL-MANALO-FINALPROJECT\backend\system\Model.php(237): CodeIgniter\Database\BaseBuilder->get()
#5 C:\laragon\www\BALMES-CARINGAL-MANALO-FINALPROJECT\backend\system\BaseModel.php(624): CodeIgniter\Model->doFindAll(0, 0)
#6 C:\laragon\www\BALMES-CARINGAL-MANALO-FINALPROJECT\backend\app\Controllers\MainController.php(153): CodeIgniter\BaseModel->findAll()
#7 C:\laragon\www\BALMES-CARINGAL-MANALO-FINALPROJECT\backend\system\CodeIgniter.php(942): App\Controllers\MainController->getPool()
#8 C:\laragon\www\BALMES-CARINGAL-MANALO-FINALPROJECT\backend\system\CodeIgniter.php(502): CodeIgniter\CodeIgniter->runController(Object(App\Controllers\MainController))
#9 C:\laragon\www\BALMES-CARINGAL-MANALO-FINALPROJECT\backend\system\CodeIgniter.php(361): CodeIgniter\CodeIgniter->handleRequest(NULL, Object(Config\Cache), false)
#10 C:\laragon\www\BALMES-CARINGAL-MANALO-FINALPROJECT\backend\public\index.php(86): CodeIgniter\CodeIgniter->run()
#11 C:\laragon\www\BALMES-CARINGAL-MANALO-FINALPROJECT\backend\system\Commands\Server\rewrite.php(47): require_once('C:\\laragon\\www\\...')
#12 {main}
CRITICAL - 2023-12-18 01:54:13 --> Table 'crud.pool' doesn't exist
in SYSTEMPATH\Database\BaseConnection.php on line 647.
 1 SYSTEMPATH\Database\BaseBuilder.php(1615): CodeIgniter\Database\BaseConnection->query('SELECT *
FROM `pool`', [], false)
 2 SYSTEMPATH\Model.php(237): CodeIgniter\Database\BaseBuilder->get()
 3 SYSTEMPATH\BaseModel.php(624): CodeIgniter\Model->doFindAll(0, 0)
 4 APPPATH\Controllers\MainController.php(153): CodeIgniter\BaseModel->findAll()
 5 SYSTEMPATH\CodeIgniter.php(942): App\Controllers\MainController->getPool()
 6 SYSTEMPATH\CodeIgniter.php(502): CodeIgniter\CodeIgniter->runController(Object(App\Controllers\MainController))
 7 SYSTEMPATH\CodeIgniter.php(361): CodeIgniter\CodeIgniter->handleRequest(null, Object(Config\Cache), false)
 8 FCPATH\index.php(86): CodeIgniter\CodeIgniter->run()
 9 SYSTEMPATH\Commands\Server\rewrite.php(47): require_once('C:\\laragon\\www\\BALMES-CARINGAL-MANALO-FINALPROJECT\\backend\\public\\index.php')
ERROR - 2023-12-18 01:54:38 --> mysqli_sql_exception: Table 'crud.pool' doesn't exist in C:\laragon\www\BALMES-CARINGAL-MANALO-FINALPROJECT\backend\system\Database\MySQLi\Connection.php:306
Stack trace:
#0 C:\laragon\www\BALMES-CARINGAL-MANALO-FINALPROJECT\backend\system\Database\MySQLi\Connection.php(306): mysqli->query('SELECT *\nFROM `...', 0)
#1 C:\laragon\www\BALMES-CARINGAL-MANALO-FINALPROJECT\backend\system\Database\BaseConnection.php(693): CodeIgniter\Database\MySQLi\Connection->execute('SELECT *\nFROM `...')
#2 C:\laragon\www\BALMES-CARINGAL-MANALO-FINALPROJECT\backend\system\Database\BaseConnection.php(607): CodeIgniter\Database\BaseConnection->simpleQuery('SELECT *\nFROM `...')
#3 C:\laragon\www\BALMES-CARINGAL-MANALO-FINALPROJECT\backend\system\Database\BaseBuilder.php(1615): CodeIgniter\Database\BaseConnection->query('SELECT *\nFROM `...', Array, false)
#4 C:\laragon\www\BALMES-CARINGAL-MANALO-FINALPROJECT\backend\system\Model.php(237): CodeIgniter\Database\BaseBuilder->get()
#5 C:\laragon\www\BALMES-CARINGAL-MANALO-FINALPROJECT\backend\system\BaseModel.php(624): CodeIgniter\Model->doFindAll(0, 0)
#6 C:\laragon\www\BALMES-CARINGAL-MANALO-FINALPROJECT\backend\app\Controllers\MainController.php(153): CodeIgniter\BaseModel->findAll()
#7 C:\laragon\www\BALMES-CARINGAL-MANALO-FINALPROJECT\backend\system\CodeIgniter.php(942): App\Controllers\MainController->getPool()
#8 C:\laragon\www\BALMES-CARINGAL-MANALO-FINALPROJECT\backend\system\CodeIgniter.php(502): CodeIgniter\CodeIgniter->runController(Object(App\Controllers\MainController))
#9 C:\laragon\www\BALMES-CARINGAL-MANALO-FINALPROJECT\backend\system\CodeIgniter.php(361): CodeIgniter\CodeIgniter->handleRequest(NULL, Object(Config\Cache), false)
#10 C:\laragon\www\BALMES-CARINGAL-MANALO-FINALPROJECT\backend\public\index.php(86): CodeIgniter\CodeIgniter->run()
#11 C:\laragon\www\BALMES-CARINGAL-MANALO-FINALPROJECT\backend\system\Commands\Server\rewrite.php(47): require_once('C:\\laragon\\www\\...')
#12 {main}
CRITICAL - 2023-12-18 01:54:38 --> Table 'crud.pool' doesn't exist
in SYSTEMPATH\Database\BaseConnection.php on line 647.
 1 SYSTEMPATH\Database\BaseBuilder.php(1615): CodeIgniter\Database\BaseConnection->query('SELECT *
FROM `pool`', [], false)
 2 SYSTEMPATH\Model.php(237): CodeIgniter\Database\BaseBuilder->get()
 3 SYSTEMPATH\BaseModel.php(624): CodeIgniter\Model->doFindAll(0, 0)
 4 APPPATH\Controllers\MainController.php(153): CodeIgniter\BaseModel->findAll()
 5 SYSTEMPATH\CodeIgniter.php(942): App\Controllers\MainController->getPool()
 6 SYSTEMPATH\CodeIgniter.php(502): CodeIgniter\CodeIgniter->runController(Object(App\Controllers\MainController))
 7 SYSTEMPATH\CodeIgniter.php(361): CodeIgniter\CodeIgniter->handleRequest(null, Object(Config\Cache), false)
 8 FCPATH\index.php(86): CodeIgniter\CodeIgniter->run()
 9 SYSTEMPATH\Commands\Server\rewrite.php(47): require_once('C:\\laragon\\www\\BALMES-CARINGAL-MANALO-FINALPROJECT\\backend\\public\\index.php')
ERROR - 2023-12-18 01:55:31 --> mysqli_sql_exception: Table 'crud.pool' doesn't exist in C:\laragon\www\BALMES-CARINGAL-MANALO-FINALPROJECT\backend\system\Database\MySQLi\Connection.php:306
Stack trace:
#0 C:\laragon\www\BALMES-CARINGAL-MANALO-FINALPROJECT\backend\system\Database\MySQLi\Connection.php(306): mysqli->query('SELECT *\nFROM `...', 0)
#1 C:\laragon\www\BALMES-CARINGAL-MANALO-FINALPROJECT\backend\system\Database\BaseConnection.php(693): CodeIgniter\Database\MySQLi\Connection->execute('SELECT *\nFROM `...')
#2 C:\laragon\www\BALMES-CARINGAL-MANALO-FINALPROJECT\backend\system\Database\BaseConnection.php(607): CodeIgniter\Database\BaseConnection->simpleQuery('SELECT *\nFROM `...')
#3 C:\laragon\www\BALMES-CARINGAL-MANALO-FINALPROJECT\backend\system\Database\BaseBuilder.php(1615): CodeIgniter\Database\BaseConnection->query('SELECT *\nFROM `...', Array, false)
#4 C:\laragon\www\BALMES-CARINGAL-MANALO-FINALPROJECT\backend\system\Model.php(237): CodeIgniter\Database\BaseBuilder->get()
#5 C:\laragon\www\BALMES-CARINGAL-MANALO-FINALPROJECT\backend\system\BaseModel.php(624): CodeIgniter\Model->doFindAll(0, 0)
#6 C:\laragon\www\BALMES-CARINGAL-MANALO-FINALPROJECT\backend\app\Controllers\MainController.php(153): CodeIgniter\BaseModel->findAll()
#7 C:\laragon\www\BALMES-CARINGAL-MANALO-FINALPROJECT\backend\system\CodeIgniter.php(942): App\Controllers\MainController->getPool()
#8 C:\laragon\www\BALMES-CARINGAL-MANALO-FINALPROJECT\backend\system\CodeIgniter.php(502): CodeIgniter\CodeIgniter->runController(Object(App\Controllers\MainController))
#9 C:\laragon\www\BALMES-CARINGAL-MANALO-FINALPROJECT\backend\system\CodeIgniter.php(361): CodeIgniter\CodeIgniter->handleRequest(NULL, Object(Config\Cache), false)
#10 C:\laragon\www\BALMES-CARINGAL-MANALO-FINALPROJECT\backend\public\index.php(86): CodeIgniter\CodeIgniter->run()
#11 C:\laragon\www\BALMES-CARINGAL-MANALO-FINALPROJECT\backend\system\Commands\Server\rewrite.php(47): require_once('C:\\laragon\\www\\...')
#12 {main}
CRITICAL - 2023-12-18 01:55:31 --> Table 'crud.pool' doesn't exist
in SYSTEMPATH\Database\BaseConnection.php on line 647.
 1 SYSTEMPATH\Database\BaseBuilder.php(1615): CodeIgniter\Database\BaseConnection->query('SELECT *
FROM `pool`', [], false)
 2 SYSTEMPATH\Model.php(237): CodeIgniter\Database\BaseBuilder->get()
 3 SYSTEMPATH\BaseModel.php(624): CodeIgniter\Model->doFindAll(0, 0)
 4 APPPATH\Controllers\MainController.php(153): CodeIgniter\BaseModel->findAll()
 5 SYSTEMPATH\CodeIgniter.php(942): App\Controllers\MainController->getPool()
 6 SYSTEMPATH\CodeIgniter.php(502): CodeIgniter\CodeIgniter->runController(Object(App\Controllers\MainController))
 7 SYSTEMPATH\CodeIgniter.php(361): CodeIgniter\CodeIgniter->handleRequest(null, Object(Config\Cache), false)
 8 FCPATH\index.php(86): CodeIgniter\CodeIgniter->run()
 9 SYSTEMPATH\Commands\Server\rewrite.php(47): require_once('C:\\laragon\\www\\BALMES-CARINGAL-MANALO-FINALPROJECT\\backend\\public\\index.php')
ERROR - 2023-12-18 01:58:43 --> mysqli_sql_exception: Table 'crud.pool' doesn't exist in C:\laragon\www\BALMES-CARINGAL-MANALO-FINALPROJECT\backend\system\Database\MySQLi\Connection.php:306
Stack trace:
#0 C:\laragon\www\BALMES-CARINGAL-MANALO-FINALPROJECT\backend\system\Database\MySQLi\Connection.php(306): mysqli->query('SELECT *\nFROM `...', 0)
#1 C:\laragon\www\BALMES-CARINGAL-MANALO-FINALPROJECT\backend\system\Database\BaseConnection.php(693): CodeIgniter\Database\MySQLi\Connection->execute('SELECT *\nFROM `...')
#2 C:\laragon\www\BALMES-CARINGAL-MANALO-FINALPROJECT\backend\system\Database\BaseConnection.php(607): CodeIgniter\Database\BaseConnection->simpleQuery('SELECT *\nFROM `...')
#3 C:\laragon\www\BALMES-CARINGAL-MANALO-FINALPROJECT\backend\system\Database\BaseBuilder.php(1615): CodeIgniter\Database\BaseConnection->query('SELECT *\nFROM `...', Array, false)
#4 C:\laragon\www\BALMES-CARINGAL-MANALO-FINALPROJECT\backend\system\Model.php(237): CodeIgniter\Database\BaseBuilder->get()
#5 C:\laragon\www\BALMES-CARINGAL-MANALO-FINALPROJECT\backend\system\BaseModel.php(624): CodeIgniter\Model->doFindAll(0, 0)
#6 C:\laragon\www\BALMES-CARINGAL-MANALO-FINALPROJECT\backend\app\Controllers\MainController.php(153): CodeIgniter\BaseModel->findAll()
#7 C:\laragon\www\BALMES-CARINGAL-MANALO-FINALPROJECT\backend\system\CodeIgniter.php(942): App\Controllers\MainController->getPool()
#8 C:\laragon\www\BALMES-CARINGAL-MANALO-FINALPROJECT\backend\system\CodeIgniter.php(502): CodeIgniter\CodeIgniter->runController(Object(App\Controllers\MainController))
#9 C:\laragon\www\BALMES-CARINGAL-MANALO-FINALPROJECT\backend\system\CodeIgniter.php(361): CodeIgniter\CodeIgniter->handleRequest(NULL, Object(Config\Cache), false)
#10 C:\laragon\www\BALMES-CARINGAL-MANALO-FINALPROJECT\backend\public\index.php(86): CodeIgniter\CodeIgniter->run()
#11 C:\laragon\www\BALMES-CARINGAL-MANALO-FINALPROJECT\backend\system\Commands\Server\rewrite.php(47): require_once('C:\\laragon\\www\\...')
#12 {main}
CRITICAL - 2023-12-18 01:58:43 --> Table 'crud.pool' doesn't exist
in SYSTEMPATH\Database\BaseConnection.php on line 647.
 1 SYSTEMPATH\Database\BaseBuilder.php(1615): CodeIgniter\Database\BaseConnection->query('SELECT *
FROM `pool`', [], false)
 2 SYSTEMPATH\Model.php(237): CodeIgniter\Database\BaseBuilder->get()
 3 SYSTEMPATH\BaseModel.php(624): CodeIgniter\Model->doFindAll(0, 0)
 4 APPPATH\Controllers\MainController.php(153): CodeIgniter\BaseModel->findAll()
 5 SYSTEMPATH\CodeIgniter.php(942): App\Controllers\MainController->getPool()
 6 SYSTEMPATH\CodeIgniter.php(502): CodeIgniter\CodeIgniter->runController(Object(App\Controllers\MainController))
 7 SYSTEMPATH\CodeIgniter.php(361): CodeIgniter\CodeIgniter->handleRequest(null, Object(Config\Cache), false)
 8 FCPATH\index.php(86): CodeIgniter\CodeIgniter->run()
 9 SYSTEMPATH\Commands\Server\rewrite.php(47): require_once('C:\\laragon\\www\\BALMES-CARINGAL-MANALO-FINALPROJECT\\backend\\public\\index.php')
CRITICAL - 2023-12-18 05:08:22 --> Call to a member function isValid() on null
in APPPATH\Controllers\MainController.php on line 741.
 1 SYSTEMPATH\CodeIgniter.php(942): App\Controllers\MainController->saveShop()
 2 SYSTEMPATH\CodeIgniter.php(502): CodeIgniter\CodeIgniter->runController(Object(App\Controllers\MainController))
 3 SYSTEMPATH\CodeIgniter.php(361): CodeIgniter\CodeIgniter->handleRequest(null, Object(Config\Cache), false)
 4 FCPATH\index.php(86): CodeIgniter\CodeIgniter->run()
 5 SYSTEMPATH\Commands\Server\rewrite.php(47): require_once('C:\\laragon\\www\\BALMES-CARINGAL-MANALO-FINALPROJECT\\backend\\public\\index.php')
CRITICAL - 2023-12-18 05:08:24 --> Call to a member function isValid() on null
in APPPATH\Controllers\MainController.php on line 741.
 1 SYSTEMPATH\CodeIgniter.php(942): App\Controllers\MainController->saveShop()
 2 SYSTEMPATH\CodeIgniter.php(502): CodeIgniter\CodeIgniter->runController(Object(App\Controllers\MainController))
 3 SYSTEMPATH\CodeIgniter.php(361): CodeIgniter\CodeIgniter->handleRequest(null, Object(Config\Cache), false)
 4 FCPATH\index.php(86): CodeIgniter\CodeIgniter->run()
 5 SYSTEMPATH\Commands\Server\rewrite.php(47): require_once('C:\\laragon\\www\\BALMES-CARINGAL-MANALO-FINALPROJECT\\backend\\public\\index.php')
CRITICAL - 2023-12-18 05:12:43 --> Unsupported operand types: int + string
in APPPATH\Controllers\MainController.php on line 281.
 1 SYSTEMPATH\CodeIgniter.php(942): App\Controllers\MainController->booking()
 2 SYSTEMPATH\CodeIgniter.php(502): CodeIgniter\CodeIgniter->runController(Object(App\Controllers\MainController))
 3 SYSTEMPATH\CodeIgniter.php(361): CodeIgniter\CodeIgniter->handleRequest(null, Object(Config\Cache), false)
 4 FCPATH\index.php(86): CodeIgniter\CodeIgniter->run()
 5 SYSTEMPATH\Commands\Server\rewrite.php(47): require_once('C:\\laragon\\www\\BALMES-CARINGAL-MANALO-FINALPROJECT\\backend\\public\\index.php')
CRITICAL - 2023-12-18 11:37:12 --> Undefined array key "user_id"
in APPPATH\Controllers\MainController.php on line 313.
 1 APPPATH\Controllers\MainController.php(313): CodeIgniter\Debug\Exceptions->errorHandler(2, 'Undefined array key "user_id"', 'C:\\laragon\\www\\BALMES-CARINGAL-MANALO-FINALPROJECT\\backend\\app\\Controllers\\MainController.php', 313)
 2 SYSTEMPATH\CodeIgniter.php(942): App\Controllers\MainController->declineBooking('113')
 3 SYSTEMPATH\CodeIgniter.php(502): CodeIgniter\CodeIgniter->runController(Object(App\Controllers\MainController))
 4 SYSTEMPATH\CodeIgniter.php(361): CodeIgniter\CodeIgniter->handleRequest(null, Object(Config\Cache), false)
 5 FCPATH\index.php(86): CodeIgniter\CodeIgniter->run()
 6 SYSTEMPATH\Commands\Server\rewrite.php(47): require_once('C:\\laragon\\www\\BALMES-CARINGAL-MANALO-FINALPROJECT\\backend\\public\\index.php')
CRITICAL - 2023-12-18 11:39:30 --> Call to undefined method App\Models\UserModel::getUserById
in SYSTEMPATH\Model.php on line 873.
 1 APPPATH\Controllers\MainController.php(1181): CodeIgniter\Model->__call('getUserById', [...])
 2 APPPATH\Controllers\MainController.php(313): App\Controllers\MainController->sendBookingNotification('102', '114', 'declined')
 3 SYSTEMPATH\CodeIgniter.php(942): App\Controllers\MainController->declineBooking('114')
 4 SYSTEMPATH\CodeIgniter.php(502): CodeIgniter\CodeIgniter->runController(Object(App\Controllers\MainController))
 5 SYSTEMPATH\CodeIgniter.php(361): CodeIgniter\CodeIgniter->handleRequest(null, Object(Config\Cache), false)
 6 FCPATH\index.php(86): CodeIgniter\CodeIgniter->run()
 7 SYSTEMPATH\Commands\Server\rewrite.php(47): require_once('C:\\laragon\\www\\BALMES-CARINGAL-MANALO-FINALPROJECT\\backend\\public\\index.php')
ERROR - 2023-12-18 13:53:49 --> mysqli_sql_exception: Cannot add or update a child row: a foreign key constraint fails (`crud`.`notifications`, CONSTRAINT `notifications_ibfk_1` FOREIGN KEY (`id`) REFERENCES `user` (`id`)) in C:\laragon\www\BALMES-CARINGAL-MANALO-FINALPROJECT\backend\system\Database\MySQLi\Connection.php:306
Stack trace:
#0 C:\laragon\www\BALMES-CARINGAL-MANALO-FINALPROJECT\backend\system\Database\MySQLi\Connection.php(306): mysqli->query('INSERT INTO `no...', 0)
#1 C:\laragon\www\BALMES-CARINGAL-MANALO-FINALPROJECT\backend\system\Database\BaseConnection.php(693): CodeIgniter\Database\MySQLi\Connection->execute('INSERT INTO `no...')
#2 C:\laragon\www\BALMES-CARINGAL-MANALO-FINALPROJECT\backend\system\Database\BaseConnection.php(607): CodeIgniter\Database\BaseConnection->simpleQuery('INSERT INTO `no...')
#3 C:\laragon\www\BALMES-CARINGAL-MANALO-FINALPROJECT\backend\system\Database\BaseBuilder.php(2308): CodeIgniter\Database\BaseConnection->query('INSERT INTO `no...', Array, false)
#4 C:\laragon\www\BALMES-CARINGAL-MANALO-FINALPROJECT\backend\system\Model.php(319): CodeIgniter\Database\BaseBuilder->insert()
#5 C:\laragon\www\BALMES-CARINGAL-MANALO-FINALPROJECT\backend\system\BaseModel.php(788): CodeIgniter\Model->doInsert(Array)
#6 C:\laragon\www\BALMES-CARINGAL-MANALO-FINALPROJECT\backend\system\Model.php(715): CodeIgniter\BaseModel->insert(Array, true)
#7 C:\laragon\www\BALMES-CARINGAL-MANALO-FINALPROJECT\backend\app\Controllers\MainController.php(322): CodeIgniter\Model->insert(Array)
#8 C:\laragon\www\BALMES-CARINGAL-MANALO-FINALPROJECT\backend\system\CodeIgniter.php(942): App\Controllers\MainController->declineBooking('116')
#9 C:\laragon\www\BALMES-CARINGAL-MANALO-FINALPROJECT\backend\system\CodeIgniter.php(502): CodeIgniter\CodeIgniter->runController(Object(App\Controllers\MainController))
#10 C:\laragon\www\BALMES-CARINGAL-MANALO-FINALPROJECT\backend\system\CodeIgniter.php(361): CodeIgniter\CodeIgniter->handleRequest(NULL, Object(Config\Cache), false)
#11 C:\laragon\www\BALMES-CARINGAL-MANALO-FINALPROJECT\backend\public\index.php(86): CodeIgniter\CodeIgniter->run()
#12 C:\laragon\www\BALMES-CARINGAL-MANALO-FINALPROJECT\backend\system\Commands\Server\rewrite.php(47): require_once('C:\\laragon\\www\\...')
#13 {main}
CRITICAL - 2023-12-18 13:53:49 --> Cannot add or update a child row: a foreign key constraint fails (`crud`.`notifications`, CONSTRAINT `notifications_ibfk_1` FOREIGN KEY (`id`) REFERENCES `user` (`id`))
in SYSTEMPATH\Database\BaseConnection.php on line 647.
 1 SYSTEMPATH\Database\BaseBuilder.php(2308): CodeIgniter\Database\BaseConnection->query('INSERT INTO `notifications` (`notification_type`, `message`) VALUES (:notification_type:, :message:)', [...], false)
 2 SYSTEMPATH\Model.php(319): CodeIgniter\Database\BaseBuilder->insert()
 3 SYSTEMPATH\BaseModel.php(788): CodeIgniter\Model->doInsert([...])
 4 SYSTEMPATH\Model.php(715): CodeIgniter\BaseModel->insert([...], true)
 5 APPPATH\Controllers\MainController.php(322): CodeIgniter\Model->insert([...])
 6 SYSTEMPATH\CodeIgniter.php(942): App\Controllers\MainController->declineBooking('116')
 7 SYSTEMPATH\CodeIgniter.php(502): CodeIgniter\CodeIgniter->runController(Object(App\Controllers\MainController))
 8 SYSTEMPATH\CodeIgniter.php(361): CodeIgniter\CodeIgniter->handleRequest(null, Object(Config\Cache), false)
 9 FCPATH\index.php(86): CodeIgniter\CodeIgniter->run()
10 SYSTEMPATH\Commands\Server\rewrite.php(47): require_once('C:\\laragon\\www\\BALMES-CARINGAL-MANALO-FINALPROJECT\\backend\\public\\index.php')
ERROR - 2023-12-18 13:55:29 --> mysqli_sql_exception: Cannot add or update a child row: a foreign key constraint fails (`crud`.`notifications`, CONSTRAINT `notifications_ibfk_1` FOREIGN KEY (`id`) REFERENCES `user` (`id`)) in C:\laragon\www\BALMES-CARINGAL-MANALO-FINALPROJECT\backend\system\Database\MySQLi\Connection.php:306
Stack trace:
#0 C:\laragon\www\BALMES-CARINGAL-MANALO-FINALPROJECT\backend\system\Database\MySQLi\Connection.php(306): mysqli->query('INSERT INTO `no...', 0)
#1 C:\laragon\www\BALMES-CARINGAL-MANALO-FINALPROJECT\backend\system\Database\BaseConnection.php(693): CodeIgniter\Database\MySQLi\Connection->execute('INSERT INTO `no...')
#2 C:\laragon\www\BALMES-CARINGAL-MANALO-FINALPROJECT\backend\system\Database\BaseConnection.php(607): CodeIgniter\Database\BaseConnection->simpleQuery('INSERT INTO `no...')
#3 C:\laragon\www\BALMES-CARINGAL-MANALO-FINALPROJECT\backend\system\Database\BaseBuilder.php(2308): CodeIgniter\Database\BaseConnection->query('INSERT INTO `no...', Array, false)
#4 C:\laragon\www\BALMES-CARINGAL-MANALO-FINALPROJECT\backend\system\Model.php(319): CodeIgniter\Database\BaseBuilder->insert()
#5 C:\laragon\www\BALMES-CARINGAL-MANALO-FINALPROJECT\backend\system\BaseModel.php(788): CodeIgniter\Model->doInsert(Array)
#6 C:\laragon\www\BALMES-CARINGAL-MANALO-FINALPROJECT\backend\system\Model.php(715): CodeIgniter\BaseModel->insert(Array, true)
#7 C:\laragon\www\BALMES-CARINGAL-MANALO-FINALPROJECT\backend\app\Controllers\MainController.php(322): CodeIgniter\Model->insert(Array)
#8 C:\laragon\www\BALMES-CARINGAL-MANALO-FINALPROJECT\backend\system\CodeIgniter.php(942): App\Controllers\MainController->declineBooking('118')
#9 C:\laragon\www\BALMES-CARINGAL-MANALO-FINALPROJECT\backend\system\CodeIgniter.php(502): CodeIgniter\CodeIgniter->runController(Object(App\Controllers\MainController))
#10 C:\laragon\www\BALMES-CARINGAL-MANALO-FINALPROJECT\backend\system\CodeIgniter.php(361): CodeIgniter\CodeIgniter->handleRequest(NULL, Object(Config\Cache), false)
#11 C:\laragon\www\BALMES-CARINGAL-MANALO-FINALPROJECT\backend\public\index.php(86): CodeIgniter\CodeIgniter->run()
#12 C:\laragon\www\BALMES-CARINGAL-MANALO-FINALPROJECT\backend\system\Commands\Server\rewrite.php(47): require_once('C:\\laragon\\www\\...')
#13 {main}
CRITICAL - 2023-12-18 13:55:29 --> Cannot add or update a child row: a foreign key constraint fails (`crud`.`notifications`, CONSTRAINT `notifications_ibfk_1` FOREIGN KEY (`id`) REFERENCES `user` (`id`))
in SYSTEMPATH\Database\BaseConnection.php on line 647.
 1 SYSTEMPATH\Database\BaseBuilder.php(2308): CodeIgniter\Database\BaseConnection->query('INSERT INTO `notifications` (`notification_type`, `message`) VALUES (:notification_type:, :message:)', [...], false)
 2 SYSTEMPATH\Model.php(319): CodeIgniter\Database\BaseBuilder->insert()
 3 SYSTEMPATH\BaseModel.php(788): CodeIgniter\Model->doInsert([...])
 4 SYSTEMPATH\Model.php(715): CodeIgniter\BaseModel->insert([...], true)
 5 APPPATH\Controllers\MainController.php(322): CodeIgniter\Model->insert([...])
 6 SYSTEMPATH\CodeIgniter.php(942): App\Controllers\MainController->declineBooking('118')
 7 SYSTEMPATH\CodeIgniter.php(502): CodeIgniter\CodeIgniter->runController(Object(App\Controllers\MainController))
 8 SYSTEMPATH\CodeIgniter.php(361): CodeIgniter\CodeIgniter->handleRequest(null, Object(Config\Cache), false)
 9 FCPATH\index.php(86): CodeIgniter\CodeIgniter->run()
10 SYSTEMPATH\Commands\Server\rewrite.php(47): require_once('C:\\laragon\\www\\BALMES-CARINGAL-MANALO-FINALPROJECT\\backend\\public\\index.php')
ERROR - 2023-12-18 13:59:57 --> mysqli_sql_exception: Cannot add or update a child row: a foreign key constraint fails (`crud`.`notifications`, CONSTRAINT `notifications_ibfk_1` FOREIGN KEY (`id`) REFERENCES `user` (`id`)) in C:\laragon\www\BALMES-CARINGAL-MANALO-FINALPROJECT\backend\system\Database\MySQLi\Connection.php:306
Stack trace:
#0 C:\laragon\www\BALMES-CARINGAL-MANALO-FINALPROJECT\backend\system\Database\MySQLi\Connection.php(306): mysqli->query('INSERT INTO `no...', 0)
#1 C:\laragon\www\BALMES-CARINGAL-MANALO-FINALPROJECT\backend\system\Database\BaseConnection.php(693): CodeIgniter\Database\MySQLi\Connection->execute('INSERT INTO `no...')
#2 C:\laragon\www\BALMES-CARINGAL-MANALO-FINALPROJECT\backend\system\Database\BaseConnection.php(607): CodeIgniter\Database\BaseConnection->simpleQuery('INSERT INTO `no...')
#3 C:\laragon\www\BALMES-CARINGAL-MANALO-FINALPROJECT\backend\system\Database\BaseBuilder.php(2308): CodeIgniter\Database\BaseConnection->query('INSERT INTO `no...', Array, false)
#4 C:\laragon\www\BALMES-CARINGAL-MANALO-FINALPROJECT\backend\system\Model.php(319): CodeIgniter\Database\BaseBuilder->insert()
#5 C:\laragon\www\BALMES-CARINGAL-MANALO-FINALPROJECT\backend\system\BaseModel.php(788): CodeIgniter\Model->doInsert(Array)
#6 C:\laragon\www\BALMES-CARINGAL-MANALO-FINALPROJECT\backend\system\Model.php(715): CodeIgniter\BaseModel->insert(Array, true)
#7 C:\laragon\www\BALMES-CARINGAL-MANALO-FINALPROJECT\backend\app\Controllers\MainController.php(322): CodeIgniter\Model->insert(Array)
#8 C:\laragon\www\BALMES-CARINGAL-MANALO-FINALPROJECT\backend\system\CodeIgniter.php(942): App\Controllers\MainController->declineBooking('119')
#9 C:\laragon\www\BALMES-CARINGAL-MANALO-FINALPROJECT\backend\system\CodeIgniter.php(502): CodeIgniter\CodeIgniter->runController(Object(App\Controllers\MainController))
#10 C:\laragon\www\BALMES-CARINGAL-MANALO-FINALPROJECT\backend\system\CodeIgniter.php(361): CodeIgniter\CodeIgniter->handleRequest(NULL, Object(Config\Cache), false)
#11 C:\laragon\www\BALMES-CARINGAL-MANALO-FINALPROJECT\backend\public\index.php(86): CodeIgniter\CodeIgniter->run()
#12 C:\laragon\www\BALMES-CARINGAL-MANALO-FINALPROJECT\backend\system\Commands\Server\rewrite.php(47): require_once('C:\\laragon\\www\\...')
#13 {main}
CRITICAL - 2023-12-18 13:59:57 --> Cannot add or update a child row: a foreign key constraint fails (`crud`.`notifications`, CONSTRAINT `notifications_ibfk_1` FOREIGN KEY (`id`) REFERENCES `user` (`id`))
in SYSTEMPATH\Database\BaseConnection.php on line 647.
 1 SYSTEMPATH\Database\BaseBuilder.php(2308): CodeIgniter\Database\BaseConnection->query('INSERT INTO `notifications` (`notification_type`, `message`, `created_at`) VALUES (:notification_type:, :message:, :created_at:)', [...], false)
 2 SYSTEMPATH\Model.php(319): CodeIgniter\Database\BaseBuilder->insert()
 3 SYSTEMPATH\BaseModel.php(788): CodeIgniter\Model->doInsert([...])
 4 SYSTEMPATH\Model.php(715): CodeIgniter\BaseModel->insert([...], true)
 5 APPPATH\Controllers\MainController.php(322): CodeIgniter\Model->insert([...])
 6 SYSTEMPATH\CodeIgniter.php(942): App\Controllers\MainController->declineBooking('119')
 7 SYSTEMPATH\CodeIgniter.php(502): CodeIgniter\CodeIgniter->runController(Object(App\Controllers\MainController))
 8 SYSTEMPATH\CodeIgniter.php(361): CodeIgniter\CodeIgniter->handleRequest(null, Object(Config\Cache), false)
 9 FCPATH\index.php(86): CodeIgniter\CodeIgniter->run()
10 SYSTEMPATH\Commands\Server\rewrite.php(47): require_once('C:\\laragon\\www\\BALMES-CARINGAL-MANALO-FINALPROJECT\\backend\\public\\index.php')
ERROR - 2023-12-18 14:35:58 --> mysqli_sql_exception: Column 'order_payment_method' cannot be null in C:\laragon\www\BALMES-CARINGAL-MANALO-FINALPROJECT\backend\system\Database\MySQLi\Connection.php:306
Stack trace:
#0 C:\laragon\www\BALMES-CARINGAL-MANALO-FINALPROJECT\backend\system\Database\MySQLi\Connection.php(306): mysqli->query('INSERT INTO `or...', 0)
#1 C:\laragon\www\BALMES-CARINGAL-MANALO-FINALPROJECT\backend\system\Database\BaseConnection.php(693): CodeIgniter\Database\MySQLi\Connection->execute('INSERT INTO `or...')
#2 C:\laragon\www\BALMES-CARINGAL-MANALO-FINALPROJECT\backend\system\Database\BaseConnection.php(607): CodeIgniter\Database\BaseConnection->simpleQuery('INSERT INTO `or...')
#3 C:\laragon\www\BALMES-CARINGAL-MANALO-FINALPROJECT\backend\system\Database\BaseBuilder.php(2308): CodeIgniter\Database\BaseConnection->query('INSERT INTO `or...', Array, false)
#4 C:\laragon\www\BALMES-CARINGAL-MANALO-FINALPROJECT\backend\system\Model.php(319): CodeIgniter\Database\BaseBuilder->insert()
#5 C:\laragon\www\BALMES-CARINGAL-MANALO-FINALPROJECT\backend\system\BaseModel.php(788): CodeIgniter\Model->doInsert(Array)
#6 C:\laragon\www\BALMES-CARINGAL-MANALO-FINALPROJECT\backend\system\Model.php(715): CodeIgniter\BaseModel->insert(Array, false)
#7 C:\laragon\www\BALMES-CARINGAL-MANALO-FINALPROJECT\backend\system\BaseModel.php(698): CodeIgniter\Model->insert(Array, false)
#8 C:\laragon\www\BALMES-CARINGAL-MANALO-FINALPROJECT\backend\app\Controllers\MainController.php(618): CodeIgniter\BaseModel->save(Array)
#9 C:\laragon\www\BALMES-CARINGAL-MANALO-FINALPROJECT\backend\system\CodeIgniter.php(942): App\Controllers\MainController->checkout()
#10 C:\laragon\www\BALMES-CARINGAL-MANALO-FINALPROJECT\backend\system\CodeIgniter.php(502): CodeIgniter\CodeIgniter->runController(Object(App\Controllers\MainController))
#11 C:\laragon\www\BALMES-CARINGAL-MANALO-FINALPROJECT\backend\system\CodeIgniter.php(361): CodeIgniter\CodeIgniter->handleRequest(NULL, Object(Config\Cache), false)
#12 C:\laragon\www\BALMES-CARINGAL-MANALO-FINALPROJECT\backend\public\index.php(86): CodeIgniter\CodeIgniter->run()
#13 C:\laragon\www\BALMES-CARINGAL-MANALO-FINALPROJECT\backend\system\Commands\Server\rewrite.php(47): require_once('C:\\laragon\\www\\...')
#14 {main}
CRITICAL - 2023-12-18 14:35:58 --> Column 'order_payment_method' cannot be null
in SYSTEMPATH\Database\BaseConnection.php on line 647.
 1 SYSTEMPATH\Database\BaseBuilder.php(2308): CodeIgniter\Database\BaseConnection->query('INSERT INTO `orders` (`id`, `order_status`, `total_price`, `order_payment_method`) VALUES (:id:, :order_status:, :total_price:, :order_payment_method:)', [...], false)
 2 SYSTEMPATH\Model.php(319): CodeIgniter\Database\BaseBuilder->insert()
 3 SYSTEMPATH\BaseModel.php(788): CodeIgniter\Model->doInsert([...])
 4 SYSTEMPATH\Model.php(715): CodeIgniter\BaseModel->insert([...], false)
 5 SYSTEMPATH\BaseModel.php(698): CodeIgniter\Model->insert([...], false)
 6 APPPATH\Controllers\MainController.php(618): CodeIgniter\BaseModel->save([...])
 7 SYSTEMPATH\CodeIgniter.php(942): App\Controllers\MainController->checkout()
 8 SYSTEMPATH\CodeIgniter.php(502): CodeIgniter\CodeIgniter->runController(Object(App\Controllers\MainController))
 9 SYSTEMPATH\CodeIgniter.php(361): CodeIgniter\CodeIgniter->handleRequest(null, Object(Config\Cache), false)
10 FCPATH\index.php(86): CodeIgniter\CodeIgniter->run()
11 SYSTEMPATH\Commands\Server\rewrite.php(47): require_once('C:\\laragon\\www\\BALMES-CARINGAL-MANALO-FINALPROJECT\\backend\\public\\index.php')
ERROR - 2023-12-18 14:35:59 --> mysqli_sql_exception: Column 'order_payment_method' cannot be null in C:\laragon\www\BALMES-CARINGAL-MANALO-FINALPROJECT\backend\system\Database\MySQLi\Connection.php:306
Stack trace:
#0 C:\laragon\www\BALMES-CARINGAL-MANALO-FINALPROJECT\backend\system\Database\MySQLi\Connection.php(306): mysqli->query('INSERT INTO `or...', 0)
#1 C:\laragon\www\BALMES-CARINGAL-MANALO-FINALPROJECT\backend\system\Database\BaseConnection.php(693): CodeIgniter\Database\MySQLi\Connection->execute('INSERT INTO `or...')
#2 C:\laragon\www\BALMES-CARINGAL-MANALO-FINALPROJECT\backend\system\Database\BaseConnection.php(607): CodeIgniter\Database\BaseConnection->simpleQuery('INSERT INTO `or...')
#3 C:\laragon\www\BALMES-CARINGAL-MANALO-FINALPROJECT\backend\system\Database\BaseBuilder.php(2308): CodeIgniter\Database\BaseConnection->query('INSERT INTO `or...', Array, false)
#4 C:\laragon\www\BALMES-CARINGAL-MANALO-FINALPROJECT\backend\system\Model.php(319): CodeIgniter\Database\BaseBuilder->insert()
#5 C:\laragon\www\BALMES-CARINGAL-MANALO-FINALPROJECT\backend\system\BaseModel.php(788): CodeIgniter\Model->doInsert(Array)
#6 C:\laragon\www\BALMES-CARINGAL-MANALO-FINALPROJECT\backend\system\Model.php(715): CodeIgniter\BaseModel->insert(Array, false)
#7 C:\laragon\www\BALMES-CARINGAL-MANALO-FINALPROJECT\backend\system\BaseModel.php(698): CodeIgniter\Model->insert(Array, false)
#8 C:\laragon\www\BALMES-CARINGAL-MANALO-FINALPROJECT\backend\app\Controllers\MainController.php(618): CodeIgniter\BaseModel->save(Array)
#9 C:\laragon\www\BALMES-CARINGAL-MANALO-FINALPROJECT\backend\system\CodeIgniter.php(942): App\Controllers\MainController->checkout()
#10 C:\laragon\www\BALMES-CARINGAL-MANALO-FINALPROJECT\backend\system\CodeIgniter.php(502): CodeIgniter\CodeIgniter->runController(Object(App\Controllers\MainController))
#11 C:\laragon\www\BALMES-CARINGAL-MANALO-FINALPROJECT\backend\system\CodeIgniter.php(361): CodeIgniter\CodeIgniter->handleRequest(NULL, Object(Config\Cache), false)
#12 C:\laragon\www\BALMES-CARINGAL-MANALO-FINALPROJECT\backend\public\index.php(86): CodeIgniter\CodeIgniter->run()
#13 C:\laragon\www\BALMES-CARINGAL-MANALO-FINALPROJECT\backend\system\Commands\Server\rewrite.php(47): require_once('C:\\laragon\\www\\...')
#14 {main}
CRITICAL - 2023-12-18 14:35:59 --> Column 'order_payment_method' cannot be null
in SYSTEMPATH\Database\BaseConnection.php on line 647.
 1 SYSTEMPATH\Database\BaseBuilder.php(2308): CodeIgniter\Database\BaseConnection->query('INSERT INTO `orders` (`id`, `order_status`, `total_price`, `order_payment_method`) VALUES (:id:, :order_status:, :total_price:, :order_payment_method:)', [...], false)
 2 SYSTEMPATH\Model.php(319): CodeIgniter\Database\BaseBuilder->insert()
 3 SYSTEMPATH\BaseModel.php(788): CodeIgniter\Model->doInsert([...])
 4 SYSTEMPATH\Model.php(715): CodeIgniter\BaseModel->insert([...], false)
 5 SYSTEMPATH\BaseModel.php(698): CodeIgniter\Model->insert([...], false)
 6 APPPATH\Controllers\MainController.php(618): CodeIgniter\BaseModel->save([...])
 7 SYSTEMPATH\CodeIgniter.php(942): App\Controllers\MainController->checkout()
 8 SYSTEMPATH\CodeIgniter.php(502): CodeIgniter\CodeIgniter->runController(Object(App\Controllers\MainController))
 9 SYSTEMPATH\CodeIgniter.php(361): CodeIgniter\CodeIgniter->handleRequest(null, Object(Config\Cache), false)
10 FCPATH\index.php(86): CodeIgniter\CodeIgniter->run()
11 SYSTEMPATH\Commands\Server\rewrite.php(47): require_once('C:\\laragon\\www\\BALMES-CARINGAL-MANALO-FINALPROJECT\\backend\\public\\index.php')
ERROR - 2023-12-18 14:35:59 --> mysqli_sql_exception: Column 'order_payment_method' cannot be null in C:\laragon\www\BALMES-CARINGAL-MANALO-FINALPROJECT\backend\system\Database\MySQLi\Connection.php:306
Stack trace:
#0 C:\laragon\www\BALMES-CARINGAL-MANALO-FINALPROJECT\backend\system\Database\MySQLi\Connection.php(306): mysqli->query('INSERT INTO `or...', 0)
#1 C:\laragon\www\BALMES-CARINGAL-MANALO-FINALPROJECT\backend\system\Database\BaseConnection.php(693): CodeIgniter\Database\MySQLi\Connection->execute('INSERT INTO `or...')
#2 C:\laragon\www\BALMES-CARINGAL-MANALO-FINALPROJECT\backend\system\Database\BaseConnection.php(607): CodeIgniter\Database\BaseConnection->simpleQuery('INSERT INTO `or...')
#3 C:\laragon\www\BALMES-CARINGAL-MANALO-FINALPROJECT\backend\system\Database\BaseBuilder.php(2308): CodeIgniter\Database\BaseConnection->query('INSERT INTO `or...', Array, false)
#4 C:\laragon\www\BALMES-CARINGAL-MANALO-FINALPROJECT\backend\system\Model.php(319): CodeIgniter\Database\BaseBuilder->insert()
#5 C:\laragon\www\BALMES-CARINGAL-MANALO-FINALPROJECT\backend\system\BaseModel.php(788): CodeIgniter\Model->doInsert(Array)
#6 C:\laragon\www\BALMES-CARINGAL-MANALO-FINALPROJECT\backend\system\Model.php(715): CodeIgniter\BaseModel->insert(Array, false)
#7 C:\laragon\www\BALMES-CARINGAL-MANALO-FINALPROJECT\backend\system\BaseModel.php(698): CodeIgniter\Model->insert(Array, false)
#8 C:\laragon\www\BALMES-CARINGAL-MANALO-FINALPROJECT\backend\app\Controllers\MainController.php(618): CodeIgniter\BaseModel->save(Array)
#9 C:\laragon\www\BALMES-CARINGAL-MANALO-FINALPROJECT\backend\system\CodeIgniter.php(942): App\Controllers\MainController->checkout()
#10 C:\laragon\www\BALMES-CARINGAL-MANALO-FINALPROJECT\backend\system\CodeIgniter.php(502): CodeIgniter\CodeIgniter->runController(Object(App\Controllers\MainController))
#11 C:\laragon\www\BALMES-CARINGAL-MANALO-FINALPROJECT\backend\system\CodeIgniter.php(361): CodeIgniter\CodeIgniter->handleRequest(NULL, Object(Config\Cache), false)
#12 C:\laragon\www\BALMES-CARINGAL-MANALO-FINALPROJECT\backend\public\index.php(86): CodeIgniter\CodeIgniter->run()
#13 C:\laragon\www\BALMES-CARINGAL-MANALO-FINALPROJECT\backend\system\Commands\Server\rewrite.php(47): require_once('C:\\laragon\\www\\...')
#14 {main}
CRITICAL - 2023-12-18 14:35:59 --> Column 'order_payment_method' cannot be null
in SYSTEMPATH\Database\BaseConnection.php on line 647.
 1 SYSTEMPATH\Database\BaseBuilder.php(2308): CodeIgniter\Database\BaseConnection->query('INSERT INTO `orders` (`id`, `order_status`, `total_price`, `order_payment_method`) VALUES (:id:, :order_status:, :total_price:, :order_payment_method:)', [...], false)
 2 SYSTEMPATH\Model.php(319): CodeIgniter\Database\BaseBuilder->insert()
 3 SYSTEMPATH\BaseModel.php(788): CodeIgniter\Model->doInsert([...])
 4 SYSTEMPATH\Model.php(715): CodeIgniter\BaseModel->insert([...], false)
 5 SYSTEMPATH\BaseModel.php(698): CodeIgniter\Model->insert([...], false)
 6 APPPATH\Controllers\MainController.php(618): CodeIgniter\BaseModel->save([...])
 7 SYSTEMPATH\CodeIgniter.php(942): App\Controllers\MainController->checkout()
 8 SYSTEMPATH\CodeIgniter.php(502): CodeIgniter\CodeIgniter->runController(Object(App\Controllers\MainController))
 9 SYSTEMPATH\CodeIgniter.php(361): CodeIgniter\CodeIgniter->handleRequest(null, Object(Config\Cache), false)
10 FCPATH\index.php(86): CodeIgniter\CodeIgniter->run()
11 SYSTEMPATH\Commands\Server\rewrite.php(47): require_once('C:\\laragon\\www\\BALMES-CARINGAL-MANALO-FINALPROJECT\\backend\\public\\index.php')
ERROR - 2023-12-18 14:36:00 --> mysqli_sql_exception: Column 'order_payment_method' cannot be null in C:\laragon\www\BALMES-CARINGAL-MANALO-FINALPROJECT\backend\system\Database\MySQLi\Connection.php:306
Stack trace:
#0 C:\laragon\www\BALMES-CARINGAL-MANALO-FINALPROJECT\backend\system\Database\MySQLi\Connection.php(306): mysqli->query('INSERT INTO `or...', 0)
#1 C:\laragon\www\BALMES-CARINGAL-MANALO-FINALPROJECT\backend\system\Database\BaseConnection.php(693): CodeIgniter\Database\MySQLi\Connection->execute('INSERT INTO `or...')
#2 C:\laragon\www\BALMES-CARINGAL-MANALO-FINALPROJECT\backend\system\Database\BaseConnection.php(607): CodeIgniter\Database\BaseConnection->simpleQuery('INSERT INTO `or...')
#3 C:\laragon\www\BALMES-CARINGAL-MANALO-FINALPROJECT\backend\system\Database\BaseBuilder.php(2308): CodeIgniter\Database\BaseConnection->query('INSERT INTO `or...', Array, false)
#4 C:\laragon\www\BALMES-CARINGAL-MANALO-FINALPROJECT\backend\system\Model.php(319): CodeIgniter\Database\BaseBuilder->insert()
#5 C:\laragon\www\BALMES-CARINGAL-MANALO-FINALPROJECT\backend\system\BaseModel.php(788): CodeIgniter\Model->doInsert(Array)
#6 C:\laragon\www\BALMES-CARINGAL-MANALO-FINALPROJECT\backend\system\Model.php(715): CodeIgniter\BaseModel->insert(Array, false)
#7 C:\laragon\www\BALMES-CARINGAL-MANALO-FINALPROJECT\backend\system\BaseModel.php(698): CodeIgniter\Model->insert(Array, false)
#8 C:\laragon\www\BALMES-CARINGAL-MANALO-FINALPROJECT\backend\app\Controllers\MainController.php(618): CodeIgniter\BaseModel->save(Array)
#9 C:\laragon\www\BALMES-CARINGAL-MANALO-FINALPROJECT\backend\system\CodeIgniter.php(942): App\Controllers\MainController->checkout()
#10 C:\laragon\www\BALMES-CARINGAL-MANALO-FINALPROJECT\backend\system\CodeIgniter.php(502): CodeIgniter\CodeIgniter->runController(Object(App\Controllers\MainController))
#11 C:\laragon\www\BALMES-CARINGAL-MANALO-FINALPROJECT\backend\system\CodeIgniter.php(361): CodeIgniter\CodeIgniter->handleRequest(NULL, Object(Config\Cache), false)
#12 C:\laragon\www\BALMES-CARINGAL-MANALO-FINALPROJECT\backend\public\index.php(86): CodeIgniter\CodeIgniter->run()
#13 C:\laragon\www\BALMES-CARINGAL-MANALO-FINALPROJECT\backend\system\Commands\Server\rewrite.php(47): require_once('C:\\laragon\\www\\...')
#14 {main}
CRITICAL - 2023-12-18 14:36:00 --> Column 'order_payment_method' cannot be null
in SYSTEMPATH\Database\BaseConnection.php on line 647.
 1 SYSTEMPATH\Database\BaseBuilder.php(2308): CodeIgniter\Database\BaseConnection->query('INSERT INTO `orders` (`id`, `order_status`, `total_price`, `order_payment_method`) VALUES (:id:, :order_status:, :total_price:, :order_payment_method:)', [...], false)
 2 SYSTEMPATH\Model.php(319): CodeIgniter\Database\BaseBuilder->insert()
 3 SYSTEMPATH\BaseModel.php(788): CodeIgniter\Model->doInsert([...])
 4 SYSTEMPATH\Model.php(715): CodeIgniter\BaseModel->insert([...], false)
 5 SYSTEMPATH\BaseModel.php(698): CodeIgniter\Model->insert([...], false)
 6 APPPATH\Controllers\MainController.php(618): CodeIgniter\BaseModel->save([...])
 7 SYSTEMPATH\CodeIgniter.php(942): App\Controllers\MainController->checkout()
 8 SYSTEMPATH\CodeIgniter.php(502): CodeIgniter\CodeIgniter->runController(Object(App\Controllers\MainController))
 9 SYSTEMPATH\CodeIgniter.php(361): CodeIgniter\CodeIgniter->handleRequest(null, Object(Config\Cache), false)
10 FCPATH\index.php(86): CodeIgniter\CodeIgniter->run()
11 SYSTEMPATH\Commands\Server\rewrite.php(47): require_once('C:\\laragon\\www\\BALMES-CARINGAL-MANALO-FINALPROJECT\\backend\\public\\index.php')
