ERROR - 2023-11-25 15:33:28 --> mysqli_sql_exception: Cannot add or update a child row: a foreign key constraint fails (`crud`.`booking`, CONSTRAINT `booking_ibfk_2` FOREIGN KEY (`room_id`) REFERENCES `room` (`room_id`)) in C:\laragon\www\BALMES-CARINGAL-MANALO-FINALPROJECT\backend\system\Database\MySQLi\Connection.php:306
Stack trace:
#0 C:\laragon\www\BALMES-CARINGAL-MANALO-FINALPROJECT\backend\system\Database\MySQLi\Connection.php(306): mysqli->query('INSERT INTO `bo...', 0)
#1 C:\laragon\www\BALMES-CARINGAL-MANALO-FINALPROJECT\backend\system\Database\BaseConnection.php(693): CodeIgniter\Database\MySQLi\Connection->execute('INSERT INTO `bo...')
#2 C:\laragon\www\BALMES-CARINGAL-MANALO-FINALPROJECT\backend\system\Database\BaseConnection.php(607): CodeIgniter\Database\BaseConnection->simpleQuery('INSERT INTO `bo...')
#3 C:\laragon\www\BALMES-CARINGAL-MANALO-FINALPROJECT\backend\system\Database\BaseBuilder.php(2308): CodeIgniter\Database\BaseConnection->query('INSERT INTO `bo...', Array, false)
#4 C:\laragon\www\BALMES-CARINGAL-MANALO-FINALPROJECT\backend\system\Model.php(319): CodeIgniter\Database\BaseBuilder->insert()
#5 C:\laragon\www\BALMES-CARINGAL-MANALO-FINALPROJECT\backend\system\BaseModel.php(788): CodeIgniter\Model->doInsert(Array)
#6 C:\laragon\www\BALMES-CARINGAL-MANALO-FINALPROJECT\backend\system\Model.php(715): CodeIgniter\BaseModel->insert(Array, false)
#7 C:\laragon\www\BALMES-CARINGAL-MANALO-FINALPROJECT\backend\system\BaseModel.php(698): CodeIgniter\Model->insert(Array, false)
#8 C:\laragon\www\BALMES-CARINGAL-MANALO-FINALPROJECT\backend\app\Controllers\MainController.php(98): CodeIgniter\BaseModel->save(Array)
#9 C:\laragon\www\BALMES-CARINGAL-MANALO-FINALPROJECT\backend\system\CodeIgniter.php(942): App\Controllers\MainController->booking()
#10 C:\laragon\www\BALMES-CARINGAL-MANALO-FINALPROJECT\backend\system\CodeIgniter.php(502): CodeIgniter\CodeIgniter->runController(Object(App\Controllers\MainController))
#11 C:\laragon\www\BALMES-CARINGAL-MANALO-FINALPROJECT\backend\system\CodeIgniter.php(361): CodeIgniter\CodeIgniter->handleRequest(NULL, Object(Config\Cache), false)
#12 C:\laragon\www\BALMES-CARINGAL-MANALO-FINALPROJECT\backend\public\index.php(86): CodeIgniter\CodeIgniter->run()
#13 C:\laragon\www\BALMES-CARINGAL-MANALO-FINALPROJECT\backend\system\Commands\Server\rewrite.php(47): require_once('C:\\laragon\\www\\...')
#14 {main}
CRITICAL - 2023-11-25 15:33:28 --> Cannot add or update a child row: a foreign key constraint fails (`crud`.`booking`, CONSTRAINT `booking_ibfk_2` FOREIGN KEY (`room_id`) REFERENCES `room` (`room_id`))
in SYSTEMPATH\Database\BaseConnection.php on line 647.
 1 SYSTEMPATH\Database\BaseBuilder.php(2308): CodeIgniter\Database\BaseConnection->query('INSERT INTO `booking` (`id`, `checkin`, `checkout`, `adult`, `child`, `specialRequest`) VALUES (:id:, :checkin:, :checkout:, :adult:, :child:, :specialRequest:)', [...], false)
 2 SYSTEMPATH\Model.php(319): CodeIgniter\Database\BaseBuilder->insert()
 3 SYSTEMPATH\BaseModel.php(788): CodeIgniter\Model->doInsert([...])
 4 SYSTEMPATH\Model.php(715): CodeIgniter\BaseModel->insert([...], false)
 5 SYSTEMPATH\BaseModel.php(698): CodeIgniter\Model->insert([...], false)
 6 APPPATH\Controllers\MainController.php(98): CodeIgniter\BaseModel->save([...])
 7 SYSTEMPATH\CodeIgniter.php(942): App\Controllers\MainController->booking()
 8 SYSTEMPATH\CodeIgniter.php(502): CodeIgniter\CodeIgniter->runController(Object(App\Controllers\MainController))
 9 SYSTEMPATH\CodeIgniter.php(361): CodeIgniter\CodeIgniter->handleRequest(null, Object(Config\Cache), false)
10 FCPATH\index.php(86): CodeIgniter\CodeIgniter->run()
11 SYSTEMPATH\Commands\Server\rewrite.php(47): require_once('C:\\laragon\\www\\BALMES-CARINGAL-MANALO-FINALPROJECT\\backend\\public\\index.php')
ERROR - 2023-11-25 15:33:31 --> mysqli_sql_exception: Cannot add or update a child row: a foreign key constraint fails (`crud`.`booking`, CONSTRAINT `booking_ibfk_2` FOREIGN KEY (`room_id`) REFERENCES `room` (`room_id`)) in C:\laragon\www\BALMES-CARINGAL-MANALO-FINALPROJECT\backend\system\Database\MySQLi\Connection.php:306
Stack trace:
#0 C:\laragon\www\BALMES-CARINGAL-MANALO-FINALPROJECT\backend\system\Database\MySQLi\Connection.php(306): mysqli->query('INSERT INTO `bo...', 0)
#1 C:\laragon\www\BALMES-CARINGAL-MANALO-FINALPROJECT\backend\system\Database\BaseConnection.php(693): CodeIgniter\Database\MySQLi\Connection->execute('INSERT INTO `bo...')
#2 C:\laragon\www\BALMES-CARINGAL-MANALO-FINALPROJECT\backend\system\Database\BaseConnection.php(607): CodeIgniter\Database\BaseConnection->simpleQuery('INSERT INTO `bo...')
#3 C:\laragon\www\BALMES-CARINGAL-MANALO-FINALPROJECT\backend\system\Database\BaseBuilder.php(2308): CodeIgniter\Database\BaseConnection->query('INSERT INTO `bo...', Array, false)
#4 C:\laragon\www\BALMES-CARINGAL-MANALO-FINALPROJECT\backend\system\Model.php(319): CodeIgniter\Database\BaseBuilder->insert()
#5 C:\laragon\www\BALMES-CARINGAL-MANALO-FINALPROJECT\backend\system\BaseModel.php(788): CodeIgniter\Model->doInsert(Array)
#6 C:\laragon\www\BALMES-CARINGAL-MANALO-FINALPROJECT\backend\system\Model.php(715): CodeIgniter\BaseModel->insert(Array, false)
#7 C:\laragon\www\BALMES-CARINGAL-MANALO-FINALPROJECT\backend\system\BaseModel.php(698): CodeIgniter\Model->insert(Array, false)
#8 C:\laragon\www\BALMES-CARINGAL-MANALO-FINALPROJECT\backend\app\Controllers\MainController.php(98): CodeIgniter\BaseModel->save(Array)
#9 C:\laragon\www\BALMES-CARINGAL-MANALO-FINALPROJECT\backend\system\CodeIgniter.php(942): App\Controllers\MainController->booking()
#10 C:\laragon\www\BALMES-CARINGAL-MANALO-FINALPROJECT\backend\system\CodeIgniter.php(502): CodeIgniter\CodeIgniter->runController(Object(App\Controllers\MainController))
#11 C:\laragon\www\BALMES-CARINGAL-MANALO-FINALPROJECT\backend\system\CodeIgniter.php(361): CodeIgniter\CodeIgniter->handleRequest(NULL, Object(Config\Cache), false)
#12 C:\laragon\www\BALMES-CARINGAL-MANALO-FINALPROJECT\backend\public\index.php(86): CodeIgniter\CodeIgniter->run()
#13 C:\laragon\www\BALMES-CARINGAL-MANALO-FINALPROJECT\backend\system\Commands\Server\rewrite.php(47): require_once('C:\\laragon\\www\\...')
#14 {main}
CRITICAL - 2023-11-25 15:33:31 --> Cannot add or update a child row: a foreign key constraint fails (`crud`.`booking`, CONSTRAINT `booking_ibfk_2` FOREIGN KEY (`room_id`) REFERENCES `room` (`room_id`))
in SYSTEMPATH\Database\BaseConnection.php on line 647.
 1 SYSTEMPATH\Database\BaseBuilder.php(2308): CodeIgniter\Database\BaseConnection->query('INSERT INTO `booking` (`id`, `checkin`, `checkout`, `adult`, `child`, `specialRequest`) VALUES (:id:, :checkin:, :checkout:, :adult:, :child:, :specialRequest:)', [...], false)
 2 SYSTEMPATH\Model.php(319): CodeIgniter\Database\BaseBuilder->insert()
 3 SYSTEMPATH\BaseModel.php(788): CodeIgniter\Model->doInsert([...])
 4 SYSTEMPATH\Model.php(715): CodeIgniter\BaseModel->insert([...], false)
 5 SYSTEMPATH\BaseModel.php(698): CodeIgniter\Model->insert([...], false)
 6 APPPATH\Controllers\MainController.php(98): CodeIgniter\BaseModel->save([...])
 7 SYSTEMPATH\CodeIgniter.php(942): App\Controllers\MainController->booking()
 8 SYSTEMPATH\CodeIgniter.php(502): CodeIgniter\CodeIgniter->runController(Object(App\Controllers\MainController))
 9 SYSTEMPATH\CodeIgniter.php(361): CodeIgniter\CodeIgniter->handleRequest(null, Object(Config\Cache), false)
10 FCPATH\index.php(86): CodeIgniter\CodeIgniter->run()
11 SYSTEMPATH\Commands\Server\rewrite.php(47): require_once('C:\\laragon\\www\\BALMES-CARINGAL-MANALO-FINALPROJECT\\backend\\public\\index.php')
ERROR - 2023-11-25 15:33:32 --> mysqli_sql_exception: Cannot add or update a child row: a foreign key constraint fails (`crud`.`booking`, CONSTRAINT `booking_ibfk_2` FOREIGN KEY (`room_id`) REFERENCES `room` (`room_id`)) in C:\laragon\www\BALMES-CARINGAL-MANALO-FINALPROJECT\backend\system\Database\MySQLi\Connection.php:306
Stack trace:
#0 C:\laragon\www\BALMES-CARINGAL-MANALO-FINALPROJECT\backend\system\Database\MySQLi\Connection.php(306): mysqli->query('INSERT INTO `bo...', 0)
#1 C:\laragon\www\BALMES-CARINGAL-MANALO-FINALPROJECT\backend\system\Database\BaseConnection.php(693): CodeIgniter\Database\MySQLi\Connection->execute('INSERT INTO `bo...')
#2 C:\laragon\www\BALMES-CARINGAL-MANALO-FINALPROJECT\backend\system\Database\BaseConnection.php(607): CodeIgniter\Database\BaseConnection->simpleQuery('INSERT INTO `bo...')
#3 C:\laragon\www\BALMES-CARINGAL-MANALO-FINALPROJECT\backend\system\Database\BaseBuilder.php(2308): CodeIgniter\Database\BaseConnection->query('INSERT INTO `bo...', Array, false)
#4 C:\laragon\www\BALMES-CARINGAL-MANALO-FINALPROJECT\backend\system\Model.php(319): CodeIgniter\Database\BaseBuilder->insert()
#5 C:\laragon\www\BALMES-CARINGAL-MANALO-FINALPROJECT\backend\system\BaseModel.php(788): CodeIgniter\Model->doInsert(Array)
#6 C:\laragon\www\BALMES-CARINGAL-MANALO-FINALPROJECT\backend\system\Model.php(715): CodeIgniter\BaseModel->insert(Array, false)
#7 C:\laragon\www\BALMES-CARINGAL-MANALO-FINALPROJECT\backend\system\BaseModel.php(698): CodeIgniter\Model->insert(Array, false)
#8 C:\laragon\www\BALMES-CARINGAL-MANALO-FINALPROJECT\backend\app\Controllers\MainController.php(98): CodeIgniter\BaseModel->save(Array)
#9 C:\laragon\www\BALMES-CARINGAL-MANALO-FINALPROJECT\backend\system\CodeIgniter.php(942): App\Controllers\MainController->booking()
#10 C:\laragon\www\BALMES-CARINGAL-MANALO-FINALPROJECT\backend\system\CodeIgniter.php(502): CodeIgniter\CodeIgniter->runController(Object(App\Controllers\MainController))
#11 C:\laragon\www\BALMES-CARINGAL-MANALO-FINALPROJECT\backend\system\CodeIgniter.php(361): CodeIgniter\CodeIgniter->handleRequest(NULL, Object(Config\Cache), false)
#12 C:\laragon\www\BALMES-CARINGAL-MANALO-FINALPROJECT\backend\public\index.php(86): CodeIgniter\CodeIgniter->run()
#13 C:\laragon\www\BALMES-CARINGAL-MANALO-FINALPROJECT\backend\system\Commands\Server\rewrite.php(47): require_once('C:\\laragon\\www\\...')
#14 {main}
CRITICAL - 2023-11-25 15:33:32 --> Cannot add or update a child row: a foreign key constraint fails (`crud`.`booking`, CONSTRAINT `booking_ibfk_2` FOREIGN KEY (`room_id`) REFERENCES `room` (`room_id`))
in SYSTEMPATH\Database\BaseConnection.php on line 647.
 1 SYSTEMPATH\Database\BaseBuilder.php(2308): CodeIgniter\Database\BaseConnection->query('INSERT INTO `booking` (`id`, `checkin`, `checkout`, `adult`, `child`, `specialRequest`) VALUES (:id:, :checkin:, :checkout:, :adult:, :child:, :specialRequest:)', [...], false)
 2 SYSTEMPATH\Model.php(319): CodeIgniter\Database\BaseBuilder->insert()
 3 SYSTEMPATH\BaseModel.php(788): CodeIgniter\Model->doInsert([...])
 4 SYSTEMPATH\Model.php(715): CodeIgniter\BaseModel->insert([...], false)
 5 SYSTEMPATH\BaseModel.php(698): CodeIgniter\Model->insert([...], false)
 6 APPPATH\Controllers\MainController.php(98): CodeIgniter\BaseModel->save([...])
 7 SYSTEMPATH\CodeIgniter.php(942): App\Controllers\MainController->booking()
 8 SYSTEMPATH\CodeIgniter.php(502): CodeIgniter\CodeIgniter->runController(Object(App\Controllers\MainController))
 9 SYSTEMPATH\CodeIgniter.php(361): CodeIgniter\CodeIgniter->handleRequest(null, Object(Config\Cache), false)
10 FCPATH\index.php(86): CodeIgniter\CodeIgniter->run()
11 SYSTEMPATH\Commands\Server\rewrite.php(47): require_once('C:\\laragon\\www\\BALMES-CARINGAL-MANALO-FINALPROJECT\\backend\\public\\index.php')
ERROR - 2023-11-25 15:33:33 --> mysqli_sql_exception: Cannot add or update a child row: a foreign key constraint fails (`crud`.`booking`, CONSTRAINT `booking_ibfk_2` FOREIGN KEY (`room_id`) REFERENCES `room` (`room_id`)) in C:\laragon\www\BALMES-CARINGAL-MANALO-FINALPROJECT\backend\system\Database\MySQLi\Connection.php:306
Stack trace:
#0 C:\laragon\www\BALMES-CARINGAL-MANALO-FINALPROJECT\backend\system\Database\MySQLi\Connection.php(306): mysqli->query('INSERT INTO `bo...', 0)
#1 C:\laragon\www\BALMES-CARINGAL-MANALO-FINALPROJECT\backend\system\Database\BaseConnection.php(693): CodeIgniter\Database\MySQLi\Connection->execute('INSERT INTO `bo...')
#2 C:\laragon\www\BALMES-CARINGAL-MANALO-FINALPROJECT\backend\system\Database\BaseConnection.php(607): CodeIgniter\Database\BaseConnection->simpleQuery('INSERT INTO `bo...')
#3 C:\laragon\www\BALMES-CARINGAL-MANALO-FINALPROJECT\backend\system\Database\BaseBuilder.php(2308): CodeIgniter\Database\BaseConnection->query('INSERT INTO `bo...', Array, false)
#4 C:\laragon\www\BALMES-CARINGAL-MANALO-FINALPROJECT\backend\system\Model.php(319): CodeIgniter\Database\BaseBuilder->insert()
#5 C:\laragon\www\BALMES-CARINGAL-MANALO-FINALPROJECT\backend\system\BaseModel.php(788): CodeIgniter\Model->doInsert(Array)
#6 C:\laragon\www\BALMES-CARINGAL-MANALO-FINALPROJECT\backend\system\Model.php(715): CodeIgniter\BaseModel->insert(Array, false)
#7 C:\laragon\www\BALMES-CARINGAL-MANALO-FINALPROJECT\backend\system\BaseModel.php(698): CodeIgniter\Model->insert(Array, false)
#8 C:\laragon\www\BALMES-CARINGAL-MANALO-FINALPROJECT\backend\app\Controllers\MainController.php(98): CodeIgniter\BaseModel->save(Array)
#9 C:\laragon\www\BALMES-CARINGAL-MANALO-FINALPROJECT\backend\system\CodeIgniter.php(942): App\Controllers\MainController->booking()
#10 C:\laragon\www\BALMES-CARINGAL-MANALO-FINALPROJECT\backend\system\CodeIgniter.php(502): CodeIgniter\CodeIgniter->runController(Object(App\Controllers\MainController))
#11 C:\laragon\www\BALMES-CARINGAL-MANALO-FINALPROJECT\backend\system\CodeIgniter.php(361): CodeIgniter\CodeIgniter->handleRequest(NULL, Object(Config\Cache), false)
#12 C:\laragon\www\BALMES-CARINGAL-MANALO-FINALPROJECT\backend\public\index.php(86): CodeIgniter\CodeIgniter->run()
#13 C:\laragon\www\BALMES-CARINGAL-MANALO-FINALPROJECT\backend\system\Commands\Server\rewrite.php(47): require_once('C:\\laragon\\www\\...')
#14 {main}
CRITICAL - 2023-11-25 15:33:33 --> Cannot add or update a child row: a foreign key constraint fails (`crud`.`booking`, CONSTRAINT `booking_ibfk_2` FOREIGN KEY (`room_id`) REFERENCES `room` (`room_id`))
in SYSTEMPATH\Database\BaseConnection.php on line 647.
 1 SYSTEMPATH\Database\BaseBuilder.php(2308): CodeIgniter\Database\BaseConnection->query('INSERT INTO `booking` (`id`, `checkin`, `checkout`, `adult`, `child`, `specialRequest`) VALUES (:id:, :checkin:, :checkout:, :adult:, :child:, :specialRequest:)', [...], false)
 2 SYSTEMPATH\Model.php(319): CodeIgniter\Database\BaseBuilder->insert()
 3 SYSTEMPATH\BaseModel.php(788): CodeIgniter\Model->doInsert([...])
 4 SYSTEMPATH\Model.php(715): CodeIgniter\BaseModel->insert([...], false)
 5 SYSTEMPATH\BaseModel.php(698): CodeIgniter\Model->insert([...], false)
 6 APPPATH\Controllers\MainController.php(98): CodeIgniter\BaseModel->save([...])
 7 SYSTEMPATH\CodeIgniter.php(942): App\Controllers\MainController->booking()
 8 SYSTEMPATH\CodeIgniter.php(502): CodeIgniter\CodeIgniter->runController(Object(App\Controllers\MainController))
 9 SYSTEMPATH\CodeIgniter.php(361): CodeIgniter\CodeIgniter->handleRequest(null, Object(Config\Cache), false)
10 FCPATH\index.php(86): CodeIgniter\CodeIgniter->run()
11 SYSTEMPATH\Commands\Server\rewrite.php(47): require_once('C:\\laragon\\www\\BALMES-CARINGAL-MANALO-FINALPROJECT\\backend\\public\\index.php')
ERROR - 2023-11-25 15:35:54 --> mysqli_sql_exception: Cannot add or update a child row: a foreign key constraint fails (`crud`.`booking`, CONSTRAINT `booking_ibfk_2` FOREIGN KEY (`room_id`) REFERENCES `room` (`room_id`)) in C:\laragon\www\BALMES-CARINGAL-MANALO-FINALPROJECT\backend\system\Database\MySQLi\Connection.php:306
Stack trace:
#0 C:\laragon\www\BALMES-CARINGAL-MANALO-FINALPROJECT\backend\system\Database\MySQLi\Connection.php(306): mysqli->query('INSERT INTO `bo...', 0)
#1 C:\laragon\www\BALMES-CARINGAL-MANALO-FINALPROJECT\backend\system\Database\BaseConnection.php(693): CodeIgniter\Database\MySQLi\Connection->execute('INSERT INTO `bo...')
#2 C:\laragon\www\BALMES-CARINGAL-MANALO-FINALPROJECT\backend\system\Database\BaseConnection.php(607): CodeIgniter\Database\BaseConnection->simpleQuery('INSERT INTO `bo...')
#3 C:\laragon\www\BALMES-CARINGAL-MANALO-FINALPROJECT\backend\system\Database\BaseBuilder.php(2308): CodeIgniter\Database\BaseConnection->query('INSERT INTO `bo...', Array, false)
#4 C:\laragon\www\BALMES-CARINGAL-MANALO-FINALPROJECT\backend\system\Model.php(319): CodeIgniter\Database\BaseBuilder->insert()
#5 C:\laragon\www\BALMES-CARINGAL-MANALO-FINALPROJECT\backend\system\BaseModel.php(788): CodeIgniter\Model->doInsert(Array)
#6 C:\laragon\www\BALMES-CARINGAL-MANALO-FINALPROJECT\backend\system\Model.php(715): CodeIgniter\BaseModel->insert(Array, false)
#7 C:\laragon\www\BALMES-CARINGAL-MANALO-FINALPROJECT\backend\system\BaseModel.php(698): CodeIgniter\Model->insert(Array, false)
#8 C:\laragon\www\BALMES-CARINGAL-MANALO-FINALPROJECT\backend\app\Controllers\MainController.php(98): CodeIgniter\BaseModel->save(Array)
#9 C:\laragon\www\BALMES-CARINGAL-MANALO-FINALPROJECT\backend\system\CodeIgniter.php(942): App\Controllers\MainController->booking()
#10 C:\laragon\www\BALMES-CARINGAL-MANALO-FINALPROJECT\backend\system\CodeIgniter.php(502): CodeIgniter\CodeIgniter->runController(Object(App\Controllers\MainController))
#11 C:\laragon\www\BALMES-CARINGAL-MANALO-FINALPROJECT\backend\system\CodeIgniter.php(361): CodeIgniter\CodeIgniter->handleRequest(NULL, Object(Config\Cache), false)
#12 C:\laragon\www\BALMES-CARINGAL-MANALO-FINALPROJECT\backend\public\index.php(86): CodeIgniter\CodeIgniter->run()
#13 C:\laragon\www\BALMES-CARINGAL-MANALO-FINALPROJECT\backend\system\Commands\Server\rewrite.php(47): require_once('C:\\laragon\\www\\...')
#14 {main}
CRITICAL - 2023-11-25 15:35:54 --> Cannot add or update a child row: a foreign key constraint fails (`crud`.`booking`, CONSTRAINT `booking_ibfk_2` FOREIGN KEY (`room_id`) REFERENCES `room` (`room_id`))
in SYSTEMPATH\Database\BaseConnection.php on line 647.
 1 SYSTEMPATH\Database\BaseBuilder.php(2308): CodeIgniter\Database\BaseConnection->query('INSERT INTO `booking` (`id`, `checkin`, `checkout`, `adult`, `child`, `specialRequest`) VALUES (:id:, :checkin:, :checkout:, :adult:, :child:, :specialRequest:)', [...], false)
 2 SYSTEMPATH\Model.php(319): CodeIgniter\Database\BaseBuilder->insert()
 3 SYSTEMPATH\BaseModel.php(788): CodeIgniter\Model->doInsert([...])
 4 SYSTEMPATH\Model.php(715): CodeIgniter\BaseModel->insert([...], false)
 5 SYSTEMPATH\BaseModel.php(698): CodeIgniter\Model->insert([...], false)
 6 APPPATH\Controllers\MainController.php(98): CodeIgniter\BaseModel->save([...])
 7 SYSTEMPATH\CodeIgniter.php(942): App\Controllers\MainController->booking()
 8 SYSTEMPATH\CodeIgniter.php(502): CodeIgniter\CodeIgniter->runController(Object(App\Controllers\MainController))
 9 SYSTEMPATH\CodeIgniter.php(361): CodeIgniter\CodeIgniter->handleRequest(null, Object(Config\Cache), false)
10 FCPATH\index.php(86): CodeIgniter\CodeIgniter->run()
11 SYSTEMPATH\Commands\Server\rewrite.php(47): require_once('C:\\laragon\\www\\BALMES-CARINGAL-MANALO-FINALPROJECT\\backend\\public\\index.php')
ERROR - 2023-11-25 15:36:27 --> mysqli_sql_exception: Cannot add or update a child row: a foreign key constraint fails (`crud`.`booking`, CONSTRAINT `booking_ibfk_2` FOREIGN KEY (`room_id`) REFERENCES `room` (`room_id`)) in C:\laragon\www\BALMES-CARINGAL-MANALO-FINALPROJECT\backend\system\Database\MySQLi\Connection.php:306
Stack trace:
#0 C:\laragon\www\BALMES-CARINGAL-MANALO-FINALPROJECT\backend\system\Database\MySQLi\Connection.php(306): mysqli->query('INSERT INTO `bo...', 0)
#1 C:\laragon\www\BALMES-CARINGAL-MANALO-FINALPROJECT\backend\system\Database\BaseConnection.php(693): CodeIgniter\Database\MySQLi\Connection->execute('INSERT INTO `bo...')
#2 C:\laragon\www\BALMES-CARINGAL-MANALO-FINALPROJECT\backend\system\Database\BaseConnection.php(607): CodeIgniter\Database\BaseConnection->simpleQuery('INSERT INTO `bo...')
#3 C:\laragon\www\BALMES-CARINGAL-MANALO-FINALPROJECT\backend\system\Database\BaseBuilder.php(2308): CodeIgniter\Database\BaseConnection->query('INSERT INTO `bo...', Array, false)
#4 C:\laragon\www\BALMES-CARINGAL-MANALO-FINALPROJECT\backend\system\Model.php(319): CodeIgniter\Database\BaseBuilder->insert()
#5 C:\laragon\www\BALMES-CARINGAL-MANALO-FINALPROJECT\backend\system\BaseModel.php(788): CodeIgniter\Model->doInsert(Array)
#6 C:\laragon\www\BALMES-CARINGAL-MANALO-FINALPROJECT\backend\system\Model.php(715): CodeIgniter\BaseModel->insert(Array, false)
#7 C:\laragon\www\BALMES-CARINGAL-MANALO-FINALPROJECT\backend\system\BaseModel.php(698): CodeIgniter\Model->insert(Array, false)
#8 C:\laragon\www\BALMES-CARINGAL-MANALO-FINALPROJECT\backend\app\Controllers\MainController.php(98): CodeIgniter\BaseModel->save(Array)
#9 C:\laragon\www\BALMES-CARINGAL-MANALO-FINALPROJECT\backend\system\CodeIgniter.php(942): App\Controllers\MainController->booking()
#10 C:\laragon\www\BALMES-CARINGAL-MANALO-FINALPROJECT\backend\system\CodeIgniter.php(502): CodeIgniter\CodeIgniter->runController(Object(App\Controllers\MainController))
#11 C:\laragon\www\BALMES-CARINGAL-MANALO-FINALPROJECT\backend\system\CodeIgniter.php(361): CodeIgniter\CodeIgniter->handleRequest(NULL, Object(Config\Cache), false)
#12 C:\laragon\www\BALMES-CARINGAL-MANALO-FINALPROJECT\backend\public\index.php(86): CodeIgniter\CodeIgniter->run()
#13 C:\laragon\www\BALMES-CARINGAL-MANALO-FINALPROJECT\backend\system\Commands\Server\rewrite.php(47): require_once('C:\\laragon\\www\\...')
#14 {main}
CRITICAL - 2023-11-25 15:36:28 --> Cannot add or update a child row: a foreign key constraint fails (`crud`.`booking`, CONSTRAINT `booking_ibfk_2` FOREIGN KEY (`room_id`) REFERENCES `room` (`room_id`))
in SYSTEMPATH\Database\BaseConnection.php on line 647.
 1 SYSTEMPATH\Database\BaseBuilder.php(2308): CodeIgniter\Database\BaseConnection->query('INSERT INTO `booking` (`id`, `checkin`, `checkout`, `adult`, `child`, `specialRequest`) VALUES (:id:, :checkin:, :checkout:, :adult:, :child:, :specialRequest:)', [...], false)
 2 SYSTEMPATH\Model.php(319): CodeIgniter\Database\BaseBuilder->insert()
 3 SYSTEMPATH\BaseModel.php(788): CodeIgniter\Model->doInsert([...])
 4 SYSTEMPATH\Model.php(715): CodeIgniter\BaseModel->insert([...], false)
 5 SYSTEMPATH\BaseModel.php(698): CodeIgniter\Model->insert([...], false)
 6 APPPATH\Controllers\MainController.php(98): CodeIgniter\BaseModel->save([...])
 7 SYSTEMPATH\CodeIgniter.php(942): App\Controllers\MainController->booking()
 8 SYSTEMPATH\CodeIgniter.php(502): CodeIgniter\CodeIgniter->runController(Object(App\Controllers\MainController))
 9 SYSTEMPATH\CodeIgniter.php(361): CodeIgniter\CodeIgniter->handleRequest(null, Object(Config\Cache), false)
10 FCPATH\index.php(86): CodeIgniter\CodeIgniter->run()
11 SYSTEMPATH\Commands\Server\rewrite.php(47): require_once('C:\\laragon\\www\\BALMES-CARINGAL-MANALO-FINALPROJECT\\backend\\public\\index.php')
ERROR - 2023-11-25 15:36:28 --> mysqli_sql_exception: Cannot add or update a child row: a foreign key constraint fails (`crud`.`booking`, CONSTRAINT `booking_ibfk_2` FOREIGN KEY (`room_id`) REFERENCES `room` (`room_id`)) in C:\laragon\www\BALMES-CARINGAL-MANALO-FINALPROJECT\backend\system\Database\MySQLi\Connection.php:306
Stack trace:
#0 C:\laragon\www\BALMES-CARINGAL-MANALO-FINALPROJECT\backend\system\Database\MySQLi\Connection.php(306): mysqli->query('INSERT INTO `bo...', 0)
#1 C:\laragon\www\BALMES-CARINGAL-MANALO-FINALPROJECT\backend\system\Database\BaseConnection.php(693): CodeIgniter\Database\MySQLi\Connection->execute('INSERT INTO `bo...')
#2 C:\laragon\www\BALMES-CARINGAL-MANALO-FINALPROJECT\backend\system\Database\BaseConnection.php(607): CodeIgniter\Database\BaseConnection->simpleQuery('INSERT INTO `bo...')
#3 C:\laragon\www\BALMES-CARINGAL-MANALO-FINALPROJECT\backend\system\Database\BaseBuilder.php(2308): CodeIgniter\Database\BaseConnection->query('INSERT INTO `bo...', Array, false)
#4 C:\laragon\www\BALMES-CARINGAL-MANALO-FINALPROJECT\backend\system\Model.php(319): CodeIgniter\Database\BaseBuilder->insert()
#5 C:\laragon\www\BALMES-CARINGAL-MANALO-FINALPROJECT\backend\system\BaseModel.php(788): CodeIgniter\Model->doInsert(Array)
#6 C:\laragon\www\BALMES-CARINGAL-MANALO-FINALPROJECT\backend\system\Model.php(715): CodeIgniter\BaseModel->insert(Array, false)
#7 C:\laragon\www\BALMES-CARINGAL-MANALO-FINALPROJECT\backend\system\BaseModel.php(698): CodeIgniter\Model->insert(Array, false)
#8 C:\laragon\www\BALMES-CARINGAL-MANALO-FINALPROJECT\backend\app\Controllers\MainController.php(98): CodeIgniter\BaseModel->save(Array)
#9 C:\laragon\www\BALMES-CARINGAL-MANALO-FINALPROJECT\backend\system\CodeIgniter.php(942): App\Controllers\MainController->booking()
#10 C:\laragon\www\BALMES-CARINGAL-MANALO-FINALPROJECT\backend\system\CodeIgniter.php(502): CodeIgniter\CodeIgniter->runController(Object(App\Controllers\MainController))
#11 C:\laragon\www\BALMES-CARINGAL-MANALO-FINALPROJECT\backend\system\CodeIgniter.php(361): CodeIgniter\CodeIgniter->handleRequest(NULL, Object(Config\Cache), false)
#12 C:\laragon\www\BALMES-CARINGAL-MANALO-FINALPROJECT\backend\public\index.php(86): CodeIgniter\CodeIgniter->run()
#13 C:\laragon\www\BALMES-CARINGAL-MANALO-FINALPROJECT\backend\system\Commands\Server\rewrite.php(47): require_once('C:\\laragon\\www\\...')
#14 {main}
CRITICAL - 2023-11-25 15:36:28 --> Cannot add or update a child row: a foreign key constraint fails (`crud`.`booking`, CONSTRAINT `booking_ibfk_2` FOREIGN KEY (`room_id`) REFERENCES `room` (`room_id`))
in SYSTEMPATH\Database\BaseConnection.php on line 647.
 1 SYSTEMPATH\Database\BaseBuilder.php(2308): CodeIgniter\Database\BaseConnection->query('INSERT INTO `booking` (`id`, `checkin`, `checkout`, `adult`, `child`, `specialRequest`) VALUES (:id:, :checkin:, :checkout:, :adult:, :child:, :specialRequest:)', [...], false)
 2 SYSTEMPATH\Model.php(319): CodeIgniter\Database\BaseBuilder->insert()
 3 SYSTEMPATH\BaseModel.php(788): CodeIgniter\Model->doInsert([...])
 4 SYSTEMPATH\Model.php(715): CodeIgniter\BaseModel->insert([...], false)
 5 SYSTEMPATH\BaseModel.php(698): CodeIgniter\Model->insert([...], false)
 6 APPPATH\Controllers\MainController.php(98): CodeIgniter\BaseModel->save([...])
 7 SYSTEMPATH\CodeIgniter.php(942): App\Controllers\MainController->booking()
 8 SYSTEMPATH\CodeIgniter.php(502): CodeIgniter\CodeIgniter->runController(Object(App\Controllers\MainController))
 9 SYSTEMPATH\CodeIgniter.php(361): CodeIgniter\CodeIgniter->handleRequest(null, Object(Config\Cache), false)
10 FCPATH\index.php(86): CodeIgniter\CodeIgniter->run()
11 SYSTEMPATH\Commands\Server\rewrite.php(47): require_once('C:\\laragon\\www\\BALMES-CARINGAL-MANALO-FINALPROJECT\\backend\\public\\index.php')
ERROR - 2023-11-25 15:36:48 --> mysqli_sql_exception: Cannot add or update a child row: a foreign key constraint fails (`crud`.`booking`, CONSTRAINT `booking_ibfk_2` FOREIGN KEY (`room_id`) REFERENCES `room` (`room_id`)) in C:\laragon\www\BALMES-CARINGAL-MANALO-FINALPROJECT\backend\system\Database\MySQLi\Connection.php:306
Stack trace:
#0 C:\laragon\www\BALMES-CARINGAL-MANALO-FINALPROJECT\backend\system\Database\MySQLi\Connection.php(306): mysqli->query('INSERT INTO `bo...', 0)
#1 C:\laragon\www\BALMES-CARINGAL-MANALO-FINALPROJECT\backend\system\Database\BaseConnection.php(693): CodeIgniter\Database\MySQLi\Connection->execute('INSERT INTO `bo...')
#2 C:\laragon\www\BALMES-CARINGAL-MANALO-FINALPROJECT\backend\system\Database\BaseConnection.php(607): CodeIgniter\Database\BaseConnection->simpleQuery('INSERT INTO `bo...')
#3 C:\laragon\www\BALMES-CARINGAL-MANALO-FINALPROJECT\backend\system\Database\BaseBuilder.php(2308): CodeIgniter\Database\BaseConnection->query('INSERT INTO `bo...', Array, false)
#4 C:\laragon\www\BALMES-CARINGAL-MANALO-FINALPROJECT\backend\system\Model.php(319): CodeIgniter\Database\BaseBuilder->insert()
#5 C:\laragon\www\BALMES-CARINGAL-MANALO-FINALPROJECT\backend\system\BaseModel.php(788): CodeIgniter\Model->doInsert(Array)
#6 C:\laragon\www\BALMES-CARINGAL-MANALO-FINALPROJECT\backend\system\Model.php(715): CodeIgniter\BaseModel->insert(Array, false)
#7 C:\laragon\www\BALMES-CARINGAL-MANALO-FINALPROJECT\backend\system\BaseModel.php(698): CodeIgniter\Model->insert(Array, false)
#8 C:\laragon\www\BALMES-CARINGAL-MANALO-FINALPROJECT\backend\app\Controllers\MainController.php(98): CodeIgniter\BaseModel->save(Array)
#9 C:\laragon\www\BALMES-CARINGAL-MANALO-FINALPROJECT\backend\system\CodeIgniter.php(942): App\Controllers\MainController->booking()
#10 C:\laragon\www\BALMES-CARINGAL-MANALO-FINALPROJECT\backend\system\CodeIgniter.php(502): CodeIgniter\CodeIgniter->runController(Object(App\Controllers\MainController))
#11 C:\laragon\www\BALMES-CARINGAL-MANALO-FINALPROJECT\backend\system\CodeIgniter.php(361): CodeIgniter\CodeIgniter->handleRequest(NULL, Object(Config\Cache), false)
#12 C:\laragon\www\BALMES-CARINGAL-MANALO-FINALPROJECT\backend\public\index.php(86): CodeIgniter\CodeIgniter->run()
#13 C:\laragon\www\BALMES-CARINGAL-MANALO-FINALPROJECT\backend\system\Commands\Server\rewrite.php(47): require_once('C:\\laragon\\www\\...')
#14 {main}
CRITICAL - 2023-11-25 15:36:48 --> Cannot add or update a child row: a foreign key constraint fails (`crud`.`booking`, CONSTRAINT `booking_ibfk_2` FOREIGN KEY (`room_id`) REFERENCES `room` (`room_id`))
in SYSTEMPATH\Database\BaseConnection.php on line 647.
 1 SYSTEMPATH\Database\BaseBuilder.php(2308): CodeIgniter\Database\BaseConnection->query('INSERT INTO `booking` (`id`, `checkin`, `checkout`, `adult`, `child`, `specialRequest`) VALUES (:id:, :checkin:, :checkout:, :adult:, :child:, :specialRequest:)', [...], false)
 2 SYSTEMPATH\Model.php(319): CodeIgniter\Database\BaseBuilder->insert()
 3 SYSTEMPATH\BaseModel.php(788): CodeIgniter\Model->doInsert([...])
 4 SYSTEMPATH\Model.php(715): CodeIgniter\BaseModel->insert([...], false)
 5 SYSTEMPATH\BaseModel.php(698): CodeIgniter\Model->insert([...], false)
 6 APPPATH\Controllers\MainController.php(98): CodeIgniter\BaseModel->save([...])
 7 SYSTEMPATH\CodeIgniter.php(942): App\Controllers\MainController->booking()
 8 SYSTEMPATH\CodeIgniter.php(502): CodeIgniter\CodeIgniter->runController(Object(App\Controllers\MainController))
 9 SYSTEMPATH\CodeIgniter.php(361): CodeIgniter\CodeIgniter->handleRequest(null, Object(Config\Cache), false)
10 FCPATH\index.php(86): CodeIgniter\CodeIgniter->run()
11 SYSTEMPATH\Commands\Server\rewrite.php(47): require_once('C:\\laragon\\www\\BALMES-CARINGAL-MANALO-FINALPROJECT\\backend\\public\\index.php')
ERROR - 2023-11-25 15:42:37 --> mysqli_sql_exception: Cannot add or update a child row: a foreign key constraint fails (`crud`.`booking`, CONSTRAINT `booking_ibfk_2` FOREIGN KEY (`room_id`) REFERENCES `room` (`room_id`)) in C:\laragon\www\BALMES-CARINGAL-MANALO-FINALPROJECT\backend\system\Database\MySQLi\Connection.php:306
Stack trace:
#0 C:\laragon\www\BALMES-CARINGAL-MANALO-FINALPROJECT\backend\system\Database\MySQLi\Connection.php(306): mysqli->query('INSERT INTO `bo...', 0)
#1 C:\laragon\www\BALMES-CARINGAL-MANALO-FINALPROJECT\backend\system\Database\BaseConnection.php(693): CodeIgniter\Database\MySQLi\Connection->execute('INSERT INTO `bo...')
#2 C:\laragon\www\BALMES-CARINGAL-MANALO-FINALPROJECT\backend\system\Database\BaseConnection.php(607): CodeIgniter\Database\BaseConnection->simpleQuery('INSERT INTO `bo...')
#3 C:\laragon\www\BALMES-CARINGAL-MANALO-FINALPROJECT\backend\system\Database\BaseBuilder.php(2308): CodeIgniter\Database\BaseConnection->query('INSERT INTO `bo...', Array, false)
#4 C:\laragon\www\BALMES-CARINGAL-MANALO-FINALPROJECT\backend\system\Model.php(319): CodeIgniter\Database\BaseBuilder->insert()
#5 C:\laragon\www\BALMES-CARINGAL-MANALO-FINALPROJECT\backend\system\BaseModel.php(788): CodeIgniter\Model->doInsert(Array)
#6 C:\laragon\www\BALMES-CARINGAL-MANALO-FINALPROJECT\backend\system\Model.php(715): CodeIgniter\BaseModel->insert(Array, false)
#7 C:\laragon\www\BALMES-CARINGAL-MANALO-FINALPROJECT\backend\system\BaseModel.php(698): CodeIgniter\Model->insert(Array, false)
#8 C:\laragon\www\BALMES-CARINGAL-MANALO-FINALPROJECT\backend\app\Controllers\MainController.php(96): CodeIgniter\BaseModel->save(Array)
#9 C:\laragon\www\BALMES-CARINGAL-MANALO-FINALPROJECT\backend\system\CodeIgniter.php(942): App\Controllers\MainController->booking()
#10 C:\laragon\www\BALMES-CARINGAL-MANALO-FINALPROJECT\backend\system\CodeIgniter.php(502): CodeIgniter\CodeIgniter->runController(Object(App\Controllers\MainController))
#11 C:\laragon\www\BALMES-CARINGAL-MANALO-FINALPROJECT\backend\system\CodeIgniter.php(361): CodeIgniter\CodeIgniter->handleRequest(NULL, Object(Config\Cache), false)
#12 C:\laragon\www\BALMES-CARINGAL-MANALO-FINALPROJECT\backend\public\index.php(86): CodeIgniter\CodeIgniter->run()
#13 C:\laragon\www\BALMES-CARINGAL-MANALO-FINALPROJECT\backend\system\Commands\Server\rewrite.php(47): require_once('C:\\laragon\\www\\...')
#14 {main}
CRITICAL - 2023-11-25 15:42:37 --> Cannot add or update a child row: a foreign key constraint fails (`crud`.`booking`, CONSTRAINT `booking_ibfk_2` FOREIGN KEY (`room_id`) REFERENCES `room` (`room_id`))
in SYSTEMPATH\Database\BaseConnection.php on line 647.
 1 SYSTEMPATH\Database\BaseBuilder.php(2308): CodeIgniter\Database\BaseConnection->query('INSERT INTO `booking` (`id`, `checkin`, `checkout`, `adult`, `child`, `specialRequest`) VALUES (:id:, :checkin:, :checkout:, :adult:, :child:, :specialRequest:)', [...], false)
 2 SYSTEMPATH\Model.php(319): CodeIgniter\Database\BaseBuilder->insert()
 3 SYSTEMPATH\BaseModel.php(788): CodeIgniter\Model->doInsert([...])
 4 SYSTEMPATH\Model.php(715): CodeIgniter\BaseModel->insert([...], false)
 5 SYSTEMPATH\BaseModel.php(698): CodeIgniter\Model->insert([...], false)
 6 APPPATH\Controllers\MainController.php(96): CodeIgniter\BaseModel->save([...])
 7 SYSTEMPATH\CodeIgniter.php(942): App\Controllers\MainController->booking()
 8 SYSTEMPATH\CodeIgniter.php(502): CodeIgniter\CodeIgniter->runController(Object(App\Controllers\MainController))
 9 SYSTEMPATH\CodeIgniter.php(361): CodeIgniter\CodeIgniter->handleRequest(null, Object(Config\Cache), false)
10 FCPATH\index.php(86): CodeIgniter\CodeIgniter->run()
11 SYSTEMPATH\Commands\Server\rewrite.php(47): require_once('C:\\laragon\\www\\BALMES-CARINGAL-MANALO-FINALPROJECT\\backend\\public\\index.php')
ERROR - 2023-11-25 15:43:11 --> mysqli_sql_exception: Cannot add or update a child row: a foreign key constraint fails (`crud`.`booking`, CONSTRAINT `booking_ibfk_2` FOREIGN KEY (`room_id`) REFERENCES `room` (`room_id`)) in C:\laragon\www\BALMES-CARINGAL-MANALO-FINALPROJECT\backend\system\Database\MySQLi\Connection.php:306
Stack trace:
#0 C:\laragon\www\BALMES-CARINGAL-MANALO-FINALPROJECT\backend\system\Database\MySQLi\Connection.php(306): mysqli->query('INSERT INTO `bo...', 0)
#1 C:\laragon\www\BALMES-CARINGAL-MANALO-FINALPROJECT\backend\system\Database\BaseConnection.php(693): CodeIgniter\Database\MySQLi\Connection->execute('INSERT INTO `bo...')
#2 C:\laragon\www\BALMES-CARINGAL-MANALO-FINALPROJECT\backend\system\Database\BaseConnection.php(607): CodeIgniter\Database\BaseConnection->simpleQuery('INSERT INTO `bo...')
#3 C:\laragon\www\BALMES-CARINGAL-MANALO-FINALPROJECT\backend\system\Database\BaseBuilder.php(2308): CodeIgniter\Database\BaseConnection->query('INSERT INTO `bo...', Array, false)
#4 C:\laragon\www\BALMES-CARINGAL-MANALO-FINALPROJECT\backend\system\Model.php(319): CodeIgniter\Database\BaseBuilder->insert()
#5 C:\laragon\www\BALMES-CARINGAL-MANALO-FINALPROJECT\backend\system\BaseModel.php(788): CodeIgniter\Model->doInsert(Array)
#6 C:\laragon\www\BALMES-CARINGAL-MANALO-FINALPROJECT\backend\system\Model.php(715): CodeIgniter\BaseModel->insert(Array, false)
#7 C:\laragon\www\BALMES-CARINGAL-MANALO-FINALPROJECT\backend\system\BaseModel.php(698): CodeIgniter\Model->insert(Array, false)
#8 C:\laragon\www\BALMES-CARINGAL-MANALO-FINALPROJECT\backend\app\Controllers\MainController.php(96): CodeIgniter\BaseModel->save(Array)
#9 C:\laragon\www\BALMES-CARINGAL-MANALO-FINALPROJECT\backend\system\CodeIgniter.php(942): App\Controllers\MainController->booking()
#10 C:\laragon\www\BALMES-CARINGAL-MANALO-FINALPROJECT\backend\system\CodeIgniter.php(502): CodeIgniter\CodeIgniter->runController(Object(App\Controllers\MainController))
#11 C:\laragon\www\BALMES-CARINGAL-MANALO-FINALPROJECT\backend\system\CodeIgniter.php(361): CodeIgniter\CodeIgniter->handleRequest(NULL, Object(Config\Cache), false)
#12 C:\laragon\www\BALMES-CARINGAL-MANALO-FINALPROJECT\backend\public\index.php(86): CodeIgniter\CodeIgniter->run()
#13 C:\laragon\www\BALMES-CARINGAL-MANALO-FINALPROJECT\backend\system\Commands\Server\rewrite.php(47): require_once('C:\\laragon\\www\\...')
#14 {main}
CRITICAL - 2023-11-25 15:43:11 --> Cannot add or update a child row: a foreign key constraint fails (`crud`.`booking`, CONSTRAINT `booking_ibfk_2` FOREIGN KEY (`room_id`) REFERENCES `room` (`room_id`))
in SYSTEMPATH\Database\BaseConnection.php on line 647.
 1 SYSTEMPATH\Database\BaseBuilder.php(2308): CodeIgniter\Database\BaseConnection->query('INSERT INTO `booking` (`id`, `checkin`, `checkout`, `adult`, `child`, `specialRequest`) VALUES (:id:, :checkin:, :checkout:, :adult:, :child:, :specialRequest:)', [...], false)
 2 SYSTEMPATH\Model.php(319): CodeIgniter\Database\BaseBuilder->insert()
 3 SYSTEMPATH\BaseModel.php(788): CodeIgniter\Model->doInsert([...])
 4 SYSTEMPATH\Model.php(715): CodeIgniter\BaseModel->insert([...], false)
 5 SYSTEMPATH\BaseModel.php(698): CodeIgniter\Model->insert([...], false)
 6 APPPATH\Controllers\MainController.php(96): CodeIgniter\BaseModel->save([...])
 7 SYSTEMPATH\CodeIgniter.php(942): App\Controllers\MainController->booking()
 8 SYSTEMPATH\CodeIgniter.php(502): CodeIgniter\CodeIgniter->runController(Object(App\Controllers\MainController))
 9 SYSTEMPATH\CodeIgniter.php(361): CodeIgniter\CodeIgniter->handleRequest(null, Object(Config\Cache), false)
10 FCPATH\index.php(86): CodeIgniter\CodeIgniter->run()
11 SYSTEMPATH\Commands\Server\rewrite.php(47): require_once('C:\\laragon\\www\\BALMES-CARINGAL-MANALO-FINALPROJECT\\backend\\public\\index.php')
ERROR - 2023-11-25 15:43:12 --> mysqli_sql_exception: Cannot add or update a child row: a foreign key constraint fails (`crud`.`booking`, CONSTRAINT `booking_ibfk_2` FOREIGN KEY (`room_id`) REFERENCES `room` (`room_id`)) in C:\laragon\www\BALMES-CARINGAL-MANALO-FINALPROJECT\backend\system\Database\MySQLi\Connection.php:306
Stack trace:
#0 C:\laragon\www\BALMES-CARINGAL-MANALO-FINALPROJECT\backend\system\Database\MySQLi\Connection.php(306): mysqli->query('INSERT INTO `bo...', 0)
#1 C:\laragon\www\BALMES-CARINGAL-MANALO-FINALPROJECT\backend\system\Database\BaseConnection.php(693): CodeIgniter\Database\MySQLi\Connection->execute('INSERT INTO `bo...')
#2 C:\laragon\www\BALMES-CARINGAL-MANALO-FINALPROJECT\backend\system\Database\BaseConnection.php(607): CodeIgniter\Database\BaseConnection->simpleQuery('INSERT INTO `bo...')
#3 C:\laragon\www\BALMES-CARINGAL-MANALO-FINALPROJECT\backend\system\Database\BaseBuilder.php(2308): CodeIgniter\Database\BaseConnection->query('INSERT INTO `bo...', Array, false)
#4 C:\laragon\www\BALMES-CARINGAL-MANALO-FINALPROJECT\backend\system\Model.php(319): CodeIgniter\Database\BaseBuilder->insert()
#5 C:\laragon\www\BALMES-CARINGAL-MANALO-FINALPROJECT\backend\system\BaseModel.php(788): CodeIgniter\Model->doInsert(Array)
#6 C:\laragon\www\BALMES-CARINGAL-MANALO-FINALPROJECT\backend\system\Model.php(715): CodeIgniter\BaseModel->insert(Array, false)
#7 C:\laragon\www\BALMES-CARINGAL-MANALO-FINALPROJECT\backend\system\BaseModel.php(698): CodeIgniter\Model->insert(Array, false)
#8 C:\laragon\www\BALMES-CARINGAL-MANALO-FINALPROJECT\backend\app\Controllers\MainController.php(96): CodeIgniter\BaseModel->save(Array)
#9 C:\laragon\www\BALMES-CARINGAL-MANALO-FINALPROJECT\backend\system\CodeIgniter.php(942): App\Controllers\MainController->booking()
#10 C:\laragon\www\BALMES-CARINGAL-MANALO-FINALPROJECT\backend\system\CodeIgniter.php(502): CodeIgniter\CodeIgniter->runController(Object(App\Controllers\MainController))
#11 C:\laragon\www\BALMES-CARINGAL-MANALO-FINALPROJECT\backend\system\CodeIgniter.php(361): CodeIgniter\CodeIgniter->handleRequest(NULL, Object(Config\Cache), false)
#12 C:\laragon\www\BALMES-CARINGAL-MANALO-FINALPROJECT\backend\public\index.php(86): CodeIgniter\CodeIgniter->run()
#13 C:\laragon\www\BALMES-CARINGAL-MANALO-FINALPROJECT\backend\system\Commands\Server\rewrite.php(47): require_once('C:\\laragon\\www\\...')
#14 {main}
CRITICAL - 2023-11-25 15:43:12 --> Cannot add or update a child row: a foreign key constraint fails (`crud`.`booking`, CONSTRAINT `booking_ibfk_2` FOREIGN KEY (`room_id`) REFERENCES `room` (`room_id`))
in SYSTEMPATH\Database\BaseConnection.php on line 647.
 1 SYSTEMPATH\Database\BaseBuilder.php(2308): CodeIgniter\Database\BaseConnection->query('INSERT INTO `booking` (`id`, `checkin`, `checkout`, `adult`, `child`, `specialRequest`) VALUES (:id:, :checkin:, :checkout:, :adult:, :child:, :specialRequest:)', [...], false)
 2 SYSTEMPATH\Model.php(319): CodeIgniter\Database\BaseBuilder->insert()
 3 SYSTEMPATH\BaseModel.php(788): CodeIgniter\Model->doInsert([...])
 4 SYSTEMPATH\Model.php(715): CodeIgniter\BaseModel->insert([...], false)
 5 SYSTEMPATH\BaseModel.php(698): CodeIgniter\Model->insert([...], false)
 6 APPPATH\Controllers\MainController.php(96): CodeIgniter\BaseModel->save([...])
 7 SYSTEMPATH\CodeIgniter.php(942): App\Controllers\MainController->booking()
 8 SYSTEMPATH\CodeIgniter.php(502): CodeIgniter\CodeIgniter->runController(Object(App\Controllers\MainController))
 9 SYSTEMPATH\CodeIgniter.php(361): CodeIgniter\CodeIgniter->handleRequest(null, Object(Config\Cache), false)
10 FCPATH\index.php(86): CodeIgniter\CodeIgniter->run()
11 SYSTEMPATH\Commands\Server\rewrite.php(47): require_once('C:\\laragon\\www\\BALMES-CARINGAL-MANALO-FINALPROJECT\\backend\\public\\index.php')
ERROR - 2023-11-25 15:43:31 --> mysqli_sql_exception: Cannot add or update a child row: a foreign key constraint fails (`crud`.`booking`, CONSTRAINT `booking_ibfk_2` FOREIGN KEY (`room_id`) REFERENCES `room` (`room_id`)) in C:\laragon\www\BALMES-CARINGAL-MANALO-FINALPROJECT\backend\system\Database\MySQLi\Connection.php:306
Stack trace:
#0 C:\laragon\www\BALMES-CARINGAL-MANALO-FINALPROJECT\backend\system\Database\MySQLi\Connection.php(306): mysqli->query('INSERT INTO `bo...', 0)
#1 C:\laragon\www\BALMES-CARINGAL-MANALO-FINALPROJECT\backend\system\Database\BaseConnection.php(693): CodeIgniter\Database\MySQLi\Connection->execute('INSERT INTO `bo...')
#2 C:\laragon\www\BALMES-CARINGAL-MANALO-FINALPROJECT\backend\system\Database\BaseConnection.php(607): CodeIgniter\Database\BaseConnection->simpleQuery('INSERT INTO `bo...')
#3 C:\laragon\www\BALMES-CARINGAL-MANALO-FINALPROJECT\backend\system\Database\BaseBuilder.php(2308): CodeIgniter\Database\BaseConnection->query('INSERT INTO `bo...', Array, false)
#4 C:\laragon\www\BALMES-CARINGAL-MANALO-FINALPROJECT\backend\system\Model.php(319): CodeIgniter\Database\BaseBuilder->insert()
#5 C:\laragon\www\BALMES-CARINGAL-MANALO-FINALPROJECT\backend\system\BaseModel.php(788): CodeIgniter\Model->doInsert(Array)
#6 C:\laragon\www\BALMES-CARINGAL-MANALO-FINALPROJECT\backend\system\Model.php(715): CodeIgniter\BaseModel->insert(Array, false)
#7 C:\laragon\www\BALMES-CARINGAL-MANALO-FINALPROJECT\backend\system\BaseModel.php(698): CodeIgniter\Model->insert(Array, false)
#8 C:\laragon\www\BALMES-CARINGAL-MANALO-FINALPROJECT\backend\app\Controllers\MainController.php(96): CodeIgniter\BaseModel->save(Array)
#9 C:\laragon\www\BALMES-CARINGAL-MANALO-FINALPROJECT\backend\system\CodeIgniter.php(942): App\Controllers\MainController->booking()
#10 C:\laragon\www\BALMES-CARINGAL-MANALO-FINALPROJECT\backend\system\CodeIgniter.php(502): CodeIgniter\CodeIgniter->runController(Object(App\Controllers\MainController))
#11 C:\laragon\www\BALMES-CARINGAL-MANALO-FINALPROJECT\backend\system\CodeIgniter.php(361): CodeIgniter\CodeIgniter->handleRequest(NULL, Object(Config\Cache), false)
#12 C:\laragon\www\BALMES-CARINGAL-MANALO-FINALPROJECT\backend\public\index.php(86): CodeIgniter\CodeIgniter->run()
#13 C:\laragon\www\BALMES-CARINGAL-MANALO-FINALPROJECT\backend\system\Commands\Server\rewrite.php(47): require_once('C:\\laragon\\www\\...')
#14 {main}
CRITICAL - 2023-11-25 15:43:31 --> Cannot add or update a child row: a foreign key constraint fails (`crud`.`booking`, CONSTRAINT `booking_ibfk_2` FOREIGN KEY (`room_id`) REFERENCES `room` (`room_id`))
in SYSTEMPATH\Database\BaseConnection.php on line 647.
 1 SYSTEMPATH\Database\BaseBuilder.php(2308): CodeIgniter\Database\BaseConnection->query('INSERT INTO `booking` (`id`, `checkin`, `checkout`, `adult`, `child`, `specialRequest`) VALUES (:id:, :checkin:, :checkout:, :adult:, :child:, :specialRequest:)', [...], false)
 2 SYSTEMPATH\Model.php(319): CodeIgniter\Database\BaseBuilder->insert()
 3 SYSTEMPATH\BaseModel.php(788): CodeIgniter\Model->doInsert([...])
 4 SYSTEMPATH\Model.php(715): CodeIgniter\BaseModel->insert([...], false)
 5 SYSTEMPATH\BaseModel.php(698): CodeIgniter\Model->insert([...], false)
 6 APPPATH\Controllers\MainController.php(96): CodeIgniter\BaseModel->save([...])
 7 SYSTEMPATH\CodeIgniter.php(942): App\Controllers\MainController->booking()
 8 SYSTEMPATH\CodeIgniter.php(502): CodeIgniter\CodeIgniter->runController(Object(App\Controllers\MainController))
 9 SYSTEMPATH\CodeIgniter.php(361): CodeIgniter\CodeIgniter->handleRequest(null, Object(Config\Cache), false)
10 FCPATH\index.php(86): CodeIgniter\CodeIgniter->run()
11 SYSTEMPATH\Commands\Server\rewrite.php(47): require_once('C:\\laragon\\www\\BALMES-CARINGAL-MANALO-FINALPROJECT\\backend\\public\\index.php')
ERROR - 2023-11-25 15:52:55 --> mysqli_sql_exception: Cannot add or update a child row: a foreign key constraint fails (`crud`.`booking`, CONSTRAINT `booking_ibfk_2` FOREIGN KEY (`room_id`) REFERENCES `room` (`room_id`)) in C:\laragon\www\BALMES-CARINGAL-MANALO-FINALPROJECT\backend\system\Database\MySQLi\Connection.php:306
Stack trace:
#0 C:\laragon\www\BALMES-CARINGAL-MANALO-FINALPROJECT\backend\system\Database\MySQLi\Connection.php(306): mysqli->query('INSERT INTO `bo...', 0)
#1 C:\laragon\www\BALMES-CARINGAL-MANALO-FINALPROJECT\backend\system\Database\BaseConnection.php(693): CodeIgniter\Database\MySQLi\Connection->execute('INSERT INTO `bo...')
#2 C:\laragon\www\BALMES-CARINGAL-MANALO-FINALPROJECT\backend\system\Database\BaseConnection.php(607): CodeIgniter\Database\BaseConnection->simpleQuery('INSERT INTO `bo...')
#3 C:\laragon\www\BALMES-CARINGAL-MANALO-FINALPROJECT\backend\system\Database\BaseBuilder.php(2308): CodeIgniter\Database\BaseConnection->query('INSERT INTO `bo...', Array, false)
#4 C:\laragon\www\BALMES-CARINGAL-MANALO-FINALPROJECT\backend\system\Model.php(319): CodeIgniter\Database\BaseBuilder->insert()
#5 C:\laragon\www\BALMES-CARINGAL-MANALO-FINALPROJECT\backend\system\BaseModel.php(788): CodeIgniter\Model->doInsert(Array)
#6 C:\laragon\www\BALMES-CARINGAL-MANALO-FINALPROJECT\backend\system\Model.php(715): CodeIgniter\BaseModel->insert(Array, false)
#7 C:\laragon\www\BALMES-CARINGAL-MANALO-FINALPROJECT\backend\system\BaseModel.php(698): CodeIgniter\Model->insert(Array, false)
#8 C:\laragon\www\BALMES-CARINGAL-MANALO-FINALPROJECT\backend\app\Controllers\MainController.php(96): CodeIgniter\BaseModel->save(Array)
#9 C:\laragon\www\BALMES-CARINGAL-MANALO-FINALPROJECT\backend\system\CodeIgniter.php(942): App\Controllers\MainController->booking()
#10 C:\laragon\www\BALMES-CARINGAL-MANALO-FINALPROJECT\backend\system\CodeIgniter.php(502): CodeIgniter\CodeIgniter->runController(Object(App\Controllers\MainController))
#11 C:\laragon\www\BALMES-CARINGAL-MANALO-FINALPROJECT\backend\system\CodeIgniter.php(361): CodeIgniter\CodeIgniter->handleRequest(NULL, Object(Config\Cache), false)
#12 C:\laragon\www\BALMES-CARINGAL-MANALO-FINALPROJECT\backend\public\index.php(86): CodeIgniter\CodeIgniter->run()
#13 C:\laragon\www\BALMES-CARINGAL-MANALO-FINALPROJECT\backend\system\Commands\Server\rewrite.php(47): require_once('C:\\laragon\\www\\...')
#14 {main}
CRITICAL - 2023-11-25 15:52:55 --> Cannot add or update a child row: a foreign key constraint fails (`crud`.`booking`, CONSTRAINT `booking_ibfk_2` FOREIGN KEY (`room_id`) REFERENCES `room` (`room_id`))
in SYSTEMPATH\Database\BaseConnection.php on line 647.
 1 SYSTEMPATH\Database\BaseBuilder.php(2308): CodeIgniter\Database\BaseConnection->query('INSERT INTO `booking` (`id`, `checkin`, `checkout`, `adult`, `child`, `specialRequest`) VALUES (:id:, :checkin:, :checkout:, :adult:, :child:, :specialRequest:)', [...], false)
 2 SYSTEMPATH\Model.php(319): CodeIgniter\Database\BaseBuilder->insert()
 3 SYSTEMPATH\BaseModel.php(788): CodeIgniter\Model->doInsert([...])
 4 SYSTEMPATH\Model.php(715): CodeIgniter\BaseModel->insert([...], false)
 5 SYSTEMPATH\BaseModel.php(698): CodeIgniter\Model->insert([...], false)
 6 APPPATH\Controllers\MainController.php(96): CodeIgniter\BaseModel->save([...])
 7 SYSTEMPATH\CodeIgniter.php(942): App\Controllers\MainController->booking()
 8 SYSTEMPATH\CodeIgniter.php(502): CodeIgniter\CodeIgniter->runController(Object(App\Controllers\MainController))
 9 SYSTEMPATH\CodeIgniter.php(361): CodeIgniter\CodeIgniter->handleRequest(null, Object(Config\Cache), false)
10 FCPATH\index.php(86): CodeIgniter\CodeIgniter->run()
11 SYSTEMPATH\Commands\Server\rewrite.php(47): require_once('C:\\laragon\\www\\BALMES-CARINGAL-MANALO-FINALPROJECT\\backend\\public\\index.php')
ERROR - 2023-11-25 15:53:48 --> mysqli_sql_exception: Cannot add or update a child row: a foreign key constraint fails (`crud`.`booking`, CONSTRAINT `booking_ibfk_2` FOREIGN KEY (`room_id`) REFERENCES `room` (`room_id`)) in C:\laragon\www\BALMES-CARINGAL-MANALO-FINALPROJECT\backend\system\Database\MySQLi\Connection.php:306
Stack trace:
#0 C:\laragon\www\BALMES-CARINGAL-MANALO-FINALPROJECT\backend\system\Database\MySQLi\Connection.php(306): mysqli->query('INSERT INTO `bo...', 0)
#1 C:\laragon\www\BALMES-CARINGAL-MANALO-FINALPROJECT\backend\system\Database\BaseConnection.php(693): CodeIgniter\Database\MySQLi\Connection->execute('INSERT INTO `bo...')
#2 C:\laragon\www\BALMES-CARINGAL-MANALO-FINALPROJECT\backend\system\Database\BaseConnection.php(607): CodeIgniter\Database\BaseConnection->simpleQuery('INSERT INTO `bo...')
#3 C:\laragon\www\BALMES-CARINGAL-MANALO-FINALPROJECT\backend\system\Database\BaseBuilder.php(2308): CodeIgniter\Database\BaseConnection->query('INSERT INTO `bo...', Array, false)
#4 C:\laragon\www\BALMES-CARINGAL-MANALO-FINALPROJECT\backend\system\Model.php(319): CodeIgniter\Database\BaseBuilder->insert()
#5 C:\laragon\www\BALMES-CARINGAL-MANALO-FINALPROJECT\backend\system\BaseModel.php(788): CodeIgniter\Model->doInsert(Array)
#6 C:\laragon\www\BALMES-CARINGAL-MANALO-FINALPROJECT\backend\system\Model.php(715): CodeIgniter\BaseModel->insert(Array, false)
#7 C:\laragon\www\BALMES-CARINGAL-MANALO-FINALPROJECT\backend\system\BaseModel.php(698): CodeIgniter\Model->insert(Array, false)
#8 C:\laragon\www\BALMES-CARINGAL-MANALO-FINALPROJECT\backend\app\Controllers\MainController.php(96): CodeIgniter\BaseModel->save(Array)
#9 C:\laragon\www\BALMES-CARINGAL-MANALO-FINALPROJECT\backend\system\CodeIgniter.php(942): App\Controllers\MainController->booking()
#10 C:\laragon\www\BALMES-CARINGAL-MANALO-FINALPROJECT\backend\system\CodeIgniter.php(502): CodeIgniter\CodeIgniter->runController(Object(App\Controllers\MainController))
#11 C:\laragon\www\BALMES-CARINGAL-MANALO-FINALPROJECT\backend\system\CodeIgniter.php(361): CodeIgniter\CodeIgniter->handleRequest(NULL, Object(Config\Cache), false)
#12 C:\laragon\www\BALMES-CARINGAL-MANALO-FINALPROJECT\backend\public\index.php(86): CodeIgniter\CodeIgniter->run()
#13 C:\laragon\www\BALMES-CARINGAL-MANALO-FINALPROJECT\backend\system\Commands\Server\rewrite.php(47): require_once('C:\\laragon\\www\\...')
#14 {main}
CRITICAL - 2023-11-25 15:53:48 --> Cannot add or update a child row: a foreign key constraint fails (`crud`.`booking`, CONSTRAINT `booking_ibfk_2` FOREIGN KEY (`room_id`) REFERENCES `room` (`room_id`))
in SYSTEMPATH\Database\BaseConnection.php on line 647.
 1 SYSTEMPATH\Database\BaseBuilder.php(2308): CodeIgniter\Database\BaseConnection->query('INSERT INTO `booking` (`id`, `checkin`, `checkout`, `adult`, `child`, `specialRequest`) VALUES (:id:, :checkin:, :checkout:, :adult:, :child:, :specialRequest:)', [...], false)
 2 SYSTEMPATH\Model.php(319): CodeIgniter\Database\BaseBuilder->insert()
 3 SYSTEMPATH\BaseModel.php(788): CodeIgniter\Model->doInsert([...])
 4 SYSTEMPATH\Model.php(715): CodeIgniter\BaseModel->insert([...], false)
 5 SYSTEMPATH\BaseModel.php(698): CodeIgniter\Model->insert([...], false)
 6 APPPATH\Controllers\MainController.php(96): CodeIgniter\BaseModel->save([...])
 7 SYSTEMPATH\CodeIgniter.php(942): App\Controllers\MainController->booking()
 8 SYSTEMPATH\CodeIgniter.php(502): CodeIgniter\CodeIgniter->runController(Object(App\Controllers\MainController))
 9 SYSTEMPATH\CodeIgniter.php(361): CodeIgniter\CodeIgniter->handleRequest(null, Object(Config\Cache), false)
10 FCPATH\index.php(86): CodeIgniter\CodeIgniter->run()
11 SYSTEMPATH\Commands\Server\rewrite.php(47): require_once('C:\\laragon\\www\\BALMES-CARINGAL-MANALO-FINALPROJECT\\backend\\public\\index.php')
ERROR - 2023-11-25 16:05:14 --> mysqli_sql_exception: Cannot add or update a child row: a foreign key constraint fails (`crud`.`booking`, CONSTRAINT `booking_ibfk_2` FOREIGN KEY (`room_id`) REFERENCES `room` (`room_id`)) in C:\laragon\www\BALMES-CARINGAL-MANALO-FINALPROJECT\backend\system\Database\MySQLi\Connection.php:306
Stack trace:
#0 C:\laragon\www\BALMES-CARINGAL-MANALO-FINALPROJECT\backend\system\Database\MySQLi\Connection.php(306): mysqli->query('INSERT INTO `bo...', 0)
#1 C:\laragon\www\BALMES-CARINGAL-MANALO-FINALPROJECT\backend\system\Database\BaseConnection.php(693): CodeIgniter\Database\MySQLi\Connection->execute('INSERT INTO `bo...')
#2 C:\laragon\www\BALMES-CARINGAL-MANALO-FINALPROJECT\backend\system\Database\BaseConnection.php(607): CodeIgniter\Database\BaseConnection->simpleQuery('INSERT INTO `bo...')
#3 C:\laragon\www\BALMES-CARINGAL-MANALO-FINALPROJECT\backend\system\Database\BaseBuilder.php(2308): CodeIgniter\Database\BaseConnection->query('INSERT INTO `bo...', Array, false)
#4 C:\laragon\www\BALMES-CARINGAL-MANALO-FINALPROJECT\backend\system\Model.php(319): CodeIgniter\Database\BaseBuilder->insert()
#5 C:\laragon\www\BALMES-CARINGAL-MANALO-FINALPROJECT\backend\system\BaseModel.php(788): CodeIgniter\Model->doInsert(Array)
#6 C:\laragon\www\BALMES-CARINGAL-MANALO-FINALPROJECT\backend\system\Model.php(715): CodeIgniter\BaseModel->insert(Array, false)
#7 C:\laragon\www\BALMES-CARINGAL-MANALO-FINALPROJECT\backend\system\BaseModel.php(698): CodeIgniter\Model->insert(Array, false)
#8 C:\laragon\www\BALMES-CARINGAL-MANALO-FINALPROJECT\backend\app\Controllers\MainController.php(96): CodeIgniter\BaseModel->save(Array)
#9 C:\laragon\www\BALMES-CARINGAL-MANALO-FINALPROJECT\backend\system\CodeIgniter.php(942): App\Controllers\MainController->booking()
#10 C:\laragon\www\BALMES-CARINGAL-MANALO-FINALPROJECT\backend\system\CodeIgniter.php(502): CodeIgniter\CodeIgniter->runController(Object(App\Controllers\MainController))
#11 C:\laragon\www\BALMES-CARINGAL-MANALO-FINALPROJECT\backend\system\CodeIgniter.php(361): CodeIgniter\CodeIgniter->handleRequest(NULL, Object(Config\Cache), false)
#12 C:\laragon\www\BALMES-CARINGAL-MANALO-FINALPROJECT\backend\public\index.php(86): CodeIgniter\CodeIgniter->run()
#13 C:\laragon\www\BALMES-CARINGAL-MANALO-FINALPROJECT\backend\system\Commands\Server\rewrite.php(47): require_once('C:\\laragon\\www\\...')
#14 {main}
CRITICAL - 2023-11-25 16:05:14 --> Cannot add or update a child row: a foreign key constraint fails (`crud`.`booking`, CONSTRAINT `booking_ibfk_2` FOREIGN KEY (`room_id`) REFERENCES `room` (`room_id`))
in SYSTEMPATH\Database\BaseConnection.php on line 647.
 1 SYSTEMPATH\Database\BaseBuilder.php(2308): CodeIgniter\Database\BaseConnection->query('INSERT INTO `booking` (`id`, `checkin`, `checkout`, `adult`, `child`, `specialRequest`) VALUES (:id:, :checkin:, :checkout:, :adult:, :child:, :specialRequest:)', [...], false)
 2 SYSTEMPATH\Model.php(319): CodeIgniter\Database\BaseBuilder->insert()
 3 SYSTEMPATH\BaseModel.php(788): CodeIgniter\Model->doInsert([...])
 4 SYSTEMPATH\Model.php(715): CodeIgniter\BaseModel->insert([...], false)
 5 SYSTEMPATH\BaseModel.php(698): CodeIgniter\Model->insert([...], false)
 6 APPPATH\Controllers\MainController.php(96): CodeIgniter\BaseModel->save([...])
 7 SYSTEMPATH\CodeIgniter.php(942): App\Controllers\MainController->booking()
 8 SYSTEMPATH\CodeIgniter.php(502): CodeIgniter\CodeIgniter->runController(Object(App\Controllers\MainController))
 9 SYSTEMPATH\CodeIgniter.php(361): CodeIgniter\CodeIgniter->handleRequest(null, Object(Config\Cache), false)
10 FCPATH\index.php(86): CodeIgniter\CodeIgniter->run()
11 SYSTEMPATH\Commands\Server\rewrite.php(47): require_once('C:\\laragon\\www\\BALMES-CARINGAL-MANALO-FINALPROJECT\\backend\\public\\index.php')
ERROR - 2023-11-25 16:05:50 --> mysqli_sql_exception: Cannot add or update a child row: a foreign key constraint fails (`crud`.`booking`, CONSTRAINT `booking_ibfk_2` FOREIGN KEY (`room_id`) REFERENCES `room` (`room_id`)) in C:\laragon\www\BALMES-CARINGAL-MANALO-FINALPROJECT\backend\system\Database\MySQLi\Connection.php:306
Stack trace:
#0 C:\laragon\www\BALMES-CARINGAL-MANALO-FINALPROJECT\backend\system\Database\MySQLi\Connection.php(306): mysqli->query('INSERT INTO `bo...', 0)
#1 C:\laragon\www\BALMES-CARINGAL-MANALO-FINALPROJECT\backend\system\Database\BaseConnection.php(693): CodeIgniter\Database\MySQLi\Connection->execute('INSERT INTO `bo...')
#2 C:\laragon\www\BALMES-CARINGAL-MANALO-FINALPROJECT\backend\system\Database\BaseConnection.php(607): CodeIgniter\Database\BaseConnection->simpleQuery('INSERT INTO `bo...')
#3 C:\laragon\www\BALMES-CARINGAL-MANALO-FINALPROJECT\backend\system\Database\BaseBuilder.php(2308): CodeIgniter\Database\BaseConnection->query('INSERT INTO `bo...', Array, false)
#4 C:\laragon\www\BALMES-CARINGAL-MANALO-FINALPROJECT\backend\system\Model.php(319): CodeIgniter\Database\BaseBuilder->insert()
#5 C:\laragon\www\BALMES-CARINGAL-MANALO-FINALPROJECT\backend\system\BaseModel.php(788): CodeIgniter\Model->doInsert(Array)
#6 C:\laragon\www\BALMES-CARINGAL-MANALO-FINALPROJECT\backend\system\Model.php(715): CodeIgniter\BaseModel->insert(Array, false)
#7 C:\laragon\www\BALMES-CARINGAL-MANALO-FINALPROJECT\backend\system\BaseModel.php(698): CodeIgniter\Model->insert(Array, false)
#8 C:\laragon\www\BALMES-CARINGAL-MANALO-FINALPROJECT\backend\app\Controllers\MainController.php(96): CodeIgniter\BaseModel->save(Array)
#9 C:\laragon\www\BALMES-CARINGAL-MANALO-FINALPROJECT\backend\system\CodeIgniter.php(942): App\Controllers\MainController->booking()
#10 C:\laragon\www\BALMES-CARINGAL-MANALO-FINALPROJECT\backend\system\CodeIgniter.php(502): CodeIgniter\CodeIgniter->runController(Object(App\Controllers\MainController))
#11 C:\laragon\www\BALMES-CARINGAL-MANALO-FINALPROJECT\backend\system\CodeIgniter.php(361): CodeIgniter\CodeIgniter->handleRequest(NULL, Object(Config\Cache), false)
#12 C:\laragon\www\BALMES-CARINGAL-MANALO-FINALPROJECT\backend\public\index.php(86): CodeIgniter\CodeIgniter->run()
#13 C:\laragon\www\BALMES-CARINGAL-MANALO-FINALPROJECT\backend\system\Commands\Server\rewrite.php(47): require_once('C:\\laragon\\www\\...')
#14 {main}
CRITICAL - 2023-11-25 16:05:50 --> Cannot add or update a child row: a foreign key constraint fails (`crud`.`booking`, CONSTRAINT `booking_ibfk_2` FOREIGN KEY (`room_id`) REFERENCES `room` (`room_id`))
in SYSTEMPATH\Database\BaseConnection.php on line 647.
 1 SYSTEMPATH\Database\BaseBuilder.php(2308): CodeIgniter\Database\BaseConnection->query('INSERT INTO `booking` (`id`, `checkin`, `checkout`, `adult`, `child`, `specialRequest`) VALUES (:id:, :checkin:, :checkout:, :adult:, :child:, :specialRequest:)', [...], false)
 2 SYSTEMPATH\Model.php(319): CodeIgniter\Database\BaseBuilder->insert()
 3 SYSTEMPATH\BaseModel.php(788): CodeIgniter\Model->doInsert([...])
 4 SYSTEMPATH\Model.php(715): CodeIgniter\BaseModel->insert([...], false)
 5 SYSTEMPATH\BaseModel.php(698): CodeIgniter\Model->insert([...], false)
 6 APPPATH\Controllers\MainController.php(96): CodeIgniter\BaseModel->save([...])
 7 SYSTEMPATH\CodeIgniter.php(942): App\Controllers\MainController->booking()
 8 SYSTEMPATH\CodeIgniter.php(502): CodeIgniter\CodeIgniter->runController(Object(App\Controllers\MainController))
 9 SYSTEMPATH\CodeIgniter.php(361): CodeIgniter\CodeIgniter->handleRequest(null, Object(Config\Cache), false)
10 FCPATH\index.php(86): CodeIgniter\CodeIgniter->run()
11 SYSTEMPATH\Commands\Server\rewrite.php(47): require_once('C:\\laragon\\www\\BALMES-CARINGAL-MANALO-FINALPROJECT\\backend\\public\\index.php')
